11:12:00 Event RX Timeout,,,,
11:12:00 Event RX Timeout,,,,
11:12:00 Event RX Timeout,,,,
11:12:03 Event RX Timeout,,,,
11:12:07 Event RX Timeout,,,,
11:12:11 Event RX Timeout,,,,
11:12:15 Event RX Timeout,,,,
11:12:19 Event RX Timeout,,,,
11:12:23 Event RX Timeout,,,,
11:12:27 Event RX Timeout,,,,
11:12:31 Event RX Timeout,,,,
11:12:35 Event RX Timeout,,,,
11:12:39 Event RX Timeout,,,,
11:12:43 Event RX Timeout,,,,
11:12:47 Event RX Timeout,,,,
11:12:51 Event RX Timeout,,,,
11:12:55 Event RX Timeout,,,,
11:12:59 Event RX Timeout,,,,
11:13:01 nX05,-26,13
11:13:04 Event RX Timeout,,,,
11:13:05 nX05,370,102272,66524,-24,13
11:13:06 nX05,369,102272,66491,-23,12
11:13:06 nX05,369,102272,66511,-23,13
11:13:07 nX05,369,102271,66498,-29,12
11:13:07 nX05,370,102271,66504,-29,12
11:13:08 nX05,370,102269,66498,-26,13
11:13:08 nX05,370,102272,66511,-27,13
11:13:09 nX05,370,102272,66498,-38,12
11:13:09 nX05,371,102272,66498,-27,12
11:13:10 nX05,371,102274,66484,-26,13
11:13:10 nX05,371,102274,66491,-26,13
11:13:11 nX05,371,102276,66464,-26,12
11:13:12 nX05,370,102276,66471,-26,13
11:13:12 nX05,370,102274,66464,-33,13
11:13:13 nX05,370,102274,66471,-35,13
11:13:13 nX05,370,102272,66471,-31,13
11:13:14 nX05,371,102271,66484,-29,13
11:13:14 nX05,371,102271,66471,-29,12
11:13:15 nX05,371,102271,66471,-29,13
11:13:15 nX05,371,102271,66478,-29,12
11:13:16 nX05,371,102271,66464,-29,13
11:13:16 nX05,371,102271,66464,-30,12
11:13:17 nX05,371,102271,66451,-29,12
11:13:17 nX05,371,102271,66451,-30,12
11:13:18 nX05,371,102271,66444,-31,13
11:13:19 nX05,371,102271,66437,-31,13
11:13:19 nX05,371,102271,66444,-30,13
11:13:20 nX05,371,102271,66444,-30,13
11:13:20 nX05,371,102271,66444,-29,13
11:13:21 nX05,371,102271,66437,-30,12
11:13:21 nX05,371,102271,66444,-28,13
11:13:22 nX05,371,102271,66437,-29,13
11:13:22 nX05,371,102271,66431,-29,12
11:13:23 nX05,371,102272,66431,-28,13
11:13:23 nX05,371,102272,66408,-27,13
11:13:24 nX05,371,102271,66422,-27,13
11:13:25 nX05,371,102271,66431,-26,12
11:13:25 nX05,371,102271,66415,-29,13
11:13:26 nX05,371,102271,66422,-30,12
11:13:26 nX05,371,102272,66422,-30,13
11:13:27 nX05,371,102272,66415,-30,12
11:13:27 nX05,371,102272,66408,-30,13
11:13:28 nX05,371,102272,66401,-30,12
11:13:28 nX05,371,102271,66408,-28,12
11:13:29 nX05,371,102272,66408,-28,13
11:13:29 nX05,371,102272,66401,-28,13
11:13:30 nX05,371,102272,66388,-28,14
11:13:30 nX05,371,102272,66395,-29,12
11:13:31 nX05,371,102272,66401,-29,12
11:13:32 nX05,371,102271,66395,-29,12
11:13:32 nX05,371,102272,66388,-28,14
11:13:33 nX05,371,102272,66388,-28,13
11:13:33 nX05,371,102272,66388,-28,14
11:13:34 nX05,371,102272,66388,-27,13
11:13:34 nX05,371,102272,66381,-26,14
11:13:38 Event RX Timeout,,,,
11:13:41 Event RX Timeout,,,,
11:13:44 Event RX Timeout,,,,
11:13:47 Event RX Timeout,,,,
11:13:50 Event RX Timeout,,,,
11:13:53 Event RX Timeout,,,,
11:13:56 Event RX Timeout,,,,
11:13:59 Event RX Timeout,,,,
11:14:02 Event RX Timeout,,,,
11:14:05 Event RX Timeout,,,,
11:14:08 Event RX Timeout,,,,
11:14:11 Event RX Timeout,,,,
11:14:14 Event RX Timeout,,,,
11:14:17 Event RX Timeout,,,,
11:14:20 Event RX Timeout,,,,
11:14:23 Event RX Timeout,,,,
11:14:26 Event RX Timeout,,,,
11:14:29 Event RX Timeout,,,,
11:14:32 Event RX Timeout,,,,
11:14:35 Event RX Timeout,,,,
11:14:38 Event RX Timeout,,,,
11:14:41 Event RX Timeout,,,,
11:14:44 Event RX Timeout,,,,
11:14:47 Event RX Timeout,,,,
11:14:50 Event RX Timeout,,,,
11:14:53 Event RX Timeout,,,,
11:14:56 Event RX Timeout,,,,
11:14:59 Event RX Timeout,,,,
11:15:02 Event RX Timeout,,,,
11:15:05 Event RX Timeout,,,,
11:15:08 Event RX Timeout,,,,
11:15:11 Event RX Timeout,,,,
11:15:14 Event RX Timeout,,,,
11:15:17 Event RX Timeout,,,,
11:15:20 Event RX Timeout,,,,
11:15:23 Event RX Timeout,,,,
11:15:26 Event RX Timeout,,,,
11:15:29 Event RX Timeout,,,,
11:15:32 Event RX Timeout,,,,
11:15:36 Event RX Timeout,,,,
11:15:39 Event RX Timeout,,,,
11:15:42 Event RX Timeout,,,,
11:15:45 Event RX Timeout,,,,
11:15:48 Event RX Timeout,,,,
11:15:51 Event RX Timeout,,,,
11:15:54 Event RX Timeout,,,,
11:15:57 Event RX Timeout,,,,
11:16:00 Event RX Timeout,,,,
11:16:03 Event RX Timeout,,,,
11:16:06 Event RX Timeout,,,,
11:16:09 Event RX Timeout,,,,
11:16:12 Event RX Timeout,,,,
11:16:15 Event RX Timeout,,,,
11:16:18 Event RX Timeout,,,,
11:16:21 Event RX Timeout,,,,
11:16:24 Event RX Timeout,,,,
11:16:27 Event RX Timeout,,,,
11:16:30 Event RX Timeout,,,,
11:16:33 Event RX Timeout,,,,
11:16:36 Event RX Timeout,,,,
11:16:39 Event RX Timeout,,,,
11:16:42 Event RX Timeout,,,,
11:16:45 Event RX Timeout,,,,
11:16:48 Event RX Timeout,,,,
11:16:51 Event RX Timeout,,,,
11:16:54 Event RX Timeout,,,,
11:16:57 Event RX Timeout,,,,
11:17:00 Event RX Timeout,,,,
11:17:03 Event RX Timeout,,,,
11:17:06 Event RX Timeout,,,,
11:17:09 Event RX Timeout,,,,
11:17:12 Event RX Timeout,,,,
11:17:15 Event RX Timeout,,,,
11:17:18 Event RX Timeout,,,,
11:17:21 Event RX Timeout,,,,
11:17:24 Event RX Timeout,,,,
11:17:27 Event RX Timeout,,,,
11:17:30 Event RX Timeout,,,,
11:17:33 Event RX Timeout,,,,
11:17:36 Event RX Timeout,,,,
11:17:39 Event RX Timeout,,,,
11:17:42 Event RX Timeout,,,,
11:17:46 Event RX Timeout,,,,
11:17:49 Event RX Timeout,,,,
11:17:52 Event RX Timeout,,,,
11:17:55 Event RX Timeout,,,,
11:18:09 Event RX Timeout,,,,
11:18:12 Event RX Timeout,,,,
11:18:14 iOuC,374,102352,66226,-86,12
11:18:14 iOuC,372,102354,66180,-85,13
11:18:15 iOuC,372,102352,66174,-86,13
11:18:15 iOuC,372,102352,66167,-83,12
11:18:16 iOuC,372,102348,66167,-86,12
11:18:16 iOuC,372,102350,66167,-94,10
11:18:17 iOuC,372,102348,66161,-81,12
11:18:17 iOuC,372,102348,66154,-89,12
11:18:18 iOuC,372,102346,66167,-80,12
11:18:19 iOuC,372,102346,66154,-82,13
11:18:19 iOuC,372,102346,66154,-81,12
11:18:20 iOuC,372,102344,66141,-78,12
11:18:20 iOuC,372,102344,66134,-78,12
11:18:21 iOuC,372,102342,66141,-87,12
11:18:21 iOuC,372,102342,66127,-88,13
11:18:22 iOuC,372,102344,66134,-84,12
11:18:22 iOuC,372,102344,66127,-79,13
11:18:23 iOuC,372,102344,66134,-78,12
11:18:23 iOuC,372,102344,66127,-82,13
11:18:24 iOuC,372,102344,66114,-81,13
11:18:25 iOuC,372,102344,66127,-81,13
11:18:25 iOuC,372,102344,66114,-88,13
11:18:26 iOuC,372,102344,66114,-83,13
11:18:26 iOuC,373,102342,66107,-82,12
11:18:27 iOuC,372,102342,66114,-95,10
11:18:27 iOuC,372,102342,66114,-94,11
11:18:28 iOuC,373,102340,66101,-100,7
11:18:28 iOuC,373,102340,66107,-96,10
11:18:29 iOuC,373,102340,66101,-84,12
11:18:29 iOuC,373,102342,66101,-93,11
11:18:30 iOuC,373,102342,66101,-102,6
11:18:30 iOuC,373,102342,66094,-91,11
11:18:31 iOuC,373,102342,66081,-90,12
11:18:32 iOuC,373,102342,66087,-94,11
11:18:32 iOuC,373,102340,66087,-94,11
11:18:33 iOuC,373,102342,66087,-98,10
11:18:33 iOuC,373,102342,66081,-96,10
11:18:34 iOuC,373,102342,66074,-92,12
11:18:34 iOuC,373,102340,66081,-97,10
11:18:35 iOuC,373,102340,66081,-96,10
11:18:35 iOuC,373,102340,66074,-87,12
11:18:36 iOuC,373,102342,66061,-102,6
11:18:36 iOuC,373,102342,66074,-77,13
11:18:37 iOuC,373,102342,66067,-78,12
11:18:37 iOuC,373,102342,66067,-88,12
11:18:38 iOuC,373,102342,66067,-88,13
11:18:39 iOuC,373,102342,66061,-85,13
11:18:39 iOuC,373,102342,66061,-89,12
11:18:40 iOuC,373,102342,66054,-80,12
11:18:40 iOuC,373,102342,66054,-80,12
11:18:41 iOuC,373,102342,66061,-83,13
11:18:41 iOuC,373,102342,66047,-79,12
11:18:42 iOuC,373,102342,66061,-80,12
11:18:42 iOuC,373,102342,66041,-79,12
11:18:43 iOuC,373,102342,66041,-80,13
11:18:43 iOuC,373,102342,66041,-80,12
11:18:44 iOuC,373,102342,66034,-79,12
11:18:45 iOuC,373,102342,66041,-79,12
11:18:45 iOuC,373,102342,66027,-79,13
11:18:46 iOuC,373,102342,66027,-78,12
11:18:46 iOuC,373,102342,66034,-78,12
11:18:47 iOuC,373,102342,66021,-79,13
11:18:47 iOuC,373,102342,66027,-79,12
11:18:48 iOuC,373,102342,66021,-78,12
11:18:48 iOuC,373,102342,66034,-85,13
11:18:49 iOuC,373,102342,66027,-85,13
11:18:49 iOuC,373,102340,66014,-83,13
11:18:50 iOuC,373,102340,66007,-85,12
11:18:50 iOuC,373,102340,66021,-94,11
11:18:51 iOuC,373,102340,66021,-78,12
11:18:52 iOuC,373,102340,66021,-84,12
11:18:52 iOuC,373,102340,66007,-86,12
11:18:53 iOuC,373,102340,66001,-87,11
11:18:53 iOuC,373,102342,66007,-82,13
11:18:54 iOuC,373,102342,66001,-85,13
11:18:54 iOuC,373,102340,66014,-81,13
11:18:55 iOuC,373,102340,66007,-84,12
11:18:55 iOuC,373,102340,66007,-78,12
11:18:56 iOuC,373,102340,66001,-82,12
11:18:56 iOuC,373,102340,65981,-84,12
11:18:57 iOuC,373,102338,66014,-80,13
11:18:58 iOuC,373,102340,66001,-79,12
11:18:58 iOuC,373,102340,65994,-80,13
11:18:59 iOuC,373,102340,66007,-92,12
11:18:59 iOuC,373,102338,66001,-78,12
11:19:00 iOuC,373,102338,65974,-94,11
11:19:00 iOuC,373,102338,66001,-91,12
11:19:01 iOuC,373,102338,65987,-98,9
11:19:01 iOuC,373,102338,65974,-100,8
11:19:02 iOuC,373,102338,65987,-94,11
11:19:02 iOuC,373,102338,65981,-91,12
11:19:03 iOuC,373,102338,65981,-97,10
11:19:03 iOuC,373,102338,65981,-90,12
11:19:04 iOuC,373,102336,65994,-94,12
11:19:05 iOuC,373,102336,65981,-88,13
11:19:05 iOuC,373,102336,65974,-96,10
11:19:06 iOuC,373,102336,65981,-94,12
11:19:06 iOuC,373,102336,65974,-80,13
11:19:07 iOuC,373,102336,65974,-80,12
11:19:07 iOuC,373,102336,65974,-84,12
11:19:08 iOuC,373,102336,65961,-81,12
11:19:08 iOuC,373,102336,65954,-79,12
11:19:09 iOuC,373,102338,65981,-80,12
11:19:09 iOuC,373,102336,65974,-79,13
11:19:10 iOuC,373,102336,65968,-79,12
11:19:10 iOuC,373,102338,65968,-78,13
11:19:11 iOuC,373,102336,65968,-79,13
11:19:12 iOuC,373,102336,65981,-78,13
11:19:12 iOuC,373,102336,65961,-80,12
11:19:13 iOuC,373,102336,65954,-81,12
11:19:13 iOuC,373,102336,65961,-80,12
11:19:14 iOuC,372,102338,65961,-83,13
11:19:14 iOuC,372,102338,65961,-81,12
11:19:15 iOuC,372,102338,65961,-81,12
11:19:15 iOuC,372,102338,65947,-83,12
11:19:16 iOuC,372,102336,65961,-83,13
11:19:16 iOuC,372,102338,65954,-83,12
11:19:17 iOuC,372,102336,65947,-82,13
11:19:18 iOuC,372,102336,65947,-84,13
11:19:18 iOuC,372,102336,65947,-83,12
11:19:19 iOuC,372,102336,65954,-82,13
11:19:19 iOuC,372,102338,65954,-84,13
11:19:20 iOuC,372,102338,65947,-83,13
11:19:20 iOuC,372,102338,65947,-83,13
11:19:21 iOuC,372,102338,65954,-82,13
11:19:21 iOuC,372,102338,65941,-82,12
11:19:22 iOuC,372,102338,65934,-81,13
11:19:22 iOuC,372,102338,65941,-81,12
11:19:23 iOuC,372,102338,65941,-80,12
11:19:23 iOuC,372,102338,65941,-82,12
11:19:24 iOuC,372,102338,65941,-81,12
11:19:25 iOuC,372,102338,65941,-81,12
11:19:25 iOuC,372,102338,65941,-81,12
11:19:26 iOuC,372,102338,65941,-80,12
11:19:26 iOuC,372,102336,65941,-81,13
11:19:27 iOuC,372,102336,65934,-81,12
11:19:27 iOuC,372,102338,65927,-82,13
11:19:28 iOuC,372,102338,65941,-80,12
11:19:28 iOuC,372,102338,65947,-85,13
11:19:29 iOuC,372,102338,65941,-88,12
11:19:29 iOuC,372,102336,65921,-78,13
11:19:30 iOuC,372,102338,65921,-83,12
11:19:30 iOuC,372,102336,65927,-86,12
11:19:31 iOuC,372,102334,65941,-86,12
11:19:32 iOuC,372,102334,65921,-86,12
11:19:32 iOuC,372,102336,65934,-90,12
11:19:33 iOuC,372,102336,65927,-92,11
11:19:33 iOuC,372,102336,65927,-92,11
11:19:34 iOuC,372,102336,65921,-91,12
11:19:34 iOuC,372,102336,65927,-91,12
11:19:35 iOuC,372,102336,65934,-88,13
11:19:35 iOuC,372,102334,65941,-87,12
11:19:36 iOuC,372,102336,65927,-87,12
11:19:36 iOuC,372,102336,65921,-88,12
11:19:37 iOuC,372,102334,65927,-88,13
11:19:38 iOuC,372,102334,65921,-88,13
11:19:38 iOuC,372,102336,65914,-87,13
11:19:39 iOuC,372,102334,65914,-88,14
11:19:39 iOuC,372,102334,65907,-87,12
11:19:40 iOuC,372,102332,65921,-87,12
11:19:40 iOuC,372,102332,65921,-87,12
11:19:41 iOuC,372,102334,65914,-89,12
11:19:41 iOuC,372,102334,65921,-90,12
11:19:42 iOuC,372,102334,65914,-91,13
11:19:42 iOuC,372,102334,65907,-91,12
11:19:43 iOuC,372,102334,65914,-89,13
11:19:43 iOuC,372,102334,65921,-87,13
11:19:44 iOuC,372,102334,65907,-89,13
11:19:45 iOuC,372,102334,65907,-88,13
11:19:45 iOuC,372,102336,65914,-88,13
11:19:46 iOuC,372,102336,65901,-89,12
11:19:49 Event RX Timeout,,,,
11:19:50 iOuC,373,102338,65961,-81,12
11:19:51 iOuC,371,102338,65902,-82,12
11:19:51 iOuC,370,102338,65902,-81,13
11:19:52 iOuC,370,102340,65895,-81,12
11:19:52 iOuC,370,102338,65902,-80,12
11:19:53 iOuC,371,102338,65902,-79,13
11:19:53 iOuC,371,102338,65888,-80,13
11:19:54 iOuC,371,102338,65902,-79,12
11:19:54 iOuC,371,102338,65908,-79,12
11:19:55 iOuC,371,102338,65902,-80,12
11:19:56 iOuC,371,102338,65895,-79,13
11:19:56 iOuC,371,102338,65902,-80,12
11:19:57 iOuC,371,102338,65902,-80,12
11:19:57 iOuC,371,102338,65902,-80,12
11:19:58 iOuC,371,102338,65908,-79,13
11:19:58 iOuC,371,102338,65895,-79,13
11:19:59 iOuC,371,102338,65895,-79,12
11:19:59 iOuC,371,102338,65895,-79,12
11:20:00 iOuC,371,102338,65902,-79,12
11:20:00 iOuC,371,102340,65895,-80,12
11:20:01 iOuC,371,102338,65882,-79,13
11:20:01 iOuC,371,102340,65888,-79,13
11:20:02 iOuC,371,102340,65888,-81,13
11:20:03 iOuC,370,102340,65895,-81,12
11:20:03 iOuC,370,102338,65895,-81,12
11:20:04 iOuC,370,102340,65888,-82,13
11:20:04 iOuC,371,102342,65902,-84,12
11:20:05 iOuC,370,102340,65888,-84,12
11:20:05 iOuC,370,102340,65895,-84,12
11:20:06 iOuC,370,102342,65882,-83,13
11:20:06 iOuC,370,102342,65888,-82,13
11:20:07 iOuC,370,102342,65882,-82,14
11:20:07 iOuC,370,102342,65882,-81,13
11:20:08 iOuC,370,102342,65895,-80,12
11:20:08 iOuC,370,102340,65882,-80,12
11:20:09 iOuC,370,102340,65882,-79,12
11:20:10 iOuC,370,102342,65862,-80,13
11:20:10 iOuC,370,102340,65875,-80,12
11:20:11 iOuC,370,102340,65888,-81,12
11:20:11 iOuC,370,102338,65875,-80,12
11:20:12 iOuC,370,102340,65869,-80,12
11:20:12 iOuC,370,102338,65869,-81,12
11:20:13 iOuC,370,102340,65882,-81,12
11:20:13 iOuC,370,102338,65869,-80,12
11:20:14 iOuC,370,102338,65875,-80,13
11:20:14 iOuC,370,102340,65862,-80,12
11:20:15 iOuC,370,102338,65875,-82,13
11:20:16 iOuC,370,102334,65855,-82,13
11:20:16 iOuC,370,102336,65882,-82,13
11:20:17 iOuC,370,102336,65862,-82,13
11:20:17 iOuC,370,102336,65869,-83,12
11:20:18 iOuC,370,102338,65869,-89,12
11:20:18 iOuC,370,102338,65862,-99,8
11:20:19 iOuC,370,102340,65875,-94,9
11:20:19 iOuC,370,102336,65869,-96,8
11:20:20 iOuC,370,102336,65862,-100,8
11:20:23 Event RX Timeout,,,,
11:20:24 iOuC,371,102338,65928,-81,13
11:20:25 iOuC,369,102336,65875,-82,13
11:20:25 iOuC,369,102336,65869,-87,12
11:20:26 iOuC,369,102338,65869,-90,12
11:20:26 iOuC,369,102338,65888,-94,11
11:20:27 iOuC,369,102336,65869,-92,11
11:20:28 iOuC,369,102336,65875,-90,12
11:20:28 iOuC,369,102336,65875,-90,12
11:20:29 iOuC,370,102336,65882,-81,13
11:20:29 iOuC,370,102336,65875,-81,13
11:20:30 iOuC,370,102336,65882,-83,12
11:20:30 iOuC,370,102336,65882,-87,12
11:20:31 iOuC,370,102334,65882,-85,13
11:20:31 iOuC,370,102334,65895,-83,12
11:20:32 iOuC,370,102334,65882,-80,12
11:20:32 iOuC,370,102334,65888,-88,13
11:20:33 iOuC,370,102334,65888,-83,13
11:20:34 iOuC,370,102334,65888,-81,13
11:20:34 iOuC,370,102336,65888,-82,13
11:20:35 iOuC,370,102334,65882,-83,13
11:20:35 iOuC,370,102334,65902,-83,13
11:20:36 iOuC,370,102334,65888,-82,13
11:20:36 iOuC,370,102334,65882,-82,13
11:20:37 iOuC,370,102334,65895,-81,13
11:20:37 iOuC,370,102336,65902,-82,13
11:20:38 iOuC,370,102336,65895,-82,13
11:20:38 iOuC,370,102336,65895,-82,13
11:20:39 iOuC,370,102334,65895,-77,13
11:20:39 iOuC,370,102332,65888,-81,12
11:20:40 iOuC,370,102332,65882,-84,13
11:20:41 iOuC,370,102332,65895,-82,12
11:20:41 iOuC,370,102332,65902,-84,12
11:20:42 iOuC,370,102332,65902,-83,12
11:20:42 iOuC,370,102332,65902,-85,13
11:20:43 iOuC,370,102332,65902,-101,7
11:20:43 iOuC,370,102332,65902,-97,10
11:20:44 iOuC,370,102334,65895,-94,11
11:20:44 iOuC,370,102334,65915,-91,12
11:20:45 iOuC,370,102334,65888,-93,12
11:20:45 iOuC,370,102334,65915,-92,12
11:20:46 iOuC,370,102334,65895,-91,12
11:20:46 iOuC,370,102336,65895,-88,13
11:20:47 iOuC,370,102336,65908,-87,12
11:20:48 iOuC,370,102336,65908,-86,12
11:20:48 iOuC,370,102336,65902,-87,12
11:20:49 iOuC,370,102336,65908,-88,12
11:20:49 iOuC,370,102334,65902,-87,12
11:20:50 iOuC,370,102336,65908,-87,12
11:20:50 iOuC,370,102334,65908,-88,13
11:20:51 iOuC,370,102334,65908,-88,13
11:20:51 iOuC,371,102334,65915,-88,13
11:20:52 iOuC,371,102332,65908,-86,12
11:20:52 iOuC,371,102332,65928,-86,13
11:20:53 iOuC,371,102332,65902,-88,12
11:20:53 iOuC,371,102332,65928,-87,12
11:20:54 iOuC,371,102332,65915,-86,12
11:20:55 iOuC,371,102332,65915,-87,12
11:20:55 iOuC,371,102332,65922,-87,12
11:20:56 iOuC,371,102332,65922,-86,12
11:20:56 iOuC,371,102330,65922,-86,13
11:20:57 iOuC,371,102332,65922,-87,12
11:20:57 iOuC,371,102332,65935,-87,12
11:20:58 iOuC,371,102332,65928,-87,12
11:20:58 iOuC,371,102332,65908,-86,12
11:20:59 iOuC,371,102330,65915,-86,12
11:20:59 iOuC,371,102330,65935,-87,12
11:21:00 iOuC,371,102332,65928,-88,12
11:21:01 iOuC,371,102332,65928,-88,12
11:21:01 iOuC,371,102330,65935,-87,12
11:21:02 iOuC,371,102330,65942,-90,12
11:21:02 iOuC,371,102330,65935,-90,12
11:21:03 iOuC,371,102330,65935,-90,12
11:21:03 iOuC,371,102330,65935,-93,11
11:21:04 iOuC,371,102330,65942,-87,12
11:21:04 iOuC,371,102330,65942,-86,12
11:21:05 iOuC,371,102330,65948,-87,13
11:21:05 iOuC,371,102330,65948,-88,13
11:21:06 iOuC,371,102330,65942,-87,12
11:21:06 iOuC,371,102330,65942,-88,12
11:21:07 iOuC,371,102330,65962,-87,12
11:21:08 iOuC,371,102330,65948,-85,13
11:21:08 iOuC,371,102330,65942,-86,12
11:21:09 iOuC,371,102330,65955,-87,12
11:21:09 iOuC,371,102332,65948,-90,12
11:21:10 iOuC,372,102330,65954,-88,13
11:21:10 iOuC,371,102330,65942,-87,12
11:21:11 iOuC,371,102330,65962,-87,12
11:21:11 iOuC,372,102330,65954,-86,12
11:21:12 iOuC,371,102330,65962,-87,12
11:21:12 iOuC,371,102330,65955,-88,12
11:21:13 iOuC,372,102330,65961,-81,12
11:21:13 iOuC,372,102330,65961,-81,12
11:21:14 iOuC,372,102330,65961,-80,12
11:21:15 iOuC,372,102330,65968,-80,13
11:21:15 iOuC,372,102330,65968,-79,13
11:21:16 iOuC,372,102330,65974,-81,12
11:21:16 iOuC,372,102330,65974,-81,12
11:21:17 iOuC,371,102332,65975,-83,13
11:21:17 iOuC,372,102332,65974,-81,12
11:21:18 iOuC,372,102332,65974,-84,12
11:21:18 iOuC,372,102334,65974,-97,11
11:21:19 iOuC,372,102332,65974,-85,12
11:21:19 iOuC,372,102334,65974,-80,13
11:21:20 iOuC,372,102334,65987,-83,12
11:21:21 iOuC,372,102334,65968,-84,12
11:21:21 iOuC,372,102336,65981,-89,12
11:21:22 iOuC,372,102334,65974,-94,12
11:21:22 iOuC,372,102336,65968,-91,12
11:21:23 iOuC,372,102336,65981,-92,12
11:21:23 iOuC,372,102336,65987,-94,12
11:21:24 iOuC,372,102336,65981,-95,11
11:21:24 iOuC,372,102336,65968,-92,11
11:21:25 iOuC,372,102336,65994,-90,12
11:21:25 iOuC,372,102334,66001,-87,12
11:21:26 iOuC,372,102336,65994,-82,13
11:21:26 iOuC,372,102334,65987,-80,12
11:21:27 iOuC,372,102336,65994,-79,12
11:21:28 iOuC,372,102336,65987,-79,13
11:21:28 iOuC,372,102336,65987,-79,13
11:21:29 iOuC,372,102336,65974,-79,13
11:21:29 iOuC,372,102336,66001,-80,12
11:21:30 iOuC,372,102336,65981,-79,13
11:21:30 iOuC,372,102336,66001,-80,13
11:21:31 iOuC,372,102336,66001,-82,13
11:21:31 iOuC,372,102336,65994,-86,12
11:21:32 iOuC,372,102336,65994,-79,13
11:21:32 iOuC,372,102336,65994,-80,12
11:21:33 iOuC,372,102338,65994,-83,13
11:21:33 iOuC,372,102338,66001,-86,13
11:21:34 iOuC,372,102338,66007,-85,13
11:21:35 iOuC,372,102336,65987,-86,13
11:21:35 iOuC,372,102336,66007,-89,12
11:21:36 iOuC,372,102336,66021,-98,10
11:21:36 iOuC,372,102336,66001,-95,10
11:21:37 iOuC,372,102336,66007,-96,10
11:21:37 iOuC,372,102336,65994,-95,10
11:21:38 iOuC,372,102336,66007,-96,10
11:21:41 Event RX Timeout,,,,
11:21:45 Event RX Timeout,,,,
11:21:46 iOuC,374,102336,66093,-96,8
11:21:47 iOuC,372,102336,66041,-98,10
11:21:50 Event RX Timeout,,,,
11:21:51 iOuC,374,102336,66100,-97,10
11:21:54 Event RX Timeout,,,,
11:21:56 iOuC,374,102336,66126,-89,12
11:21:56 iOuC,372,102336,66081,-90,12
11:21:57 iOuC,372,102336,66067,-100,9
11:22:00 Event RX Timeout,,,,
11:22:01 iOuC,374,102336,66140,-89,12
11:22:02 iOuC,372,102336,66094,-86,13
11:22:02 iOuC,372,102336,66107,-84,13
11:22:03 iOuC,372,102336,66094,-85,13
11:22:03 iOuC,372,102334,66107,-84,13
11:22:04 iOuC,372,102334,66094,-95,11
11:22:07 Event RX Timeout,,,,
11:22:08 iOuC,375,102334,66160,-90,11
11:22:12 Event RX Timeout,,,,
11:22:13 iOuC,374,102332,66166,-81,12
11:22:13 iOuC,372,102334,66121,-79,12
11:22:14 iOuC,372,102332,66127,-79,13
11:22:15 iOuC,372,102334,66121,-79,12
11:22:15 iOuC,372,102332,66121,-79,13
11:22:16 iOuC,372,102332,66127,-79,12
11:22:16 iOuC,373,102330,66121,-80,12
11:22:17 iOuC,373,102330,66127,-80,12
11:22:17 iOuC,373,102330,66121,-81,12
11:22:18 iOuC,373,102330,66127,-82,13
11:22:18 iOuC,373,102330,66127,-84,12
11:22:19 iOuC,373,102330,66121,-82,13
11:22:19 iOuC,373,102322,66121,-80,12
11:22:20 iOuC,373,102322,66114,-81,13
11:22:21 iOuC,373,102322,66127,-80,13
11:22:21 iOuC,373,102330,66121,-82,13
11:22:22 iOuC,373,102330,66114,-85,13
11:22:22 iOuC,373,102322,66127,-85,13
11:22:23 iOuC,373,102330,66107,-84,12
11:22:23 iOuC,373,102322,66114,-84,13
11:22:24 iOuC,373,102322,66121,-83,12
11:22:24 iOuC,373,102322,66107,-86,12
11:22:25 iOuC,373,102322,66114,-86,13
11:22:25 iOuC,373,102322,66121,-87,12
11:22:26 iOuC,374,102320,66126,-89,11
11:22:29 Event RX Timeout,,,,
11:22:30 iOuC,375,102322,66180,-87,12
11:22:31 iOuC,373,102322,66107,-88,12
11:22:31 iOuC,373,102330,66114,-91,12
11:22:32 iOuC,373,102330,66127,-91,12
11:22:35 Event RX Timeout,,,,
11:22:36 iOuC,374,102330,66180,-92,12
11:22:37 iOuC,373,102330,66121,-89,11
11:22:38 iOuC,372,102330,66127,-89,12
11:22:38 iOuC,373,102330,66114,-89,13
11:22:39 iOuC,373,102330,66114,-89,12
11:22:39 iOuC,373,102322,66121,-90,12
11:22:40 iOuC,373,102322,66127,-89,12
11:22:40 iOuC,373,102322,66121,-89,12
11:22:41 iOuC,373,102320,66114,-88,13
11:22:41 iOuC,373,102320,66127,-88,13
11:22:42 iOuC,373,102320,66121,-88,13
11:22:42 iOuC,373,102320,66114,-85,13
11:22:43 iOuC,373,102320,66121,-85,13
11:22:44 iOuC,373,102320,66127,-86,12
11:22:44 iOuC,373,102320,66121,-85,13
11:22:45 iOuC,373,102320,66114,-85,13
11:22:45 iOuC,373,102320,66114,-88,13
11:22:46 iOuC,373,102320,66127,-88,13
11:22:46 iOuC,373,102320,66114,-88,13
11:22:47 iOuC,373,102318,66107,-89,11
11:22:47 iOuC,373,102318,66101,-89,12
11:22:48 iOuC,373,102320,66121,-90,12
11:22:48 iOuC,373,102318,66121,-91,12
11:22:52 Event RX Timeout,,,,
11:22:56 Event RX Timeout,,,,
11:22:57 iOuC,375,102322,66173,-99,8
11:22:57 iOuC,373,102322,66101,-82,12
11:22:58 iOuC,373,102320,66107,-82,12
11:22:58 iOuC,373,102320,66127,-80,13
11:22:59 iOuC,373,102320,66127,-83,13
11:22:59 iOuC,373,102320,66127,-97,9
11:23:00 iOuC,373,102320,66121,-87,12
11:23:01 iOuC,373,102320,66134,-83,12
11:23:01 iOuC,373,102318,66127,-85,12
11:23:02 iOuC,373,102320,66134,-106,4
11:23:02 iOuC,373,102320,66127,-88,12
11:23:03 iOuC,373,102320,66121,-82,12
11:23:03 iOuC,373,102320,66127,-81,12
11:23:04 iOuC,373,102320,66121,-80,13
11:23:04 iOuC,373,102322,66121,-82,12
11:23:05 iOuC,374,102320,66133,-82,12
11:23:05 iOuC,373,102320,66121,-82,13
11:23:06 iOuC,373,102322,66127,-81,13
11:23:07 iOuC,374,102322,66120,-82,13
11:23:07 iOuC,374,102320,66126,-81,12
11:23:08 iOuC,374,102320,66120,-81,12
11:23:08 iOuC,374,102320,66133,-83,12
11:23:09 iOuC,374,102320,66113,-82,13
11:23:09 iOuC,374,102320,66126,-82,13
11:23:10 iOuC,374,102320,66106,-82,13
11:23:10 iOuC,374,102320,66120,-82,13
11:23:11 iOuC,374,102320,66113,-81,12
11:23:11 iOuC,374,102320,66120,-83,12
11:23:12 iOuC,374,102320,66106,-85,12
11:23:12 iOuC,374,102320,66113,-84,12
11:23:13 iOuC,374,102320,66100,-85,12
11:23:14 iOuC,374,102320,66120,-84,12
11:23:14 iOuC,374,102320,66113,-83,12
11:23:15 iOuC,374,102320,66113,-83,12
11:23:15 iOuC,373,102320,66101,-83,12
11:23:16 iOuC,374,102322,66106,-83,12
11:23:16 iOuC,374,102320,66106,-84,12
11:23:17 iOuC,374,102320,66120,-84,12
11:23:17 iOuC,374,102320,66106,-84,12
11:23:18 iOuC,374,102320,66093,-84,12
11:23:18 iOuC,374,102320,66093,-84,12
11:23:19 iOuC,374,102320,66106,-83,13
11:23:19 iOuC,374,102320,66113,-84,12
11:23:20 iOuC,374,102320,66093,-82,12
11:23:21 iOuC,373,102320,66094,-82,13
11:23:21 iOuC,373,102320,66101,-83,13
11:23:22 iOuC,373,102320,66094,-82,13
11:23:22 iOuC,373,102320,66101,-82,12
11:23:23 iOuC,374,102320,66106,-82,13
11:23:23 iOuC,374,102320,66086,-82,13
11:23:24 iOuC,373,102320,66087,-82,13
11:23:24 iOuC,374,102320,66086,-82,13
11:23:25 iOuC,374,102320,66086,-81,13
11:23:25 iOuC,374,102320,66100,-81,12
11:23:26 iOuC,374,102320,66086,-82,13
11:23:27 iOuC,374,102318,66086,-82,13
11:23:27 iOuC,374,102320,66086,-82,13
11:23:28 iOuC,374,102320,66093,-83,13
11:23:28 iOuC,374,102318,66093,-82,13
11:23:29 iOuC,374,102320,66086,-82,13
11:23:29 iOuC,374,102318,66093,-82,13
11:23:30 iOuC,374,102318,66073,-82,13
11:23:30 iOuC,374,102318,66086,-83,13
11:23:31 iOuC,374,102318,66100,-82,13
11:23:31 iOuC,374,102318,66080,-82,14
11:23:32 iOuC,374,102318,66093,-82,13
11:23:32 iOuC,374,102318,66080,-82,14
11:23:33 iOuC,374,102316,66086,-78,12
11:23:34 iOuC,374,102316,66073,-86,13
11:23:34 iOuC,374,102320,66080,-91,12
11:23:35 iOuC,374,102316,66093,-86,13
11:23:35 iOuC,374,102316,66093,-90,12
11:23:36 iOuC,374,102318,66086,-88,13
11:23:36 iOuC,374,102320,66080,-81,13
11:23:39 Event RX Timeout,,,,
11:23:43 Event RX Timeout,,,,
11:23:47 Event RX Timeout,,,,
11:23:51 Event RX Timeout,,,,
11:23:55 Event RX Timeout,,,,
11:23:59 Event RX Timeout,,,,
11:24:03 Event RX Timeout,,,,
11:24:07 Event RX Timeout,,,,
11:24:11 Event RX Timeout,,,,
11:24:15 Event RX Timeout,,,,
11:24:19 Event RX Timeout,,,,
11:24:23 Event RX Timeout,,,,
11:24:27 Event RX Timeout,,,,
11:24:31 Event RX Timeout,,,,
11:24:35 Event RX Timeout,,,,
11:24:39 Event RX Timeout,,,,
11:24:42 Event RX Timeout,,,,
11:24:46 Event RX Timeout,,,,
11:24:50 Event RX Timeout,,,,
11:24:54 Event RX Timeout,,,,
11:24:58 Event RX Timeout,,,,
11:25:02 Event RX Timeout,,,,
11:25:06 Event RX Timeout,,,,
11:25:10 Event RX Timeout,,,,
11:25:14 Event RX Timeout,,,,
11:25:18 Event RX Timeout,,,,
11:25:22 Event RX Timeout,,,,
11:25:26 Event RX Timeout,,,,
11:25:30 Event RX Timeout,,,,
11:25:34 Event RX Timeout,,,,
11:25:38 Event RX Timeout,,,,
11:25:42 Event RX Timeout,,,,
11:25:46 Event RX Timeout,,,,
11:25:49 Event RX Timeout,,,,
11:25:53 Event RX Timeout,,,,
11:25:57 Event RX Timeout,,,,
11:26:01 Event RX Timeout,,,,
11:26:05 Event RX Timeout,,,,
11:26:09 Event RX Timeout,,,,
11:26:13 Event RX Timeout,,,,
11:26:17 Event RX Timeout,,,,
11:26:21 Event RX Timeout,,,,
11:26:25 Event RX Timeout,,,,
11:26:29 Event RX Timeout,,,,
11:26:33 Event RX Timeout,,,,
11:26:37 Event RX Timeout,,,,
11:26:41 Event RX Timeout,,,,
11:26:45 Event RX Timeout,,,,
11:26:49 Event RX Timeout,,,,
11:26:52 Event RX Timeout,,,,
11:26:56 Event RX Timeout,,,,
11:27:00 Event RX Timeout,,,,
11:27:04 Event RX Timeout,,,,
11:27:13 Event RX Timeout,,,,
11:27:17 Event RX Timeout,,,,
11:27:20 Event RX Timeout,,,,
11:27:24 Event RX Timeout,,,,
11:27:26 iOuC,390,102312,66389,-107,-1
11:27:26 iOuC,388,102310,66317,-109,-2
11:27:29 Event RX Timeout,,,,
11:27:31 iOuC,389,102312,66362,-107,3
11:27:31 iOuC,388,102312,66303,-107,3
11:27:32 iOuC,388,102312,66310,-107,1
11:27:32 iOuC,388,102312,66303,-107,2
11:27:33 iOuC,388,102310,66326,-106,3
11:27:33 iOuC,388,102312,66317,-107,2
11:27:34 iOuC,388,102310,66303,-107,3
11:27:35 iOuC,388,102308,66303,-107,1
11:27:35 iOuC,388,102308,66303,-107,2
11:27:36 iOuC,388,102306,66297,-105,5
11:27:36 iOuC,388,102306,66297,-105,4
11:27:37 iOuC,389,102308,66309,-105,4
11:27:37 iOuC,389,102308,66282,-107,2
11:27:38 iOuC,389,102306,66296,-104,5
11:27:38 iOuC,389,102306,66282,-103,6
11:27:39 iOuC,389,102306,66282,-104,5
11:27:39 iOuC,389,102306,66282,-105,4
11:27:40 iOuC,389,102306,66276,-104,5
11:27:40 iOuC,389,102306,66276,-103,6
11:27:41 iOuC,389,102306,66282,-104,6
11:27:42 iOuC,389,102306,66282,-102,7
11:27:45 Event RX Timeout,,,,
11:27:46 iOuC,390,102304,66329,-107,2
11:27:47 iOuC,388,102302,66257,-107,2
11:27:47 iOuC,388,102302,66257,-107,1
11:27:48 iOuC,388,102304,66263,-108,0
11:27:48 iOuC,388,102304,66243,-106,3
11:27:49 iOuC,388,102304,66250,-104,5
11:27:49 iOuC,389,102306,66242,-106,3
11:27:50 iOuC,389,102306,66256,-107,3
11:27:50 iOuC,389,102306,66249,-107,1
11:27:51 iOuC,389,102306,66249,-109,-1
11:27:51 iOuC,389,102306,66236,-109,-1
11:27:52 iOuC,389,102306,66242,-109,-3
11:27:55 Event RX Timeout,,,,
11:27:57 iOuC,391,102308,66296,-105,4
11:27:57 iOuC,389,102308,66236,-104,5
11:27:58 iOuC,388,102304,66230,-104,5
11:27:58 iOuC,388,102304,66223,-104,5
11:27:59 iOuC,389,102308,66242,-104,4
11:27:59 iOuC,389,102308,66236,-105,5
11:28:00 iOuC,389,102306,66229,-105,4
11:28:00 iOuC,389,102306,66229,-106,3
11:28:01 iOuC,389,102306,66229,-106,3
11:28:01 iOuC,389,102306,66222,-108,0
11:28:02 iOuC,389,102306,66236,-104,6
11:28:02 iOuC,389,102308,66222,-104,5
11:28:03 iOuC,389,102306,66222,-101,8
11:28:04 iOuC,389,102306,66222,-107,3
11:28:04 iOuC,389,102306,66236,-107,2
11:28:05 iOuC,389,102306,66229,-105,4
11:28:05 iOuC,389,102306,66222,-106,4
11:28:06 iOuC,389,102306,66222,-102,7
11:28:06 iOuC,389,102306,66202,-102,7
11:28:07 iOuC,389,102306,66222,-102,7
11:28:07 iOuC,389,102306,66229,-102,6
11:28:08 iOuC,389,102304,66209,-106,3
11:28:08 iOuC,389,102306,66216,-109,0
11:28:09 iOuC,389,102306,66216,-105,4
11:28:10 iOuC,389,102306,66202,-105,4
11:28:10 iOuC,389,102306,66209,-107,2
11:28:11 iOuC,389,102306,66216,-105,4
11:28:11 iOuC,389,102308,66209,-106,2
11:28:12 iOuC,389,102308,66209,-104,5
11:28:12 iOuC,389,102308,66209,-106,3
11:28:13 iOuC,389,102308,66209,-103,6
11:28:13 Event RX Error,,,,
11:28:15 iOuC,389,102306,66202,-106,2
11:28:15 iOuC,389,102308,66209,-105,4
11:28:16 iOuC,389,102308,66196,-110,-4
11:28:16 iOuC,389,102308,66202,-104,5
11:28:17 iOuC,389,102308,66202,-106,3
11:28:17 iOuC,389,102308,66196,-110,-4
11:28:18 iOuC,389,102308,66189,-108,0
11:28:18 iOuC,389,102308,66196,-103,6
11:28:19 iOuC,389,102308,66202,-105,5
11:28:19 iOuC,389,102306,66202,-106,4
11:28:20 iOuC,389,102308,66196,-108,1
11:28:21 iOuC,389,102308,66176,-107,2
11:28:21 iOuC,389,102308,66182,-108,1
11:28:22 iOuC,389,102308,66176,-108,-1
11:28:22 iOuC,389,102306,66196,-104,5
11:28:23 iOuC,389,102306,66202,-103,7
11:28:23 iOuC,389,102308,66189,-105,4
11:28:24 iOuC,389,102308,66182,-105,4
11:28:27 Event RX Timeout,,,,
11:28:31 Event RX Timeout,,,,
11:28:32 iOuC,390,102310,66229,-109,-1
11:28:35 Event RX Timeout,,,,
11:28:37 iOuC,389,102308,66236,-107,2
11:28:37 iOuC,388,102308,66183,-106,4
11:28:38 iOuC,388,102308,66177,-104,5
11:28:38 iOuC,388,102308,66183,-103,6
11:28:39 iOuC,388,102306,66203,-104,5
11:28:39 iOuC,388,102306,66197,-106,3
11:28:40 iOuC,389,102310,66196,-105,4
11:28:41 iOuC,389,102308,66202,-106,3
11:28:41 iOuC,389,102310,66209,-105,4
11:28:42 iOuC,389,102310,66196,-105,4
11:28:42 iOuC,389,102310,66202,-105,4
11:28:43 iOuC,389,102310,66196,-107,1
11:28:43 iOuC,389,102308,66202,-106,4
11:28:44 iOuC,389,102308,66182,-104,6
11:28:44 iOuC,389,102308,66196,-105,4
11:28:45 iOuC,389,102308,66189,-104,5
11:28:45 iOuC,389,102308,66189,-106,4
11:28:46 iOuC,389,102310,66176,-106,4
11:28:46 iOuC,389,102310,66189,-104,5
11:28:47 iOuC,389,102310,66196,-104,5
11:28:48 iOuC,389,102308,66182,-104,5
11:28:48 iOuC,389,102308,66189,-105,4
11:28:51 Event RX Timeout,,,,
11:28:53 iOuC,391,102310,66229,-104,5
11:28:53 iOuC,389,102308,66176,-103,7
11:28:54 iOuC,389,102310,66189,-103,6
11:28:57 Event RX Timeout,,,,
11:28:58 iOuC,391,102310,66229,-103,6
11:28:59 iOuC,389,102310,66189,-102,7
11:28:59 iOuC,389,102308,66182,-102,7
11:29:00 iOuC,389,102308,66189,-106,3
11:29:00 iOuC,389,102308,66182,-103,6
11:29:01 iOuC,389,102308,66189,-102,7
11:29:01 iOuC,389,102306,66182,-103,6
11:29:02 iOuC,389,102306,66189,-103,6
11:29:02 iOuC,389,102306,66189,-107,2
11:29:03 iOuC,389,102306,66189,-109,-3
11:29:06 Event RX Timeout,,,,
11:29:10 Event RX Timeout,,,,
11:29:11 iOuC,391,102308,66229,-102,7
11:29:12 iOuC,389,102308,66189,-102,7
11:29:13 iOuC,389,102306,66196,-101,7
11:29:13 iOuC,389,102306,66169,-102,7
11:29:14 iOuC,389,102306,66202,-103,6
11:29:14 iOuC,389,102306,66202,-101,7
11:29:15 iOuC,389,102306,66196,-101,8
11:29:15 iOuC,389,102304,66189,-100,8
11:29:16 iOuC,389,102304,66209,-101,8
11:29:16 iOuC,389,102304,66209,-102,7
11:29:17 iOuC,390,102302,66196,-103,6
11:29:17 iOuC,390,102304,66182,-103,6
11:29:18 iOuC,390,102304,66196,-105,5
11:29:19 iOuC,390,102302,66189,-103,7
11:29:19 iOuC,390,102302,66196,-102,7
11:29:20 iOuC,390,102302,66176,-102,7
11:29:20 iOuC,390,102302,66189,-101,7
11:29:21 iOuC,390,102300,66182,-103,7
11:29:21 iOuC,390,102300,66196,-103,6
11:29:22 iOuC,390,102300,66176,-103,6
11:29:22 iOuC,390,102300,66196,-104,6
11:29:23 iOuC,390,102300,66176,-104,5
11:29:23 iOuC,390,102300,66196,-103,6
11:29:24 iOuC,390,102300,66182,-103,7
11:29:24 iOuC,390,102300,66176,-105,4
11:29:25 iOuC,390,102300,66196,-104,6
11:29:26 iOuC,390,102300,66182,-104,6
11:29:26 iOuC,390,102300,66169,-104,5
11:29:27 iOuC,390,102302,66169,-106,3
11:29:27 iOuC,390,102300,66176,-107,1
11:29:28 iOuC,390,102300,66182,-108,1
11:29:28 iOuC,390,102300,66169,-108,-1
11:29:32 Event RX Timeout,,,,
11:29:33 iOuC,391,102302,66222,-107,1
11:29:33 iOuC,389,102302,66169,-106,3
11:29:34 iOuC,389,102300,66176,-105,4
11:29:34 iOuC,389,102302,66169,-105,4
11:29:35 iOuC,389,102300,66176,-106,4
11:29:35 iOuC,389,102300,66182,-106,4
11:29:36 iOuC,390,102300,66176,-107,1
11:29:37 iOuC,390,102300,66176,-107,3
11:29:37 iOuC,390,102300,66149,-107,2
11:29:38 iOuC,390,102300,66169,-105,4
11:29:38 iOuC,390,102300,66162,-106,4
11:29:39 iOuC,390,102298,66176,-106,4
11:29:39 iOuC,390,102298,66169,-105,4
11:29:40 iOuC,390,102298,66176,-105,5
11:29:40 iOuC,390,102298,66169,-107,2
11:29:41 iOuC,390,102298,66176,-106,3
11:29:41 iOuC,390,102298,66176,-105,5
11:29:42 iOuC,390,102298,66162,-108,1
11:29:45 Event RX Timeout,,,,
11:29:46 iOuC,391,102298,66222,-108,-1
11:29:47 iOuC,390,102298,66169,-109,-2
11:29:50 Event RX Timeout,,,,
11:29:54 Event RX Timeout,,,,
11:29:55 iOuC,390,102298,66222,-107,2
11:29:56 iOuC,389,102298,66189,-107,2
11:29:57 iOuC,389,102298,66189,-107,1
11:29:57 iOuC,389,102296,66189,-107,2
11:29:58 iOuC,389,102298,66169,-105,5
11:29:58 iOuC,390,102296,66189,-106,3
11:29:59 iOuC,390,102296,66189,-106,4
11:29:59 iOuC,390,102294,66189,-104,5
11:30:00 iOuC,390,102294,66189,-106,4
11:30:00 iOuC,390,102294,66189,-109,-2
11:30:01 iOuC,390,102294,66196,-103,6
11:30:01 iOuC,390,102294,66196,-102,6
11:30:02 iOuC,390,102292,66189,-104,5
11:30:02 iOuC,390,102294,66196,-106,3
11:30:03 iOuC,390,102294,66182,-105,4
11:30:04 iOuC,390,102292,66176,-107,0
11:30:04 iOuC,390,102292,66189,-108,0
11:30:07 Event RX Timeout,,,,
11:30:09 iOuC,392,102294,66235,-109,-2
11:30:12 Event RX Timeout,,,,
11:30:13 iOuC,391,102294,66229,-102,7
11:30:14 iOuC,390,102292,66202,-103,6
11:30:14 iOuC,389,102294,66189,-102,7
11:30:15 iOuC,390,102292,66189,-103,6
11:30:15 iOuC,390,102292,66182,-104,6
11:30:16 iOuC,390,102292,66196,-103,6
11:30:16 iOuC,390,102292,66202,-104,6
11:30:17 iOuC,390,102294,66182,-104,5
11:30:17 iOuC,390,102294,66189,-104,6
11:30:18 iOuC,391,102294,66196,-105,4
11:30:19 iOuC,391,102292,66182,-104,6
11:30:19 iOuC,391,102294,66196,-103,6
11:30:20 iOuC,391,102294,66169,-102,6
11:30:20 iOuC,391,102294,66189,-104,6
11:30:21 iOuC,391,102294,66182,-103,7
11:30:21 iOuC,391,102294,66189,-104,6
11:30:22 iOuC,391,102294,66182,-104,6
11:30:22 iOuC,391,102294,66182,-104,5
11:30:23 iOuC,391,102294,66182,-103,6
11:30:23 iOuC,391,102294,66182,-104,5
11:30:24 iOuC,391,102294,66176,-104,5
11:30:24 iOuC,391,102294,66189,-106,3
11:30:25 iOuC,391,102294,66189,-107,1
11:30:28 Event RX Timeout,,,,
11:30:30 iOuC,392,102292,66241,-105,4
11:30:30 iOuC,390,102294,66162,-107,1
11:30:31 iOuC,390,102292,66189,-110,-4
11:30:34 Event RX Timeout,,,,
11:30:38 Event RX Timeout,,,,
11:30:39 iOuC,391,102294,66229,-103,6
11:30:40 iOuC,390,102292,66196,-103,6
11:30:40 iOuC,390,102290,66202,-101,8
11:30:41 iOuC,390,102290,66196,-102,7
11:30:41 iOuC,390,102290,66202,-101,7
11:30:42 iOuC,390,102292,66202,-102,7
11:30:42 iOuC,391,102292,66209,-104,4
11:30:43 iOuC,391,102292,66202,-109,-2
11:30:46 Event RX Timeout,,,,
11:30:47 iOuC,392,102290,66241,-108,1
11:30:48 iOuC,390,102292,66202,-108,0
11:30:48 iOuC,390,102288,66189,-108,-1
11:30:49 iOuC,390,102288,66202,-108,0
11:30:49 iOuC,390,102286,66196,-107,2
11:30:50 iOuC,390,102288,66202,-106,3
11:30:51 iOuC,390,102288,66202,-110,-3
11:30:54 Event RX Timeout,,,,
11:30:55 iOuC,392,102286,66248,-108,-2
11:30:56 iOuC,390,102288,66196,-107,1
11:30:56 iOuC,390,102284,66216,-107,1
11:30:57 iOuC,390,102288,66196,-107,1
11:30:57 iOuC,390,102288,66202,-109,-1
11:30:58 iOuC,390,102288,66196,-110,-3
11:31:01 Event RX Timeout,,,,
11:31:05 Event RX Timeout,,,,
11:31:09 Event RX Timeout,,,,
11:31:10 iOuC,392,102288,66268,-108,0
11:31:11 iOuC,390,102288,66222,-108,-1
11:31:14 Event RX Timeout,,,,
11:31:18 Event RX Timeout,,,,
11:31:19 iOuC,392,102286,66288,-105,5
11:31:20 iOuC,390,102288,66242,-102,7
11:31:20 iOuC,390,102286,66236,-103,6
11:31:21 iOuC,390,102288,66242,-102,7
11:31:21 iOuC,390,102288,66249,-103,6
11:31:22 iOuC,391,102288,66249,-109,-2
11:31:22 iOuC,391,102288,66249,-106,3
11:31:23 iOuC,391,102288,66249,-109,-1
11:31:24 iOuC,391,102288,66249,-105,5
11:31:24 iOuC,391,102288,66249,-108,-1
11:31:27 Event RX Timeout,,,,
11:31:29 iOuC,392,102288,66308,-104,5
11:31:29 iOuC,391,102288,66242,-105,5
11:31:30 iOuC,390,102284,66242,-105,4
11:31:30 iOuC,390,102286,66236,-106,3
11:31:31 iOuC,391,102286,66242,-106,4
11:31:31 iOuC,391,102286,66242,-104,5
11:31:32 iOuC,391,102288,66249,-104,6
11:31:32 iOuC,391,102286,66249,-107,2
11:31:33 iOuC,391,102286,66256,-105,4
11:31:33 iOuC,391,102286,66262,-104,6
11:31:34 iOuC,391,102286,66256,-103,7
11:31:35 iOuC,391,102286,66236,-102,7
11:31:35 iOuC,392,102286,66241,-102,7
11:31:36 iOuC,391,102286,66236,-102,7
11:31:36 iOuC,392,102286,66248,-102,7
11:31:37 iOuC,391,102286,66242,-103,5
11:31:37 iOuC,391,102286,66236,-102,7
11:31:38 iOuC,391,102284,66229,-101,7
11:31:38 iOuC,392,102284,66241,-102,7
11:31:39 iOuC,392,102286,66228,-102,7
11:31:39 iOuC,392,102286,66241,-103,6
11:31:40 iOuC,392,102286,66248,-103,6
11:31:40 iOuC,392,102286,66241,-102,7
11:31:41 iOuC,392,102286,66235,-102,6
11:31:42 iOuC,392,102286,66228,-105,5
11:31:42 iOuC,392,102286,66235,-104,5
11:31:43 iOuC,392,102286,66241,-103,7
11:31:43 iOuC,392,102286,66235,-106,3
11:31:44 iOuC,392,102286,66235,-110,-8
11:31:47 Event RX Timeout,,,,
11:31:48 iOuC,393,102288,66281,-106,3
11:31:49 iOuC,391,102286,66216,-106,3
11:31:49 iOuC,391,102286,66222,-107,2
11:31:50 iOuC,391,102288,66236,-107,1
11:31:50 iOuC,391,102288,66236,-108,0
11:31:54 Event RX Timeout,,,,
11:31:55 iOuC,392,102290,66302,-103,6
11:31:55 iOuC,391,102288,66222,-103,7
11:31:56 iOuC,390,102288,66242,-104,6
11:31:56 iOuC,390,102288,66242,-104,5
11:31:57 iOuC,391,102286,66236,-104,6
11:31:58 iOuC,391,102288,66242,-104,6
11:31:58 iOuC,391,102288,66229,-106,4
11:31:59 iOuC,391,102288,66236,-106,3
11:31:59 iOuC,391,102288,66236,-107,2
11:32:00 iOuC,391,102286,66229,-108,0
11:32:03 Event RX Timeout,,,,
11:32:04 iOuC,393,102286,66295,-109,-1
11:32:07 Event RX Timeout,,,,
11:32:11 Event RX Timeout,,,,
11:32:13 iOuC,392,102284,66288,-105,4
11:32:13 iOuC,390,102284,66262,-105,5
11:32:14 iOuC,390,102284,66249,-105,4
11:32:14 iOuC,390,102282,66269,-105,4
11:32:15 iOuC,390,102282,66262,-106,4
11:32:15 iOuC,390,102282,66262,-107,2
11:32:16 iOuC,390,102282,66249,-107,3
11:32:16 iOuC,390,102284,66262,-104,5
11:32:17 iOuC,390,102282,66262,-104,5
11:32:18 iOuC,390,102284,66262,-103,6
11:32:18 iOuC,390,102284,66256,-104,5
11:32:19 iOuC,390,102284,66262,-103,6
11:32:19 iOuC,390,102284,66242,-104,5
11:32:20 iOuC,391,102284,66269,-106,3
11:32:20 iOuC,391,102284,66256,-105,4
11:32:21 iOuC,391,102284,66242,-106,2
11:32:21 iOuC,391,102284,66249,-106,3
11:32:22 iOuC,391,102286,66242,-105,4
11:32:22 iOuC,390,102286,66256,-107,2
11:32:23 iOuC,391,102286,66249,-106,4
11:32:24 iOuC,391,102286,66256,-106,4
11:32:24 iOuC,391,102286,66256,-105,4
11:32:25 iOuC,391,102286,66236,-104,5
11:32:25 iOuC,391,102286,66256,-105,4
11:32:26 iOuC,391,102286,66249,-104,5
11:32:26 iOuC,391,102286,66256,-105,5
11:32:27 iOuC,391,102286,66236,-105,5
11:32:27 iOuC,391,102286,66249,-105,4
11:32:28 iOuC,391,102284,66236,-104,5
11:32:28 iOuC,391,102286,66256,-103,6
11:32:29 iOuC,391,102286,66236,-104,6
11:32:29 iOuC,391,102286,66249,-104,5
11:32:30 iOuC,391,102286,66236,-103,6
11:32:31 iOuC,391,102286,66236,-103,6
11:32:31 iOuC,391,102286,66229,-103,5
11:32:32 iOuC,391,102286,66242,-104,5
11:32:32 iOuC,391,102286,66236,-106,4
11:32:33 iOuC,391,102286,66242,-106,4
11:32:33 iOuC,391,102286,66236,-105,5
11:32:34 iOuC,391,102286,66229,-104,6
11:32:34 iOuC,391,102286,66236,-103,6
11:32:35 iOuC,391,102286,66236,-104,5
11:32:35 iOuC,391,102286,66236,-105,5
11:32:36 iOuC,391,102286,66229,-104,5
11:32:37 iOuC,391,102286,66236,-103,7
11:32:37 iOuC,391,102288,66229,-104,6
11:32:38 iOuC,391,102286,66222,-104,5
11:32:38 iOuC,391,102286,66222,-104,6
11:32:39 iOuC,391,102286,66236,-103,6
11:32:39 iOuC,391,102288,66229,-104,5
11:32:40 iOuC,391,102286,66222,-104,6
11:32:40 iOuC,391,102286,66229,-105,4
11:32:41 iOuC,391,102286,66229,-106,4
11:32:41 iOuC,391,102288,66229,-105,4
11:32:42 iOuC,391,102286,66229,-104,5
11:32:42 iOuC,391,102286,66222,-107,2
11:32:46 Event RX Timeout,,,,
11:32:47 iOuC,392,102286,66281,-105,5
11:32:48 iOuC,390,102284,66229,-101,8
11:32:48 iOuC,390,102284,66229,-103,6
11:32:49 iOuC,390,102284,66229,-106,3
11:32:49 iOuC,390,102284,66229,-105,4
11:32:50 iOuC,390,102284,66229,-105,4
11:32:50 iOuC,390,102284,66236,-106,3
11:32:51 iOuC,390,102284,66236,-103,6
11:32:51 iOuC,390,102284,66236,-108,0
11:32:55 Event RX Timeout,,,,
11:32:56 iOuC,392,102288,66295,-105,5
11:32:56 iOuC,390,102288,66229,-107,3
11:32:57 iOuC,390,102286,66222,-107,2
11:33:00 Event RX Timeout,,,,
11:33:04 Event RX Timeout,,,,
11:33:05 iOuC,391,102286,66282,-103,7
11:33:06 iOuC,390,102286,66262,-104,4
11:33:06 iOuC,389,102286,66249,-104,6
11:33:07 iOuC,389,102286,66256,-105,4
11:33:10 Event RX Timeout,,,,
11:33:14 Event RX Timeout,,,,
11:33:18 Event RX Timeout,,,,
11:33:22 Event RX Timeout,,,,
11:33:26 Event RX Timeout,,,,
11:33:30 Event RX Timeout,,,,
11:33:34 Event RX Timeout,,,,
11:33:38 Event RX Timeout,,,,
11:33:42 Event RX Timeout,,,,
11:33:46 Event RX Timeout,,,,
11:33:50 Event RX Timeout,,,,
11:33:54 Event RX Timeout,,,,
11:33:58 Event RX Timeout,,,,
11:34:02 Event RX Timeout,,,,
11:34:06 Event RX Timeout,,,,
11:34:10 Event RX Timeout,,,,
11:34:13 Event RX Timeout,,,,
11:34:17 Event RX Timeout,,,,
11:34:21 Event RX Timeout,,,,
11:34:25 Event RX Timeout,,,,
11:34:29 Event RX Timeout,,,,
11:34:33 Event RX Timeout,,,,
11:34:37 Event RX Timeout,,,,
11:34:41 Event RX Timeout,,,,
11:34:45 Event RX Timeout,,,,
11:34:49 Event RX Timeout,,,,
11:34:53 Event RX Timeout,,,,
11:34:57 Event RX Timeout,,,,
11:35:01 Event RX Timeout,,,,
11:35:05 Event RX Timeout,,,,
11:35:09 Event RX Timeout,,,,
11:35:13 Event RX Timeout,,,,
11:35:17 Event RX Timeout,,,,
11:35:21 Event RX Timeout,,,,
11:35:25 Event RX Timeout,,,,
11:35:29 Event RX Timeout,,,,
11:35:33 Event RX Timeout,,,,
11:35:36 Event RX Timeout,,,,
11:35:40 Event RX Timeout,,,,
11:35:44 Event RX Timeout,,,,
11:35:48 Event RX Timeout,,,,
11:35:52 Event RX Timeout,,,,
11:35:56 Event RX Timeout,,,,
11:36:00 Event RX Timeout,,,,
11:36:04 Event RX Timeout,,,,
11:36:08 Event RX Timeout,,,,
11:36:12 Event RX Timeout,,,,
11:36:16 Event RX Timeout,,,,
11:36:20 Event RX Timeout,,,,
11:36:24 Event RX Timeout,,,,
11:36:28 Event RX Timeout,,,,
11:36:32 Event RX Timeout,,,,
11:36:36 Event RX Timeout,,,,
11:36:40 Event RX Timeout,,,,
11:36:44 Event RX Timeout,,,,
11:36:48 Event RX Timeout,,,,
11:36:52 Event RX Timeout,,,,
11:36:56 Event RX Timeout,,,,
11:37:00 Event RX Timeout,,,,
11:37:03 Event RX Timeout,,,,
11:37:07 Event RX Timeout,,,,
11:37:11 Event RX Timeout,,,,
11:37:15 Event RX Timeout,,,,
11:37:19 Event RX Timeout,,,,
11:37:23 Event RX Timeout,,,,
11:37:46 Event RX Timeout,,,,
11:37:50 Event RX Timeout,,,,
11:37:53 Event RX Timeout,,,,
11:37:57 Event RX Timeout,,,,
11:38:01 Event RX Timeout,,,,
11:38:04 Event RX Timeout,,,,
11:38:08 Event RX Timeout,,,,
11:38:11 Event RX Timeout,,,,
11:38:15 Event RX Timeout,,,,
11:38:19 Event RX Timeout,,,,
11:38:22 Event RX Timeout,,,,
11:38:26 Event RX Timeout,,,,
11:38:30 Event RX Timeout,,,,
11:38:33 Event RX Timeout,,,,
11:38:37 Event RX Timeout,,,,
11:38:41 Event RX Timeout,,,,
11:38:44 ODULATION
11:38:44 LORA_BW=125 Hz
11:38:44 LORA_SF=7
11:38:44 rand=746
11:38:47 Event RX Timeout,,,,
11:38:51 Event RX Timeout,,,,
11:38:55 Event RX Timeout,,,,
11:38:59 Event RX Timeout,,,,
11:39:03 Event RX Timeout,,,,
11:39:07 Event RX Timeout,,,,
11:39:11 Event RX Timeout,,,,
11:39:15 Event RX Timeout,,,,
11:39:19 Event RX Timeout,,,,
11:39:23 Event RX Timeout,,,,
11:39:35 Event RX Timeout,,,,
11:39:40 Event RX Timeout,,,,
11:39:44 Event RX Timeout,,,,
11:39:48 Event RX Timeout,,,,
11:39:52 Event RX Timeout,,,,
11:39:56 Event RX Timeout,,,,
11:40:01 Event RX Timeout,,,,
11:40:05 Event RX Timeout,,,,
11:40:09 Event RX Timeout,,,,
11:40:20 Event RX Timeout,,,,
11:40:24 Event RX Timeout,,,,
11:40:28 Event RX Timeout,,,,
11:40:32 Event RX Timeout,,,,
11:40:36 Event RX Timeout,,,,
11:40:47 Event RX Timeout,,,,
11:40:51 Event RX Timeout,,,,
11:40:54 Event RX Timeout,,,,
11:40:58 Event RX Timeout,,,,
11:41:01 Event RX Timeout,,,,
11:41:05 Event RX Timeout,,,,
11:41:08 Event RX Timeout,,,,
11:41:11 Event RX Timeout,,,,
11:41:15 Event RX Timeout,,,,
11:41:18 Event RX Timeout,,,,
11:41:22 Event RX Timeout,,,,
11:41:25 Event RX Timeout,,,,
11:41:28 Event RX Timeout,,,,
11:41:32 Event RX Timeout,,,,
11:41:53 Event RX Timeout,,,,
11:41:57 Event RX Timeout,,,,
11:42:01 Event RX Timeout,,,,
11:42:05 Event RX Timeout,,,,
11:42:09 Event RX Timeout,,,,
11:42:13 Event RX Timeout,,,,
11:42:16 Event RX Timeout,,,,
11:42:20 Event RX Timeout,,,,
11:42:24 Event RX Timeout,,,,
11:42:28 Event RX Timeout,,,,
11:42:32 Event RX Timeout,,,,
11:42:36 Event RX Timeout,,,,
11:42:40 Event RX Timeout,,,,
11:42:44 Event RX Timeout,,,,
11:42:48 Event RX Timeout,,,,
11:42:52 Event RX Timeout,,,,
11:42:56 Event RX Timeout,,,,
11:42:59 Event RX Timeout,,,,
11:43:03 Event RX Timeout,,,,
11:43:07 Event RX Timeout,,,,
11:43:11 Event RX Timeout,,,,
11:43:15 Event RX Timeout,,,,
11:43:19 Event RX Timeout,,,,
11:43:23 Event RX Timeout,,,,
11:43:27 Event RX Timeout,,,,
11:43:31 Event RX Timeout,,,,
11:43:35 Event RX Timeout,,,,
11:43:38 Event RX Timeout,,,,
11:43:42 Event RX Timeout,,,,
11:43:46 Event RX Timeout,,,,
11:43:50 Event RX Timeout,,,,
11:43:54 Event RX Timeout,,,,
11:43:58 Event RX Timeout,,,,
11:44:02 Event RX Timeout,,,,
11:44:06 Event RX Timeout,,,,
11:44:07 Event RX Error,,,,
11:44:11 Event RX Timeout,,,,
11:44:17 rand=436
11:44:46 
11:44:46 02226 Networked Embedded Systems
11:44:46 DTU
11:44:46 ---------------
11:44:46 LORA_MODULATION
11:44:46 LORA_BW=125 Hz
11:44:46 LORA_SF=7
11:44:46 rand=726
11:44:50 Event RX Timeout,,,,
11:44:54 Event RX Timeout,,,,
11:44:58 Event RX Timeout,,,,
11:45:01 nX05,448,102274,66799,-111,-9
11:45:04 Event RX Timeout,,,,
11:45:05 nX05,448,102269,66785,-108,-6
11:45:08 Event RX Timeout,,,,
11:45:09 nX05,449,102261,66779,-108,0
11:45:12 Event RX Timeout,,,,
11:45:12 nX05,449,102249,66786,-110,-3
11:45:13 nX05,449,102239,66786,-106,3
11:45:14 Event RX Error,,,,
11:45:17 Event RX Timeout,,,,
11:45:17 nX05,450,102235,66792,-107,3
11:45:21 Event RX Timeout,,,,
11:45:21 nX05,450,102233,66772,-102,7
11:45:22 nX05,450,102229,66779,-98,10
11:45:22 nX05,450,102227,66766,-99,9
11:45:23 nX05,450,102225,66766,-104,4
11:45:23 nX05,450,102223,66772,-105,2
11:45:27 Event RX Timeout,,,,
11:45:27 nX05,450,102223,66772,-104,5
11:45:28 nX05,450,102225,66752,-100,7
11:45:29 nX05,450,102227,66752,-105,5
11:45:29 nX05,450,102227,66746,-99,8
11:45:33 Event RX Timeout,,,,
11:45:33 nX05,450,102227,66752,-106,4
11:45:34 nX05,450,102229,66739,-110,-3
11:45:34 nX05,450,102231,66746,-105,4
11:45:36 nX05,450,102231,66739,-104,6
11:45:36 Event RX Error,,,,
11:45:39 Event RX Timeout,,,,
11:45:40 Event RX Error,,,,
11:45:43 Event RX Timeout,,,,
11:45:44 nX05,450,102235,66712,-107,2
11:45:45 nX05,450,102239,66732,-102,7
11:45:45 nX05,450,102243,66732,-105,4
11:45:46 nX05,450,102247,66746,-104,6
11:45:47 nX05,451,102247,66739,-100,6
