09:19:31 nX05,176,102489,66225,-86,12
09:19:31 nX05,176,102489,66198,-85,12
09:19:32 nX05,176,102489,66198,-82,12
09:19:32 nX05,175,102485,66173,-87,12
09:19:33 nX05,175,102485,66179,-84,12
09:19:33 nX05,175,102485,66166,-86,13
09:19:34 nX05,175,102483,66146,-83,12
09:19:34 nX05,175,102483,66152,-85,13
09:19:35 nX05,175,102483,66133,-89,12
09:19:35 nX05,175,102485,66133,-98,10
09:19:36 nX05,175,102485,66126,-95,10
09:19:36 nX05,176,102487,66125,-85,13
09:19:37 nX05,176,102485,66118,-86,12
09:19:38 nX05,176,102485,66112,-89,12
09:19:38 nX05,176,102487,66112,-89,12
09:19:39 nX05,176,102487,66098,-95,10
09:19:39 nX05,176,102487,66078,-91,12
09:19:40 nX05,176,102487,66072,-87,12
09:19:40 nX05,175,102485,66066,-89,12
09:19:41 nX05,176,102487,66045,-88,13
09:19:41 nX05,176,102487,66058,-90,12
09:19:42 nX05,176,102487,66038,-86,12
09:19:42 nX05,175,102483,66019,-89,12
09:19:43 nX05,176,102487,66031,-83,12
09:19:44 nX05,176,102485,66018,-88,13
09:19:44 nX05,176,102483,66011,-91,12
09:19:45 nX05,176,102485,65998,-86,12
09:19:45 nX05,176,102483,65991,-89,11
09:19:46 nX05,176,102483,65985,-91,12
09:19:46 nX05,176,102483,65985,-90,11
09:19:47 nX05,176,102483,65985,-86,12
09:19:47 nX05,176,102483,65965,-88,13
09:19:48 nX05,176,102483,65971,-86,13
09:19:48 nX05,176,102483,65958,-91,12
09:19:49 nX05,176,102483,65971,-90,12
09:19:49 nX05,176,102483,65965,-87,12
09:19:50 nX05,176,102483,65951,-88,13
09:19:51 nX05,176,102483,65951,-83,12
09:19:51 nX05,176,102483,65945,-94,11
09:19:52 nX05,176,102483,65951,-92,11
09:19:52 nX05,176,102483,65965,-90,12
09:19:53 nX05,176,102483,65958,-90,12
09:19:53 nX05,176,102483,65965,-86,12
09:19:54 nX05,176,102483,65951,-83,12
09:19:54 nX05,176,102483,65951,-97,9
09:19:55 nX05,176,102481,65958,-93,11
09:19:55 nX05,176,102481,65965,-90,12
09:19:56 nX05,176,102481,65958,-88,12
09:19:57 nX05,176,102481,65958,-93,11
09:19:57 nX05,176,102483,65951,-95,10
09:19:58 nX05,176,102483,65945,-85,13
09:19:58 nX05,176,102481,65971,-86,13
09:19:59 nX05,176,102483,65951,-83,12
09:19:59 nX05,176,102483,65951,-83,12
09:20:00 nX05,176,102483,65958,-84,12
09:20:00 nX05,176,102481,65958,-85,13
09:20:01 nX05,176,102481,65958,-85,13
09:20:01 nX05,176,102483,65971,-87,12
09:20:02 nX05,176,102483,65951,-86,13
09:20:02 nX05,176,102483,65958,-87,12
09:20:03 nX05,176,102481,65965,-87,12
09:20:04 nX05,176,102483,65938,-90,12
09:20:04 nX05,176,102483,65945,-92,12
09:20:05 nX05,176,102483,65951,-91,12
09:20:05 nX05,176,102485,65951,-90,11
09:20:06 nX05,176,102485,65945,-89,11
09:20:06 nX05,176,102485,65945,-86,12
09:20:07 nX05,176,102485,65938,-88,11
09:20:07 nX05,176,102483,65945,-88,12
09:20:08 nX05,176,102483,65951,-85,13
09:20:08 nX05,176,102483,65932,-85,12
09:20:09 nX05,176,102483,65932,-86,12
09:20:10 nX05,176,102483,65938,-90,11
09:20:10 nX05,176,102483,65932,-86,11
09:20:11 nX05,176,102483,65925,-83,12
09:20:11 nX05,175,102479,65906,-87,11
09:20:12 nX05,175,102479,65913,-88,12
09:20:12 nX05,175,102479,65906,-87,12
09:20:13 nX05,175,102479,65906,-86,12
09:20:13 nX05,175,102479,65913,-88,12
09:20:14 nX05,176,102483,65892,-84,12
09:20:14 nX05,175,102479,65893,-98,6
09:20:15 nX05,175,102479,65879,-102,7
09:20:15 nX05,175,102479,65886,-105,1
09:20:16 nX05,175,102479,65879,-96,9
09:20:17 nX05,175,102479,65886,-94,10
09:20:17 nX05,175,102479,65866,-93,10
09:20:18 nX05,175,102479,65866,-92,10
09:20:18 nX05,175,102479,65853,-88,12
09:20:19 nX05,175,102479,65859,-89,11
09:20:19 nX05,175,102479,65839,-89,11
09:20:20 nX05,175,102479,65846,-88,13
09:20:20 nX05,175,102479,65846,-94,12
09:20:21 nX05,175,102479,65839,-99,7
09:20:21 nX05,175,102479,65826,-94,11
09:20:22 nX05,175,102479,65826,-91,12
09:20:23 nX05,175,102479,65833,-90,11
09:20:23 nX05,175,102479,65826,-88,12
09:20:24 nX05,175,102479,65813,-89,13
09:20:24 nX05,175,102479,65813,-92,12
09:20:25 nX05,175,102479,65799,-94,11
09:20:25 nX05,175,102479,65799,-95,10
09:20:26 nX05,175,102479,65779,-88,12
09:20:26 nX05,175,102481,65786,-91,12
09:20:27 nX05,175,102481,65786,-92,12
09:20:27 nX05,175,102481,65766,-88,12
09:20:28 nX05,175,102481,65766,-84,12
09:20:28 nX05,175,102483,65773,-84,12
09:20:29 nX05,175,102483,65766,-86,12
09:20:30 nX05,175,102481,65746,-89,12
09:20:30 nX05,175,102481,65746,-87,12
09:20:31 nX05,175,102481,65739,-84,12
09:20:31 nX05,175,102479,65733,-85,12
09:20:32 nX05,175,102479,65719,-84,12
09:20:32 nX05,175,102479,65726,-81,12
09:20:33 nX05,175,102479,65713,-82,13
09:20:33 nX05,175,102479,65706,-84,12
09:20:34 nX05,175,102477,65706,-85,13
09:20:34 nX05,175,102477,65693,-86,12
09:20:35 nX05,175,102479,65693,-84,13
09:20:36 nX05,175,102479,65693,-88,13
09:20:36 nX05,175,102479,65686,-91,10
09:20:37 nX05,175,102479,65679,-90,12
09:20:37 nX05,175,102479,65679,-85,13
09:20:38 nX05,175,102479,65666,-86,12
09:20:38 nX05,175,102479,65660,-91,12
09:20:39 nX05,175,102479,65660,-86,12
09:20:39 nX05,175,102479,65660,-84,12
09:20:40 nX05,175,102479,65640,-87,12
09:20:40 nX05,175,102479,65653,-85,13
09:20:41 nX05,175,102479,65633,-83,12
09:20:41 nX05,175,102479,65646,-81,12
09:20:42 nX05,175,102479,65626,-83,12
09:20:43 nX05,175,102479,65620,-90,12
09:20:44 nX05,175,102479,65613,-86,12
09:20:44 nX05,175,102479,65613,-86,12
09:20:45 nX05,175,102479,65620,-83,13
09:20:45 nX05,175,102479,65593,-80,12
09:20:46 nX05,175,102479,65593,-83,12
09:20:46 nX05,175,102479,65593,-86,12
09:20:47 nX05,175,102479,65573,-82,12
09:20:47 nX05,175,102479,65586,-83,13
09:20:48 nX05,175,102479,65573,-85,13
09:20:48 nX05,175,102479,65566,-84,12
09:20:49 nX05,175,102481,65560,-88,12
09:20:49 nX05,175,102481,65546,-85,12
09:20:50 nX05,175,102481,65553,-87,12
09:20:51 nX05,175,102481,65553,-92,11
09:20:51 nX05,175,102481,65553,-89,12
09:20:52 nX05,175,102483,65553,-92,11
09:20:52 nX05,175,102481,65526,-93,11
09:20:53 nX05,175,102481,65526,-85,13
09:20:53 nX05,175,102481,65533,-85,12
09:20:54 nX05,175,102481,65520,-86,13
09:20:54 nX05,175,102481,65513,-95,10
09:20:55 nX05,175,102481,65500,-90,11
09:20:55 nX05,175,102481,65493,-93,11
09:20:56 nX05,175,102483,65493,-90,11
09:20:57 nX05,175,102481,65493,-91,12
09:20:57 nX05,175,102481,65493,-96,10
09:20:58 nX05,175,102483,65480,-89,12
09:20:58 nX05,175,102483,65473,-87,12
09:20:59 nX05,175,102483,65467,-89,13
09:20:59 nX05,175,102483,65460,-91,12
09:21:00 nX05,175,102483,65460,-89,11
09:21:00 nX05,175,102483,65460,-82,13
09:21:01 nX05,175,102483,65447,-93,11
09:21:01 nX05,175,102483,65453,-82,13
09:21:02 nX05,175,102483,65433,-84,12
09:21:02 nX05,175,102485,65433,-86,12
09:21:03 nX05,175,102483,65433,-82,13
09:21:04 nX05,175,102483,65407,-82,13
09:21:04 nX05,175,102483,65427,-82,13
09:21:05 nX05,175,102483,65407,-86,12
09:21:05 nX05,175,102481,65407,-86,12
09:21:06 nX05,175,102481,65407,-85,13
09:21:06 nX05,175,102481,65394,-83,12
09:21:07 nX05,175,102481,65400,-82,13
09:21:07 nX05,175,102479,65394,-84,12
09:21:08 nX05,175,102479,65380,-82,13
09:21:08 nX05,175,102479,65380,-83,13
09:21:09 nX05,175,102479,65367,-86,11
09:21:10 nX05,175,102479,65380,-84,13
09:21:10 nX05,175,102479,65354,-84,12
09:21:11 nX05,175,102479,65367,-83,11
09:21:11 nX05,175,102479,65347,-86,12
09:21:12 nX05,175,102479,65347,-83,12
09:21:12 nX05,175,102479,65360,-82,13
09:21:13 nX05,175,102479,65354,-80,12
09:21:13 nX05,175,102479,65347,-80,12
09:21:14 nX05,175,102479,65334,-82,13
09:21:14 nX05,175,102479,65340,-81,12
09:21:15 nX05,175,102479,65334,-82,13
09:21:15 nX05,176,102481,65320,-82,13
09:21:16 nX05,175,102479,65314,-82,13
09:21:17 nX05,176,102481,65320,-82,12
09:21:17 nX05,176,102483,65320,-82,13
09:21:18 nX05,176,102481,65306,-84,12
09:21:18 nX05,175,102479,65301,-82,12
09:21:19 nX05,176,102481,65313,-83,13
09:21:19 nX05,176,102481,65306,-82,13
09:21:20 nX05,176,102481,65306,-80,12
09:21:20 nX05,175,102479,65281,-80,13
09:21:21 nX05,175,102479,65287,-80,13
09:21:21 nX05,175,102479,65274,-82,13
09:21:22 nX05,175,102479,65274,-82,13
09:21:23 nX05,175,102479,65274,-89,12
09:21:23 nX05,175,102479,65267,-88,12
09:21:24 nX05,176,102481,65286,-87,12
09:21:24 nX05,176,102481,65273,-87,12
09:21:25 nX05,176,102481,65266,-87,12
09:21:25 nX05,176,102481,65266,-86,13
09:21:26 nX05,176,102481,65260,-86,12
09:21:26 nX05,176,102481,65266,-86,12
09:21:27 nX05,176,102481,65253,-85,13
09:21:27 nX05,176,102481,65247,-86,13
09:21:28 nX05,176,102481,65247,-85,13
09:21:28 nX05,176,102481,65247,-86,13
09:21:29 nX05,176,102481,65240,-86,12
09:21:30 nX05,176,102481,65240,-86,12
09:21:30 nX05,176,102481,65227,-86,13
09:21:31 nX05,176,102481,65220,-86,13
09:21:31 nX05,176,102481,65213,-86,12
09:21:32 nX05,176,102481,65220,-86,12
09:21:32 nX05,176,102481,65207,-86,12
09:21:33 nX05,176,102481,65213,-86,12
09:21:33 nX05,176,102481,65213,-86,12
09:21:34 nX05,176,102483,65180,-85,13
09:21:34 nX05,176,102483,65193,-85,13
09:21:35 nX05,176,102483,65187,-86,13
09:21:35 nX05,176,102481,65187,-86,13
09:21:36 nX05,176,102481,65187,-86,13
09:21:37 nX05,176,102481,65174,-88,13
09:21:37 nX05,176,102481,65180,-82,13
09:21:38 nX05,176,102481,65187,-89,12
09:21:38 nX05,176,102481,65167,-84,12
09:21:39 nX05,176,102479,65167,-80,12
09:21:39 nX05,176,102479,65160,-80,13
09:21:40 nX05,176,102481,65160,-82,12
09:21:40 nX05,176,102479,65160,-81,13
09:21:41 nX05,176,102479,65147,-84,12
09:21:41 nX05,176,102481,65140,-85,13
09:21:42 nX05,176,102481,65140,-82,13
09:21:43 nX05,176,102481,65140,-81,13
09:21:43 nX05,176,102481,65134,-81,12
09:21:44 nX05,176,102481,65140,-81,13
09:21:44 nX05,176,102481,65134,-88,13
09:21:45 nX05,176,102481,65134,-86,12
09:21:45 nX05,176,102481,65134,-84,12
09:21:46 nX05,176,102481,65127,-83,13
09:21:46 nX05,176,102481,65114,-86,13
09:21:47 nX05,177,102481,65096,-91,12
09:21:47 nX05,177,102481,65089,-97,10
09:21:48 nX05,177,102481,65089,-88,13
09:21:48 nX05,177,102483,65096,-86,13
09:21:49 nX05,177,102481,65096,-87,12
09:21:50 nX05,177,102483,65089,-93,11
09:21:50 nX05,177,102483,65076,-87,12
09:21:51 nX05,177,102483,65069,-82,13
09:21:51 nX05,177,102483,65069,-86,12
09:21:52 nX05,177,102483,65069,-87,12
09:21:52 nX05,177,102483,65063,-85,12
09:21:53 nX05,177,102483,65056,-86,12
09:21:53 nX05,177,102483,65056,-88,12
09:21:54 nX05,177,102483,65056,-87,12
09:21:54 nX05,177,102483,65050,-86,12
09:21:55 nX05,177,102483,65056,-85,13
09:21:56 nX05,177,102483,65043,-86,13
09:21:56 nX05,177,102483,65030,-86,12
09:21:57 nX05,177,102483,65023,-87,12
09:21:57 nX05,177,102483,65036,-92,12
09:21:58 nX05,177,102483,65043,-92,11
09:21:58 nX05,177,102483,65036,-89,12
09:21:59 nX05,177,102483,65023,-91,12
09:21:59 nX05,177,102483,65010,-91,12
09:22:00 nX05,177,102483,65023,-90,12
09:22:00 nX05,177,102483,65003,-87,12
09:22:01 nX05,177,102483,65010,-88,13
09:22:01 nX05,177,102483,65003,-91,11
09:22:02 nX05,177,102483,65003,-91,11
09:22:03 nX05,177,102483,64990,-90,12
09:22:03 nX05,177,102483,64997,-90,12
09:22:04 nX05,177,102483,64990,-92,11
09:22:04 nX05,177,102483,64990,-88,12
09:22:05 nX05,177,102483,64977,-92,11
09:22:05 nX05,177,102483,64963,-95,10
09:22:06 nX05,177,102483,64957,-100,7
09:22:06 nX05,177,102483,64977,-96,10
09:22:07 nX05,177,102481,64950,-97,9
09:22:07 nX05,177,102481,64950,-95,11
09:22:08 nX05,177,102481,64943,-99,8
09:22:09 nX05,177,102483,64930,-98,7
09:22:09 nX05,177,102483,64950,-95,10
09:22:10 nX05,177,102483,64937,-94,11
09:22:10 nX05,177,102483,64930,-96,11
09:22:11 nX05,177,102483,64930,-95,11
09:22:11 nX05,177,102483,64924,-101,8
09:22:12 nX05,177,102483,64917,-95,11
09:22:12 nX05,177,102481,64917,-97,9
09:22:13 nX05,177,102483,64917,-82,13
09:22:13 nX05,177,102485,64910,-82,13
09:22:14 nX05,177,102485,64910,-84,13
09:22:14 nX05,177,102485,64910,-88,12
09:22:15 nX05,177,102485,64897,-81,12
09:22:16 nX05,178,102485,64916,-87,12
09:22:16 nX05,177,102485,64877,-81,13
09:22:17 nX05,177,102485,64891,-82,12
09:22:17 nX05,177,102483,64891,-84,12
09:22:18 nX05,177,102485,64897,-83,13
09:22:18 nX05,178,102485,64890,-87,12
09:22:19 nX05,178,102485,64896,-82,13
09:22:19 nX05,178,102485,64890,-86,12
09:22:20 nX05,178,102485,64883,-89,12
09:22:20 nX05,178,102485,64876,-91,11
09:22:21 nX05,178,102485,64890,-83,12
09:22:22 nX05,178,102485,64876,-84,12
09:22:22 nX05,178,102483,64870,-86,13
09:22:23 nX05,178,102485,64850,-88,12
09:22:23 nX05,178,102485,64870,-85,13
09:22:24 nX05,178,102483,64863,-90,12
09:22:24 nX05,178,102485,64863,-89,12
09:22:25 nX05,178,102485,64856,-90,11
09:22:25 nX05,178,102485,64856,-90,11
09:22:26 nX05,178,102485,64856,-91,12
09:22:26 nX05,178,102485,64856,-92,11
09:22:27 nX05,178,102485,64863,-94,11
09:22:27 nX05,178,102487,64850,-91,12
09:22:28 nX05,178,102485,64863,-92,11
09:22:29 nX05,178,102485,64863,-94,11
09:22:29 nX05,178,102485,64856,-96,9
09:22:30 nX05,178,102485,64836,-90,12
09:22:30 nX05,178,102485,64856,-94,11
09:22:31 nX05,178,102485,64850,-92,11
09:22:31 nX05,179,102485,64843,-85,13
09:22:32 nX05,179,102485,64843,-86,12
09:22:32 nX05,179,102485,64836,-88,12
09:22:33 nX05,179,102485,64836,-88,13
09:22:33 nX05,179,102485,64836,-90,12
09:22:34 nX05,179,102485,64836,-87,12
09:22:35 nX05,179,102485,64856,-89,12
09:22:35 nX05,179,102485,64850,-89,12
09:22:36 nX05,179,102483,64830,-86,12
09:22:36 nX05,179,102483,64823,-86,12
09:22:37 nX05,179,102487,64836,-87,13
09:22:37 nX05,179,102487,64836,-87,12
09:22:38 nX05,179,102487,64830,-87,13
09:22:38 nX05,179,102487,64836,-87,12
09:22:39 nX05,179,102487,64836,-87,12
09:22:39 nX05,179,102487,64836,-88,12
09:22:40 nX05,179,102487,64843,-87,12
09:22:40 nX05,180,102487,64845,-91,12
09:22:41 nX05,180,102487,64832,-89,13
09:22:42 nX05,180,102487,64852,-89,12
09:22:42 nX05,180,102487,64845,-92,11
09:22:43 nX05,180,102487,64845,-84,12
09:22:43 nX05,180,102487,64832,-85,13
09:22:44 nX05,180,102487,64825,-87,12
09:22:44 nX05,180,102485,64838,-86,12
09:22:45 nX05,181,102485,64825,-87,12
09:22:45 nX05,181,102483,64825,-82,12
09:22:46 nX05,181,102485,64825,-83,12
09:22:46 nX05,181,102485,64832,-85,13
09:22:47 nX05,181,102485,64819,-87,12
09:22:48 nX05,180,102485,64819,-87,12
09:22:48 nX05,181,102485,64812,-86,13
09:22:49 nX05,181,102485,64819,-86,12
09:22:49 nX05,181,102485,64812,-91,12
09:22:50 nX05,181,102485,64819,-94,11
09:22:50 nX05,181,102485,64819,-85,13
09:22:51 nX05,181,102489,64812,-85,13
09:22:51 nX05,181,102489,64805,-85,12
09:22:52 nX05,181,102489,64825,-86,12
09:22:52 nX05,181,102489,64805,-88,12
09:22:53 nX05,181,102489,64805,-89,11
09:22:53 nX05,182,102489,64805,-88,12
09:22:54 nX05,182,102489,64805,-86,12
09:22:55 nX05,182,102489,64805,-85,12
09:22:55 nX05,182,102489,64792,-84,12
09:22:56 nX05,182,102489,64805,-83,13
09:22:56 nX05,182,102489,64805,-83,12
09:22:57 nX05,182,102489,64805,-83,12
09:22:57 nX05,182,102489,64792,-86,13
09:22:58 nX05,182,102489,64792,-88,12
09:22:58 nX05,182,102489,64792,-88,12
09:22:59 nX05,182,102489,64805,-86,12
09:22:59 nX05,182,102489,64812,-85,12
09:23:00 nX05,182,102489,64805,-86,12
09:23:01 nX05,182,102489,64785,-87,12
09:23:01 nX05,182,102489,64799,-89,11
09:23:02 nX05,182,102489,64779,-92,12
09:23:02 nX05,182,102489,64785,-85,13
09:23:03 nX05,182,102489,64766,-85,13
09:23:03 nX05,183,102489,64785,-91,12
09:23:04 nX05,182,102489,64779,-86,12
09:23:04 nX05,183,102489,64785,-88,13
09:23:05 nX05,183,102489,64791,-88,12
09:23:05 nX05,183,102489,64785,-97,10
09:23:06 nX05,183,102491,64771,-99,9
09:23:06 nX05,182,102491,64779,-88,13
09:23:07 nX05,183,102489,64765,-85,13
09:23:08 nX05,183,102489,64785,-96,11
09:23:08 nX05,183,102487,64785,-87,12
09:23:09 nX05,183,102489,64771,-103,6
09:23:12 Event RX Timeout,,,,
09:23:12 nX05,183,102489,64765,-87,12
09:23:13 nX05,182,102491,64746,-86,12
09:23:13 nX05,182,102491,64752,-91,12
09:23:14 nX05,182,102491,64759,-93,11
09:23:14 nX05,182,102491,64766,-92,12
09:23:15 nX05,182,102491,64746,-91,12
09:23:16 nX05,183,102491,64765,-89,12
09:23:16 nX05,183,102495,64758,-93,11
09:23:17 nX05,183,102495,64751,-92,11
09:23:17 nX05,183,102495,64778,-89,12
09:23:18 nX05,183,102495,64751,-91,12
09:23:18 nX05,183,102495,64758,-89,13
09:23:19 nX05,183,102495,64751,-89,13
09:23:19 nX05,183,102495,64745,-91,12
09:23:20 nX05,183,102495,64745,-93,11
09:23:20 nX05,183,102495,64751,-89,12
09:23:21 nX05,183,102495,64745,-89,12
09:23:22 nX05,183,102495,64751,-90,12
09:23:22 nX05,183,102495,64751,-90,12
09:23:23 nX05,183,102495,64745,-89,13
09:23:23 nX05,183,102495,64732,-92,12
09:23:24 nX05,183,102495,64738,-90,12
09:23:24 nX05,183,102495,64732,-87,13
09:23:25 nX05,183,102493,64738,-89,12
09:23:25 nX05,183,102495,64725,-90,12
09:23:26 nX05,183,102495,64732,-91,12
09:23:26 nX05,183,102495,64732,-89,13
09:23:27 nX05,183,102495,64738,-85,13
09:23:27 nX05,183,102495,64712,-84,12
09:23:28 nX05,183,102495,64725,-83,13
09:23:29 nX05,183,102495,64712,-84,12
09:23:29 nX05,184,102495,64698,-82,13
09:23:30 nX05,184,102495,64698,-82,13
09:23:30 nX05,184,102495,64698,-84,12
09:23:31 nX05,184,102495,64712,-83,12
09:23:31 nX05,184,102495,64705,-84,12
09:23:32 nX05,184,102495,64698,-83,12
09:23:32 nX05,184,102495,64705,-82,13
09:23:33 nX05,184,102495,64712,-81,12
09:23:33 nX05,184,102495,64692,-81,12
09:23:34 nX05,184,102495,64692,-83,12
09:23:35 nX05,184,102495,64685,-87,12
09:23:35 nX05,184,102495,64692,-100,7
09:23:36 nX05,184,102495,64685,-82,13
09:23:36 nX05,184,102495,64692,-85,12
09:23:37 nX05,183,102495,64679,-92,11
09:23:37 nX05,184,102495,64672,-88,13
09:23:38 nX05,184,102495,64679,-88,13
09:23:38 nX05,184,102495,64665,-85,13
09:23:39 nX05,183,102495,64672,-86,12
09:23:39 nX05,184,102495,64659,-84,12
09:23:40 nX05,184,102495,64665,-84,12
09:23:40 nX05,184,102495,64659,-85,12
09:23:41 nX05,184,102495,64659,-85,13
09:23:42 nX05,184,102495,64652,-88,12
09:23:42 nX05,184,102495,64645,-92,12
09:23:43 nX05,184,102495,64652,-89,11
09:23:43 nX05,184,102495,64639,-85,12
09:23:44 nX05,183,102495,64639,-84,12
09:23:44 nX05,184,102495,64632,-84,12
09:23:45 nX05,184,102497,64632,-86,13
09:23:45 nX05,184,102497,64645,-85,13
09:23:46 nX05,184,102497,64626,-84,13
09:23:46 nX05,184,102497,64626,-86,12
09:23:47 nX05,184,102497,64619,-87,12
09:23:48 nX05,184,102497,64626,-86,13
09:23:48 nX05,184,102497,64619,-87,12
09:23:49 nX05,184,102497,64626,-87,13
09:23:49 nX05,184,102497,64626,-85,13
09:23:50 nX05,184,102495,64619,-84,12
09:23:50 nX05,184,102497,64613,-86,12
09:23:51 nX05,184,102497,64613,-85,13
09:23:51 nX05,183,102497,64599,-86,12
09:23:52 nX05,183,102499,64606,-87,12
09:23:52 nX05,183,102497,64593,-86,12
09:23:53 nX05,183,102497,64606,-85,13
09:23:53 nX05,184,102497,64593,-87,12
09:23:54 nX05,183,102497,64579,-82,13
09:23:55 nX05,183,102499,64579,-88,13
09:23:56 nX05,183,102499,64579,-84,12
09:23:56 nX05,183,102499,64579,-90,12
09:23:57 nX05,183,102499,64566,-82,13
09:23:57 nX05,183,102499,64560,-89,12
09:23:58 nX05,183,102499,64579,-86,12
09:23:58 nX05,183,102499,64560,-87,12
09:23:59 nX05,183,102499,64560,-87,12
09:23:59 nX05,183,102499,64546,-88,13
09:24:00 nX05,183,102499,64553,-88,12
09:24:00 nX05,183,102499,64553,-88,12
09:24:01 nX05,183,102499,64533,-88,12
09:24:01 nX05,183,102499,64540,-88,12
09:24:02 nX05,183,102499,64546,-88,12
09:24:03 nX05,183,102499,64546,-87,12
09:24:03 nX05,183,102497,64533,-89,12
09:24:04 nX05,183,102497,64540,-89,12
09:24:04 nX05,183,102499,64520,-88,12
09:24:05 nX05,183,102497,64520,-89,11
09:24:05 nX05,183,102499,64520,-89,12
09:24:06 nX05,183,102497,64513,-90,11
09:24:06 nX05,183,102499,64520,-88,12
09:24:07 nX05,183,102499,64500,-88,12
09:24:07 nX05,183,102499,64507,-92,11
09:24:08 nX05,183,102499,64520,-97,10
09:24:09 nX05,183,102499,64513,-100,7
09:24:09 nX05,183,102499,64487,-98,8
09:24:10 nX05,183,102499,64493,-96,9
09:24:10 nX05,183,102499,64493,-93,11
09:24:11 nX05,183,102499,64493,-94,11
09:24:11 nX05,183,102499,64480,-95,10
09:24:12 nX05,183,102499,64473,-93,12
09:24:12 nX05,183,102501,64487,-85,13
09:24:13 nX05,183,102501,64473,-91,10
09:24:13 nX05,184,102501,64480,-95,12
09:24:14 nX05,183,102503,64473,-96,10
09:24:14 nX05,183,102503,64467,-95,11
09:24:15 nX05,183,102503,64467,-97,7
09:24:16 nX05,183,102503,64467,-89,13
09:24:16 nX05,183,102505,64447,-86,11
09:24:17 nX05,183,102505,64454,-96,7
09:24:17 nX05,183,102505,64440,-91,10
09:24:18 nX05,183,102505,64440,-91,11
09:24:18 nX05,183,102505,64454,-94,9
09:24:19 nX05,183,102503,64447,-92,9
09:24:19 nX05,183,102505,64440,-92,10
09:24:20 nX05,183,102505,64434,-94,11
09:24:20 nX05,183,102505,64434,-95,10
09:24:21 nX05,183,102505,64421,-86,12
09:24:21 nX05,183,102505,64427,-89,11
09:24:22 nX05,183,102505,64421,-93,10
09:24:23 nX05,183,102505,64421,-94,12
09:24:23 nX05,183,102505,64421,-94,12
09:24:24 nX05,183,102503,64421,-95,11
09:24:24 nX05,183,102503,64414,-94,11
09:24:25 nX05,183,102503,64407,-92,11
09:24:25 nX05,183,102503,64401,-92,11
09:24:26 nX05,183,102503,64421,-91,12
09:24:26 nX05,183,102503,64414,-89,11
09:24:27 nX05,183,102503,64407,-90,11
09:24:27 nX05,183,102503,64407,-89,11
09:24:28 nX05,183,102503,64407,-90,12
09:24:29 nX05,183,102503,64414,-88,12
09:24:29 nX05,183,102503,64407,-89,12
09:24:30 nX05,183,102503,64407,-89,12
09:24:30 nX05,183,102505,64414,-92,11
09:24:31 nX05,183,102505,64401,-95,10
09:24:31 nX05,183,102503,64407,-95,10
09:24:32 nX05,183,102503,64414,-93,11
09:24:32 nX05,183,102503,64414,-90,12
09:24:33 nX05,183,102505,64414,-87,13
09:24:33 nX05,183,102503,64414,-89,12
09:24:34 nX05,183,102503,64414,-91,12
09:24:34 nX05,183,102503,64414,-89,12
09:24:35 nX05,183,102503,64427,-89,12
09:24:36 nX05,184,102503,64427,-90,12
09:24:36 nX05,184,102503,64427,-91,11
09:24:37 nX05,184,102503,64434,-93,11
09:24:37 nX05,184,102503,64440,-96,9
09:24:38 nX05,184,102503,64427,-96,11
09:24:38 nX05,184,102503,64440,-93,12
09:24:39 nX05,184,102503,64440,-101,8
09:24:39 nX05,184,102503,64454,-92,12
09:24:40 nX05,184,102503,64454,-99,9
09:24:40 nX05,184,102503,64454,-91,12
09:24:41 nX05,184,102503,64460,-90,12
09:24:42 nX05,184,102503,64460,-88,13
09:24:42 nX05,184,102503,64454,-93,11
09:24:43 nX05,184,102501,64473,-84,12
09:24:43 nX05,184,102501,64467,-83,12
09:24:44 nX05,185,102503,64486,-82,13
09:24:45 nX05,185,102507,64486,-82,13
09:24:45 nX05,185,102507,64499,-96,10
09:24:46 nX05,184,102501,64493,-89,12
09:24:46 nX05,184,102497,64493,-89,12
09:24:47 nX05,184,102497,64493,-85,13
09:24:50 Event RX Timeout,,,,
09:24:53 Event RX Timeout,,,,
09:24:56 Event RX Timeout,,,,
09:24:59 Event RX Timeout,,,,
09:25:02 Event RX Timeout,,,,
09:25:05 Event RX Timeout,,,,
09:25:08 Event RX Timeout,,,,
09:25:11 Event RX Timeout,,,,
09:25:14 Event RX Timeout,,,,
09:25:17 Event RX Timeout,,,,
09:25:20 Event RX Timeout,,,,
09:25:23 Event RX Timeout,,,,
09:25:26 Event RX Timeout,,,,
09:25:29 Event RX Timeout,,,,
09:25:32 Event RX Timeout,,,,
09:25:35 Event RX Timeout,,,,
09:25:38 Event RX Timeout,,,,
09:25:41 Event RX Timeout,,,,
09:25:44 Event RX Timeout,,,,
09:25:47 Event RX Timeout,,,,
09:25:50 Event RX Timeout,,,,
09:25:53 Event RX Timeout,,,,
09:25:56 Event RX Timeout,,,,
09:25:59 Event RX Timeout,,,,
09:26:02 Event RX Timeout,,,,
09:26:05 Event RX Timeout,,,,
09:26:08 Event RX Timeout,,,,
09:26:11 Event RX Timeout,,,,
09:26:14 Event RX Timeout,,,,
09:26:17 Event RX Timeout,,,,
09:26:20 Event RX Timeout,,,,
09:26:22 Event RX Timeout,,,,
09:26:25 Event RX Timeout,,,,
09:26:28 Event RX Timeout,,,,
09:26:31 Event RX Timeout,,,,
09:26:34 Event RX Timeout,,,,
09:26:37 Event RX Timeout,,,,
09:26:40 Event RX Timeout,,,,
09:26:43 Event RX Timeout,,,,
09:26:46 Event RX Timeout,,,,
09:26:49 Event RX Timeout,,,,
09:26:52 Event RX Timeout,,,,
09:26:55 Event RX Timeout,,,,
09:26:58 Event RX Timeout,,,,
09:27:01 Event RX Timeout,,,,
09:27:04 Event RX Timeout,,,,
09:27:07 Event RX Timeout,,,,
09:27:10 Event RX Timeout,,,,
09:27:13 Event RX Timeout,,,,
09:27:14 nX05,-97,10
09:27:15 nX05,190,102501,67963,-94,11
09:27:15 nX05,189,102501,67950,-99,9
09:27:16 nX05,189,102501,67957,-98,9
09:27:16 nX05,189,102499,67957,-92,10
09:27:17 nX05,190,102499,67943,-98,8
09:27:17 nX05,190,102499,67943,-95,11
09:27:18 nX05,190,102497,67943,-103,6
09:27:18 nX05,190,102497,67950,-100,8
09:27:19 nX05,190,102499,67937,-98,9
09:27:20 nX05,190,102501,67923,-103,6
09:27:23 Event RX Timeout,,,,
09:27:23 nX05,190,102499,67930,-101,7
09:27:24 nX05,189,102499,67889,-101,8
09:27:24 nX05,189,102499,67889,-101,6
09:27:25 nX05,189,102499,67883,-103,6
09:27:26 nX05,189,102499,67863,-97,10
09:27:26 nX05,190,102497,67883,-103,6
09:27:27 nX05,190,102497,67856,-96,10
09:27:27 nX05,190,102499,67856,-109,-3
09:27:28 nX05,190,102499,67842,-101,7
09:27:28 nX05,190,102501,67842,-102,6
09:27:29 nX05,190,102501,67829,-98,9
09:27:29 nX05,190,102499,67822,-105,4
09:27:31 nX05,190,102499,67815,-101,7
09:27:31 nX05,190,102501,67809,-96,10
09:27:32 nX05,190,102497,67802,-96,10
09:27:32 nX05,190,102499,67802,-97,10
09:27:33 nX05,190,102501,67768,-97,10
09:27:33 nX05,191,102499,67789,-99,9
09:27:34 nX05,190,102499,67762,-97,10
09:27:34 nX05,190,102499,67748,-98,10
09:27:35 nX05,190,102499,67755,-99,9
09:27:35 nX05,190,102497,67748,-102,6
09:27:36 nX05,190,102499,67721,-97,10
09:27:36 nX05,190,102499,67721,-101,8
09:27:37 nX05,190,102499,67715,-97,10
09:27:38 nX05,191,102497,67688,-94,12
09:27:39 nX05,190,102499,67694,-98,9
09:27:39 nX05,190,102499,67674,-107,3
09:27:40 nX05,190,102499,67674,-100,6
09:27:40 nX05,190,102499,67661,-98,6
09:27:41 nX05,191,102499,67661,-96,8
09:27:41 nX05,191,102499,67654,-97,8
09:27:42 nX05,191,102499,67634,-95,10
09:27:42 nX05,191,102499,67647,-97,8
09:27:43 nX05,191,102499,67627,-103,3
09:27:44 nX05,191,102499,67634,-94,10
09:27:44 nX05,191,102499,67621,-97,9
09:27:45 nX05,191,102499,67607,-94,10
09:27:45 nX05,191,102501,67614,-100,8
09:27:46 nX05,191,102501,67587,-94,11
09:27:46 nX05,191,102501,67594,-95,10
09:27:47 nX05,191,102501,67573,-92,12
09:27:47 nX05,191,102501,67587,-94,11
09:27:48 nX05,190,102501,67547,-96,10
09:27:48 nX05,191,102501,67553,-96,9
09:27:49 nX05,190,102499,67547,-101,7
09:27:50 nX05,191,102499,67540,-93,11
09:27:50 nX05,191,102499,67533,-93,11
09:27:51 nX05,190,102499,67526,-95,11
09:27:51 nX05,191,102499,67513,-101,6
09:27:52 nX05,191,102499,67500,-99,8
09:27:52 nX05,191,102501,67500,-99,8
09:27:53 nX05,191,102501,67486,-105,4
09:27:53 nX05,191,102501,67500,-95,10
09:27:54 nX05,190,102499,67479,-95,9
09:27:54 nX05,191,102499,67473,-95,10
09:27:55 nX05,191,102499,67466,-93,11
09:27:55 nX05,191,102499,67459,-97,9
09:27:56 nX05,191,102497,67453,-98,8
09:27:57 nX05,191,102499,67453,-92,11
09:27:57 nX05,191,102499,67439,-94,10
09:27:58 nX05,191,102497,67446,-91,11
09:27:58 nX05,191,102499,67433,-96,9
09:27:59 nX05,191,102497,67412,-94,11
09:27:59 nX05,191,102499,67406,-91,11
09:28:00 nX05,191,102497,67406,-96,9
09:28:00 nX05,190,102499,67392,-95,9
09:28:01 nX05,190,102499,67385,-94,11
09:28:01 nX05,190,102499,67379,-94,11
09:28:02 nX05,190,102499,67385,-93,11
09:28:02 nX05,191,102499,67379,-94,11
09:28:03 nX05,191,102499,67372,-93,11
09:28:04 nX05,190,102499,67379,-93,11
09:28:04 nX05,191,102499,67372,-93,11
09:28:05 nX05,191,102499,67365,-92,11
09:28:05 nX05,191,102501,67359,-92,12
09:28:06 nX05,191,102499,67352,-91,12
09:28:06 nX05,191,102499,67352,-92,12
09:28:07 nX05,191,102499,67332,-93,11
09:28:07 nX05,191,102499,67332,-95,10
09:28:08 nX05,191,102499,67332,-99,9
09:28:08 nX05,191,102499,67332,-103,5
09:28:09 nX05,191,102499,67312,-101,6
09:28:10 nX05,191,102501,67318,-99,8
09:28:10 nX05,191,102501,67318,-97,8
09:28:11 nX05,191,102499,67312,-97,9
09:28:11 nX05,191,102499,67305,-97,9
09:28:12 nX05,191,102499,67305,-100,8
09:28:12 nX05,191,102499,67298,-98,9
09:28:13 nX05,191,102499,67285,-97,10
09:28:13 nX05,191,102499,67278,-96,10
09:28:14 nX05,191,102499,67258,-94,11
09:28:14 nX05,191,102499,67271,-94,10
09:28:15 nX05,190,102499,67258,-93,10
09:28:15 nX05,190,102499,67258,-94,10
09:28:16 nX05,190,102499,67251,-92,11
09:28:17 nX05,190,102499,67245,-92,11
09:28:17 nX05,190,102499,67251,-90,11
09:28:18 nX05,190,102499,67238,-90,11
09:28:18 nX05,190,102495,67218,-90,12
09:28:19 nX05,190,102495,67225,-92,12
09:28:19 nX05,190,102495,67218,-95,10
09:28:20 nX05,190,102495,67204,-101,7
09:28:20 nX05,191,102497,67204,-97,10
09:28:21 nX05,191,102497,67198,-92,12
09:28:21 nX05,190,102495,67184,-92,12
09:28:22 nX05,190,102493,67171,-93,11
09:28:22 nX05,190,102495,67184,-94,11
09:28:23 nX05,190,102495,67177,-98,10
09:28:24 nX05,190,102495,67171,-98,9
09:28:24 nX05,190,102495,67157,-94,11
09:28:25 nX05,191,102495,67164,-94,10
09:28:25 nX05,191,102495,67157,-95,9
09:28:26 nX05,191,102493,67151,-99,8
09:28:26 nX05,191,102493,67137,-103,6
09:28:27 nX05,191,102493,67144,-104,4
09:28:27 nX05,191,102493,67144,-95,11
09:28:28 nX05,191,102495,67131,-94,10
09:28:28 nX05,191,102495,67131,-93,11
09:28:29 nX05,191,102495,67124,-90,10
09:28:30 nX05,191,102495,67117,-91,11
09:28:30 nX05,191,102497,67124,-90,11
09:28:31 nX05,191,102499,67117,-89,11
09:28:31 nX05,191,102499,67111,-93,10
09:28:32 nX05,191,102499,67111,-88,12
09:28:32 nX05,191,102499,67111,-94,10
09:28:33 nX05,191,102499,67077,-94,11
09:28:33 nX05,191,102499,67104,-95,10
09:28:34 nX05,191,102499,67097,-96,10
09:28:34 nX05,191,102499,67084,-95,11
09:28:35 nX05,191,102501,67091,-96,9
09:28:35 nX05,191,102501,67077,-92,11
09:28:36 nX05,191,102501,67077,-100,9
09:28:37 nX05,191,102503,67077,-107,2
09:28:37 nX05,191,102503,67077,-97,10
09:28:38 nX05,191,102503,67071,-96,10
09:28:38 nX05,192,102503,67070,-92,12
09:28:39 nX05,192,102501,67063,-93,11
09:28:39 nX05,192,102499,67076,-90,12
09:28:40 nX05,192,102499,67056,-92,11
09:28:40 nX05,192,102497,67043,-94,11
09:28:41 nX05,192,102497,67056,-90,12
09:28:41 nX05,192,102497,67043,-88,13
09:28:42 nX05,192,102497,67036,-89,12
09:28:42 nX05,192,102497,67036,-89,12
09:28:43 nX05,192,102499,67029,-91,12
09:28:44 nX05,192,102499,67036,-91,11
09:28:44 nX05,192,102499,67029,-92,10
09:28:45 nX05,192,102501,67023,-93,10
09:28:45 nX05,192,102499,67016,-95,11
09:28:46 nX05,192,102499,67002,-96,9
09:28:46 nX05,192,102501,67009,-93,11
09:28:47 nX05,192,102499,67009,-95,11
09:28:47 nX05,193,102499,66997,-95,10
09:28:48 nX05,193,102497,66977,-95,10
09:28:48 nX05,193,102497,66977,-95,10
09:28:49 nX05,193,102497,66970,-99,8
09:28:50 nX05,193,102499,66970,-96,10
09:28:50 nX05,193,102497,66964,-104,4
09:28:51 nX05,193,102497,66964,-100,6
09:28:51 nX05,193,102499,66957,-96,10
09:28:52 nX05,193,102499,66950,-94,11
09:28:52 nX05,193,102499,66957,-93,11
09:28:53 nX05,193,102499,66944,-95,10
09:28:53 nX05,193,102499,66937,-97,9
09:28:54 nX05,193,102499,66937,-98,8
09:28:54 nX05,193,102499,66937,-94,11
09:28:55 nX05,193,102499,66924,-88,12
09:28:55 nX05,193,102501,66910,-94,12
09:28:56 nX05,193,102499,66917,-95,11
09:28:57 nX05,193,102499,66910,-97,10
09:28:57 nX05,194,102499,66916,-103,6
09:28:58 nX05,194,102497,66909,-101,7
09:28:58 nX05,194,102497,66889,-94,11
09:28:59 nX05,194,102499,66896,-93,11
09:28:59 nX05,194,102499,66889,-93,11
09:29:00 nX05,194,102501,66889,-94,11
09:29:00 nX05,194,102503,66869,-104,5
09:29:01 nX05,194,102503,66876,-102,4
09:29:01 nX05,194,102501,66869,-98,8
09:29:02 nX05,194,102501,66856,-95,10
09:29:02 nX05,194,102501,66869,-98,9
09:29:03 nX05,194,102501,66869,-102,6
09:29:04 nX05,194,102501,66849,-92,11
09:29:04 nX05,194,102501,66849,-91,11
09:29:05 nX05,194,102501,66843,-90,12
09:29:05 nX05,194,102501,66836,-91,11
09:29:06 nX05,194,102501,66836,-92,11
09:29:06 nX05,194,102501,66829,-91,12
09:29:07 nX05,194,102501,66822,-91,12
09:29:07 nX05,194,102501,66816,-92,11
09:29:08 nX05,194,102501,66822,-93,11
09:29:08 nX05,194,102501,66822,-93,11
09:29:09 nX05,194,102501,66802,-94,10
09:29:10 nX05,194,102501,66816,-96,10
09:29:10 nX05,194,102503,66802,-95,10
09:29:11 nX05,194,102501,66796,-92,11
09:29:11 nX05,194,102501,66789,-91,12
09:29:12 nX05,194,102501,66782,-93,11
09:29:12 nX05,194,102501,66782,-93,11
09:29:13 nX05,194,102503,66789,-92,11
09:29:13 nX05,194,102503,66789,-92,11
09:29:14 nX05,194,102501,66776,-92,11
09:29:14 nX05,194,102501,66782,-93,11
09:29:15 nX05,194,102501,66769,-91,12
09:29:15 nX05,194,102501,66749,-90,12
09:29:16 nX05,195,102501,66762,-93,11
09:29:17 nX05,195,102501,66762,-93,11
09:29:17 nX05,195,102501,66736,-93,11
09:29:18 nX05,195,102501,66749,-93,11
09:29:18 nX05,195,102501,66742,-97,9
09:29:19 nX05,195,102501,66742,-97,10
09:29:19 nX05,195,102501,66736,-93,11
09:29:20 nX05,195,102503,66722,-94,12
09:29:20 nX05,195,102501,66736,-93,11
09:29:21 nX05,195,102501,66715,-92,11
09:29:21 nX05,195,102499,66715,-94,11
09:29:22 nX05,195,102501,66709,-92,10
09:29:22 nX05,195,102499,66715,-91,12
09:29:23 nX05,195,102501,66709,-100,7
09:29:24 nX05,195,102501,66689,-91,12
09:29:24 nX05,195,102501,66689,-95,9
09:29:25 nX05,195,102501,66695,-100,7
09:29:25 nX05,195,102499,66682,-92,11
09:29:26 nX05,195,102499,66682,-93,11
09:29:26 nX05,194,102499,66669,-95,10
09:29:27 nX05,195,102499,66675,-98,8
09:29:27 nX05,194,102499,66675,-102,7
09:29:28 nX05,195,102499,66662,-106,3
09:29:28 nX05,195,102501,66649,-98,9
09:29:29 nX05,194,102499,66655,-95,11
09:29:30 nX05,194,102499,66649,-97,8
09:29:30 nX05,194,102499,66649,-99,8
09:29:31 nX05,194,102501,66642,-96,10
09:29:31 nX05,195,102501,66635,-96,11
09:29:32 nX05,195,102501,66628,-104,5
09:29:32 nX05,194,102501,66622,-92,11
09:29:33 nX05,194,102499,66635,-91,12
09:29:33 nX05,195,102499,66628,-93,8
09:29:34 nX05,194,102499,66608,-94,11
09:29:34 nX05,195,102499,66622,-96,9
09:29:35 nX05,194,102499,66608,-95,10
09:29:35 nX05,194,102501,66602,-92,10
09:29:36 nX05,194,102501,66608,-97,10
09:29:37 nX05,194,102501,66595,-90,10
09:29:37 nX05,194,102501,66595,-91,11
09:29:38 nX05,194,102501,66588,-92,10
09:29:38 nX05,194,102501,66595,-97,9
09:29:39 Event RX Error,,,,
09:29:42 Event RX Timeout,,,,
09:29:43 nX05,195,102499,66575,-99,5
09:29:43 nX05,194,102501,66568,-100,6
09:29:44 nX05,194,102499,66555,-97,8
09:29:45 nX05,194,102503,66542,-90,12
09:29:45 nX05,194,102501,66555,-93,11
09:29:46 nX05,194,102501,66548,-98,9
09:29:46 nX05,194,102501,66542,-96,10
09:29:47 nX05,194,102501,66542,-95,11
09:29:48 nX05,194,102499,66522,-91,12
09:29:48 nX05,194,102501,66535,-91,11
09:29:49 nX05,194,102501,66535,-93,10
09:29:49 nX05,194,102501,66528,-100,8
09:29:50 nX05,194,102499,66522,-99,8
09:29:50 nX05,194,102499,66528,-97,8
09:29:51 nX05,194,102501,66528,-98,9
09:29:51 nX05,194,102499,66522,-97,9
09:29:52 nX05,194,102499,66522,-98,10
09:29:52 nX05,194,102501,66522,-98,9
09:29:53 nX05,194,102499,66502,-97,9
09:29:53 nX05,194,102501,66522,-93,11
09:29:54 nX05,194,102501,66515,-91,12
09:29:55 nX05,194,102499,66515,-99,8
09:29:58 Event RX Timeout,,,,
09:29:58 nX05,194,102499,66515,-89,12
09:29:59 nX05,194,102497,66488,-88,13
09:30:00 nX05,193,102499,66509,-89,11
09:30:00 nX05,194,102499,66495,-88,12
09:30:01 nX05,194,102499,66508,-98,9
09:30:01 nX05,194,102501,66508,-94,11
09:30:02 nX05,194,102501,66502,-92,12
09:30:02 nX05,194,102501,66502,-97,10
09:30:03 nX05,194,102501,66515,-98,9
09:30:03 nX05,194,102501,66502,-101,7
09:30:04 nX05,195,102503,66508,-104,5
09:30:04 nX05,195,102503,66502,-92,11
09:30:05 nX05,194,102501,66508,-92,12
09:30:05 nX05,194,102503,66488,-97,10
09:30:06 nX05,194,102503,66495,-96,10
09:30:07 nX05,195,102503,66482,-104,5
09:30:07 nX05,194,102501,66482,-94,10
09:30:08 nX05,194,102501,66482,-93,11
09:30:08 nX05,194,102501,66495,-100,8
09:30:09 nX05,194,102499,66475,-97,10
09:30:09 nX05,194,102501,66482,-98,10
09:30:12 Event RX Timeout,,,,
09:30:13 nX05,194,102501,66475,-95,11
09:30:14 nX05,194,102501,66461,-94,11
09:30:14 nX05,194,102499,66461,-89,12
09:30:15 nX05,194,102499,66461,-92,11
09:30:15 nX05,194,102503,66495,-97,10
09:30:16 nX05,194,102503,66468,-102,7
09:30:16 nX05,194,102503,66482,-98,10
09:30:17 nX05,194,102503,66475,-93,11
09:30:17 nX05,194,102503,66468,-101,7
09:30:18 nX05,194,102503,66461,-90,12
09:30:19 nX05,194,102503,66461,-94,10
09:30:19 nX05,194,102503,66455,-97,9
09:30:20 nX05,194,102503,66461,-90,11
09:30:20 nX05,194,102501,66461,-92,12
09:30:21 nX05,194,102501,66468,-91,12
09:30:21 nX05,194,102499,66448,-91,12
09:30:22 nX05,194,102495,66455,-96,10
09:30:22 nX05,194,102499,66455,-106,2
09:30:23 nX05,194,102497,66468,-93,11
09:30:23 nX05,194,102501,66461,-95,10
09:30:24 nX05,194,102499,66468,-88,13
09:30:24 nX05,194,102499,66461,-88,13
09:30:25 nX05,194,102499,66468,-87,12
09:30:26 nX05,194,102499,66461,-91,12
09:30:26 nX05,194,102499,66468,-89,12
09:30:27 nX05,194,102497,66468,-88,12
09:30:27 nX05,194,102499,66461,-93,10
09:30:28 nX05,194,102499,66448,-97,9
09:30:28 nX05,194,102499,66448,-98,9
09:30:29 nX05,194,102501,66468,-96,10
09:30:29 nX05,194,102501,66468,-105,5
09:30:30 nX05,194,102501,66461,-102,6
09:30:30 nX05,194,102501,66482,-97,8
09:30:31 nX05,194,102501,66475,-94,11
09:30:32 nX05,194,102499,66461,-92,12
09:30:32 nX05,194,102501,66468,-95,11
09:30:33 nX05,195,102499,66475,-102,7
09:30:33 nX05,194,102499,66461,-90,11
09:30:34 nX05,195,102499,66468,-88,13
09:30:34 nX05,194,102501,66468,-95,11
09:30:35 nX05,194,102499,66468,-91,12
09:30:35 nX05,194,102499,66475,-98,10
09:30:36 nX05,194,102499,66468,-91,11
09:30:36 nX05,194,102499,66468,-95,11
09:30:37 nX05,194,102499,66468,-96,10
09:30:37 nX05,194,102499,66468,-95,11
09:30:38 nX05,194,102497,66475,-94,11
09:30:39 nX05,194,102499,66475,-92,12
09:30:39 nX05,194,102499,66475,-108,-1
09:30:40 nX05,194,102499,66488,-92,11
09:30:40 nX05,194,102499,66461,-90,12
09:30:41 nX05,194,102497,66468,-95,11
09:30:41 nX05,194,102497,66488,-97,9
09:30:42 nX05,194,102497,66475,-103,4
09:30:42 nX05,194,102499,66475,-93,11
09:30:43 nX05,194,102501,66482,-98,10
09:30:43 nX05,194,102501,66482,-98,9
09:30:44 nX05,194,102501,66475,-93,11
09:30:45 nX05,194,102501,66475,-92,11
09:30:45 nX05,195,102501,66495,-90,11
09:30:46 nX05,195,102501,66495,-94,11
09:30:46 nX05,195,102501,66468,-93,11
09:30:47 nX05,195,102501,66488,-101,8
09:30:47 nX05,195,102499,66475,-92,11
09:30:48 nX05,195,102499,66482,-89,12
09:30:48 nX05,195,102497,66482,-98,9
09:30:49 nX05,195,102497,66488,-98,10
09:30:49 nX05,195,102497,66482,-94,11
09:30:50 nX05,195,102497,66488,-97,10
09:30:50 nX05,195,102497,66482,-94,12
09:30:51 nX05,195,102497,66488,-101,7
09:30:52 nX05,195,102497,66468,-93,11
09:30:52 nX05,195,102497,66488,-92,12
09:30:53 nX05,195,102497,66488,-102,7
09:30:53 nX05,195,102497,66495,-95,11
09:30:54 nX05,195,102497,66495,-94,11
09:30:54 nX05,195,102497,66502,-94,11
09:30:55 nX05,195,102497,66482,-94,12
09:30:55 nX05,195,102497,66495,-97,9
09:30:56 nX05,195,102499,66495,-89,12
09:30:56 nX05,195,102499,66502,-98,8
09:30:57 nX05,195,102499,66502,-97,10
09:30:57 nX05,195,102499,66495,-102,7
09:30:58 nX05,196,102501,66507,-93,11
09:30:59 nX05,196,102501,66507,-91,12
09:30:59 nX05,195,102499,66488,-92,11
09:31:00 nX05,196,102503,66501,-95,10
09:31:00 nX05,196,102503,66507,-109,-1
09:31:01 nX05,195,102499,66488,-97,10
09:31:01 nX05,195,102499,66495,-96,10
09:31:02 nX05,195,102499,66495,-100,8
09:31:02 nX05,195,102499,66502,-96,10
09:31:03 nX05,195,102499,66502,-94,11
09:31:03 nX05,195,102499,66515,-93,11
09:31:04 nX05,196,102501,66507,-92,11
09:31:05 nX05,196,102501,66507,-97,10
09:31:05 nX05,195,102499,66488,-96,10
09:31:06 nX05,195,102497,66495,-90,12
09:31:06 nX05,195,102497,66495,-91,12
09:31:07 nX05,195,102497,66502,-92,11
09:31:07 nX05,195,102497,66508,-91,12
09:31:08 nX05,195,102497,66508,-92,11
09:31:08 nX05,195,102497,66502,-93,12
09:31:09 nX05,195,102497,66515,-93,12
09:31:09 nX05,195,102497,66502,-92,12
09:31:10 nX05,195,102497,66508,-94,11
09:31:10 nX05,195,102497,66508,-93,11
09:31:11 nX05,195,102497,66508,-93,12
09:31:12 nX05,195,102497,66502,-97,10
09:31:12 nX05,195,102497,66522,-95,11
09:31:13 nX05,195,102497,66515,-95,10
09:31:13 nX05,195,102497,66515,-95,11
09:31:14 nX05,195,102497,66515,-102,6
09:31:14 nX05,195,102497,66515,-95,11
09:31:15 nX05,196,102499,66521,-91,12
09:31:15 nX05,196,102499,66514,-89,12
09:31:16 nX05,195,102497,66502,-93,11
09:31:16 nX05,195,102497,66515,-91,12
09:31:17 nX05,195,102497,66508,-91,12
09:31:17 nX05,196,102499,66521,-91,11
09:31:18 nX05,196,102499,66521,-89,11
09:31:19 nX05,196,102499,66527,-96,10
09:31:19 nX05,196,102499,66534,-92,11
09:31:20 nX05,196,102499,66527,-94,11
09:31:20 nX05,196,102499,66527,-92,11
09:31:21 nX05,196,102499,66534,-95,10
09:31:21 nX05,196,102499,66541,-97,10
09:31:22 nX05,196,102499,66534,-94,11
09:31:22 nX05,196,102499,66527,-97,10
09:31:23 nX05,196,102499,66547,-98,10
09:31:23 nX05,196,102499,66527,-95,11
09:31:24 nX05,196,102499,66534,-97,10
09:31:25 nX05,196,102499,66521,-98,9
09:31:25 nX05,196,102499,66527,-93,11
09:31:26 nX05,196,102499,66534,-94,11
09:31:26 nX05,196,102501,66521,-92,11
09:31:27 nX05,196,102499,66521,-94,10
09:31:27 nX05,196,102499,66527,-90,12
09:31:28 nX05,196,102499,66527,-92,11
09:31:28 nX05,196,102499,66527,-92,12
09:31:29 nX05,196,102499,66527,-96,10
09:31:29 nX05,196,102497,66507,-95,9
09:31:30 nX05,196,102499,66521,-96,10
09:31:30 nX05,196,102499,66507,-92,12
09:31:31 nX05,197,102499,66527,-101,6
09:31:32 nX05,197,102501,66521,-99,8
09:31:32 nX05,197,102499,66514,-93,11
09:31:33 nX05,197,102499,66534,-95,10
09:31:33 nX05,197,102499,66527,-94,11
09:31:34 nX05,197,102499,66521,-95,11
09:31:34 nX05,197,102499,66514,-103,4
09:31:35 nX05,197,102501,66507,-100,8
09:31:35 nX05,197,102501,66527,-101,6
09:31:36 nX05,197,102499,66514,-96,9
09:31:36 nX05,197,102499,66527,-92,12
09:31:37 nX05,197,102499,66534,-104,6
09:31:37 nX05,197,102499,66521,-102,7
09:31:38 nX05,197,102499,66527,-101,7
09:31:39 nX05,197,102499,66521,-93,11
09:31:39 nX05,197,102499,66521,-99,9
09:31:40 nX05,197,102499,66514,-100,8
09:31:40 nX05,197,102499,66527,-96,10
09:31:41 nX05,197,102499,66507,-94,10
09:31:41 nX05,197,102499,66521,-95,10
09:31:42 nX05,197,102499,66521,-94,11
09:31:42 nX05,197,102497,66527,-97,10
09:31:43 nX05,197,102497,66527,-99,8
09:31:43 nX05,197,102497,66521,-89,11
09:31:44 nX05,197,102497,66527,-99,9
09:31:45 nX05,198,102503,66537,-95,11
09:31:45 nX05,198,102503,66517,-93,11
09:31:46 nX05,197,102497,66514,-96,10
09:31:46 nX05,198,102501,66537,-96,10
09:31:47 nX05,198,102503,66531,-97,9
09:31:47 nX05,198,102503,66524,-100,7
09:31:48 nX05,197,102497,66514,-95,11
09:31:48 nX05,197,102497,66521,-98,9
09:31:49 nX05,198,102503,66524,-100,7
09:31:49 nX05,198,102503,66524,-93,11
09:31:50 nX05,198,102503,66524,-95,11
09:31:50 nX05,198,102503,66517,-88,12
09:31:51 nX05,198,102503,66524,-94,11
09:31:52 nX05,198,102503,66531,-92,11
09:31:52 Event RX Error,,,,
09:31:55 Event RX Timeout,,,,
09:31:56 nX05,198,102503,66524,-92,11
09:31:56 nX05,197,102499,66514,-95,10
09:31:57 nX05,197,102499,66514,-92,11
09:31:58 nX05,197,102499,66514,-108,-1
09:31:58 nX05,197,102497,66521,-99,9
09:31:59 nX05,197,102499,66514,-103,6
09:31:59 nX05,198,102503,66524,-99,7
09:32:00 nX05,198,102503,66531,-97,9
09:32:00 nX05,198,102503,66517,-91,11
09:32:01 nX05,198,102503,66517,-95,10
09:32:01 nX05,198,102503,66510,-99,8
09:32:02 nX05,198,102503,66517,-94,11
09:32:02 nX05,198,102501,66517,-96,10
09:32:03 nX05,198,102501,66517,-92,11
09:32:04 nX05,198,102501,66510,-95,11
09:32:04 nX05,198,102501,66497,-96,10
09:32:05 nX05,198,102501,66517,-99,7
09:32:05 nX05,198,102501,66504,-94,10
09:32:06 nX05,198,102501,66510,-99,7
09:32:06 nX05,198,102503,66497,-104,4
09:32:07 nX05,198,102503,66504,-97,9
09:32:07 nX05,198,102503,66497,-93,11
09:32:08 nX05,198,102503,66490,-96,9
09:32:08 nX05,198,102503,66484,-96,9
09:32:09 nX05,198,102503,66497,-95,11
09:32:09 nX05,198,102503,66484,-89,12
09:32:10 nX05,198,102501,66490,-95,10
09:32:11 nX05,198,102503,66484,-100,9
09:32:11 nX05,198,102503,66464,-95,10
09:32:12 nX05,198,102503,66477,-95,11
09:32:12 nX05,198,102503,66477,-96,10
09:32:13 nX05,198,102503,66484,-94,10
09:32:13 nX05,198,102503,66477,-94,11
09:32:14 nX05,198,102503,66470,-105,4
09:32:14 nX05,198,102503,66477,-94,11
09:32:15 nX05,198,102503,66464,-96,11
09:32:15 nX05,198,102503,66457,-95,11
09:32:16 nX05,198,102501,66464,-97,10
09:32:17 nX05,198,102501,66470,-103,6
09:32:17 nX05,198,102501,66457,-99,8
09:32:18 nX05,198,102501,66457,-100,9
09:32:18 nX05,198,102501,66457,-100,8
09:32:19 nX05,198,102503,66464,-98,7
09:32:19 nX05,198,102501,66437,-97,10
09:32:20 nX05,198,102501,66450,-93,11
09:32:20 nX05,198,102501,66464,-90,12
09:32:21 nX05,198,102501,66444,-92,11
09:32:21 nX05,198,102501,66437,-93,11
09:32:22 nX05,198,102501,66457,-91,10
09:32:22 nX05,198,102499,66430,-90,12
09:32:23 nX05,198,102501,66437,-91,11
09:32:24 nX05,198,102501,66457,-92,11
09:32:24 nX05,199,102501,66444,-89,12
09:32:25 nX05,199,102501,66444,-87,12
09:32:25 nX05,199,102501,66437,-88,12
09:32:26 nX05,198,102501,66437,-90,12
09:32:26 nX05,198,102501,66437,-90,12
09:32:27 nX05,199,102501,66437,-90,11
09:32:27 nX05,198,102501,66437,-89,12
09:32:28 nX05,199,102501,66430,-90,10
09:32:28 nX05,199,102499,66430,-90,12
09:32:29 nX05,199,102501,66437,-90,11
09:32:29 nX05,199,102501,66424,-90,12
09:32:30 nX05,199,102501,66430,-91,12
09:32:31 nX05,199,102499,66417,-90,12
09:32:31 nX05,199,102499,66417,-91,12
09:32:32 nX05,199,102499,66417,-90,12
09:32:32 nX05,199,102499,66410,-89,12
09:32:33 nX05,199,102499,66404,-91,12
09:32:33 nX05,199,102499,66410,-91,12
09:32:34 nX05,199,102499,66404,-91,12
09:32:34 nX05,199,102499,66397,-91,12
09:32:35 nX05,199,102501,66404,-90,11
09:32:35 nX05,199,102501,66390,-88,13
09:32:36 nX05,199,102501,66410,-91,12
09:32:37 nX05,199,102501,66404,-93,11
09:32:37 nX05,199,102501,66397,-101,7
09:32:38 nX05,199,102501,66404,-96,9
09:32:38 nX05,199,102501,66397,-96,10
09:32:39 nX05,199,102503,66390,-97,10
09:32:39 nX05,199,102503,66390,-95,11
09:32:40 nX05,200,102503,66396,-94,10
09:32:40 nX05,200,102503,66383,-92,11
09:32:41 nX05,200,102505,66389,-94,11
09:32:41 nX05,200,102505,66383,-93,11
09:32:42 nX05,200,102503,66396,-92,12
09:32:42 nX05,200,102503,66376,-96,10
09:32:43 nX05,200,102503,66376,-96,10
09:32:44 nX05,200,102503,66363,-101,8
09:32:44 nX05,200,102503,66369,-99,9
09:32:45 nX05,200,102501,66363,-95,10
09:32:45 nX05,200,102503,66369,-95,11
09:32:46 nX05,200,102503,66349,-96,10
09:32:47 nX05,200,102503,66356,-101,7
09:32:47 nX05,199,102503,66350,-92,11
09:32:48 nX05,199,102499,66343,-97,10
09:32:48 nX05,199,102499,66343,-96,11
09:32:49 nX05,199,102499,66330,-94,11
09:32:50 nX05,199,102503,66330,-97,10
09:32:50 nX05,199,102499,66323,-97,10
09:32:51 nX05,200,102501,66336,-97,10
09:32:51 nX05,200,102501,66343,-92,11
09:32:52 nX05,200,102501,66329,-90,12
09:32:52 nX05,200,102501,66329,-89,12
09:32:53 nX05,200,102499,66336,-89,12
09:32:53 nX05,200,102499,66322,-105,3
09:32:54 nX05,200,102499,66329,-92,11
09:32:54 nX05,200,102499,66329,-97,9
09:32:55 nX05,200,102499,66336,-95,11
09:32:56 nX05,200,102499,66329,-93,11
09:32:56 nX05,200,102499,66322,-92,11
09:32:57 nX05,200,102499,66322,-100,8
09:32:57 nX05,200,102499,66336,-90,12
09:32:58 nX05,200,102499,66316,-92,11
09:32:58 nX05,200,102499,66329,-92,11
09:32:59 nX05,200,102499,66316,-104,5
09:32:59 nX05,200,102499,66309,-104,5
09:33:00 nX05,201,102499,66316,-97,10
09:33:00 nX05,201,102499,66322,-92,11
09:33:01 nX05,201,102499,66316,-91,12
09:33:01 nX05,201,102499,66316,-95,11
09:33:02 nX05,201,102499,66316,-93,12
09:33:03 nX05,201,102499,66329,-94,11
09:33:03 nX05,201,102499,66316,-91,13
09:33:04 nX05,201,102503,66343,-92,11
09:33:04 nX05,201,102503,66336,-99,9
09:33:05 nX05,201,102503,66322,-94,11
09:33:05 nX05,201,102503,66322,-94,11
09:33:06 nX05,201,102505,66329,-94,11
09:33:06 nX05,201,102503,66322,-95,10
09:33:07 nX05,201,102503,66322,-98,10
09:33:07 nX05,201,102503,66322,-92,12
09:33:08 nX05,201,102503,66309,-106,3
09:33:08 nX05,201,102503,66322,-94,11
09:33:09 nX05,201,102501,66322,-91,12
09:33:10 nX05,201,102501,66309,-92,12
09:33:10 nX05,201,102501,66336,-94,11
09:33:11 nX05,202,102501,66316,-104,5
09:33:11 nX05,202,102501,66309,-96,11
09:33:12 nX05,202,102499,66322,-92,11
09:33:12 nX05,201,102501,66309,-93,11
09:33:13 nX05,201,102499,66309,-92,12
09:33:13 nX05,201,102499,66316,-97,10
09:33:14 nX05,201,102499,66309,-99,9
09:33:14 nX05,202,102501,66316,-95,9
09:33:15 nX05,202,102501,66302,-95,10
09:33:16 nX05,202,102501,66309,-91,12
09:33:16 nX05,202,102501,66302,-94,11
09:33:17 nX05,202,102501,66296,-100,6
09:33:17 nX05,202,102501,66302,-94,10
09:33:18 nX05,202,102503,66302,-94,11
09:33:18 Event RX Error,,,,
09:33:21 Event RX Timeout,,,,
09:33:22 nX05,202,102503,66276,-89,13
09:33:23 nX05,201,102503,66296,-90,11
09:33:23 nX05,201,102503,66296,-89,12
09:33:24 nX05,201,102501,66276,-94,10
09:33:24 nX05,202,102501,66282,-96,10
09:33:25 nX05,202,102499,66289,-93,11
09:33:25 nX05,202,102499,66296,-96,10
09:33:26 nX05,202,102499,66296,-93,11
09:33:26 nX05,202,102499,66302,-95,10
09:33:27 nX05,202,102499,66289,-99,9
09:33:28 nX05,202,102501,66282,-91,12
09:33:28 nX05,202,102499,66276,-94,11
09:33:29 nX05,202,102499,66289,-91,10
09:33:29 nX05,202,102499,66302,-100,6
09:33:30 nX05,202,102501,66289,-95,10
09:33:30 nX05,202,102499,66296,-90,11
09:33:31 nX05,202,102499,66296,-97,8
09:33:31 nX05,202,102499,66302,-93,10
09:33:32 nX05,202,102499,66296,-97,9
09:33:32 nX05,202,102499,66309,-89,11
09:33:33 nX05,202,102499,66296,-93,11
09:33:33 nX05,202,102501,66289,-93,11
09:33:34 nX05,202,102499,66282,-96,10
09:33:35 nX05,202,102499,66289,-92,10
09:33:35 nX05,202,102499,66282,-96,10
09:33:36 nX05,202,102497,66296,-91,12
09:33:36 nX05,202,102499,66296,-102,5
09:33:37 nX05,202,102499,66309,-90,12
09:33:37 nX05,202,102499,66289,-100,7
09:33:38 nX05,202,102499,66296,-105,3
09:33:38 nX05,202,102497,66296,-100,8
09:33:39 nX05,202,102497,66289,-89,12
09:33:39 nX05,202,102497,66289,-92,11
09:33:40 nX05,202,102497,66289,-93,10
09:33:40 nX05,202,102497,66282,-94,11
09:33:41 nX05,202,102497,66282,-95,10
09:33:42 Event RX Error,,,,
09:33:45 Event RX Timeout,,,,
09:33:45 nX05,202,102497,66296,-93,11
09:33:46 nX05,202,102499,66289,-92,11
09:33:47 nX05,201,102499,66282,-92,11
09:33:47 nX05,201,102499,66296,-98,9
09:33:48 nX05,202,102501,66309,-92,11
09:33:48 nX05,202,102501,66309,-92,11
09:33:49 nX05,201,102501,66302,-95,10
09:33:49 nX05,202,102501,66289,-87,12
09:33:52 Event RX Timeout,,,,
09:33:55 Event RX Timeout,,,,
09:33:58 Event RX Timeout,,,,
09:34:01 Event RX Timeout,,,,
09:34:04 Event RX Timeout,,,,
09:34:07 Event RX Timeout,,,,
09:34:10 Event RX Timeout,,,,
09:34:13 Event RX Timeout,,,,
09:34:16 Event RX Timeout,,,,
09:34:19 Event RX Timeout,,,,
