09:51:30 nX05,217,102507,65546,-62,8
09:51:31 nX05,218,102507,65545,-61,10
09:51:32 nX05,218,102507,65545,-65,9
09:51:33 nX05,218,102507,65545,-63,9
09:51:34 nX05,218,102507,65539,-61,9
09:51:35 nX05,218,102507,65539,-68,9
09:51:36 nX05,218,102507,65539,-60,10
09:51:37 nX05,218,102505,65525,-61,9
09:51:39 nX05,219,102505,65532,-64,8
09:51:40 nX05,219,102505,65519,-62,8
09:51:41 nX05,219,102505,65519,-63,8
09:51:42 nX05,219,102503,65512,-62,8
09:51:43 nX05,219,102503,65512,-61,9
09:51:44 nX05,220,102505,65518,-62,9
09:51:45 nX05,220,102505,65511,-64,9
09:51:46 nX05,220,102505,65505,-67,10
09:51:47 nX05,220,102505,65498,-64,9
09:51:48 nX05,220,102505,65505,-63,8
09:51:49 nX05,220,102505,65505,-61,8
09:51:50 nX05,221,102505,65498,-61,10
09:51:51 nX05,221,102505,65498,-63,9
09:51:52 nX05,221,102503,65485,-63,9
09:51:53 nX05,221,102503,65498,-62,8
09:51:54 nX05,221,102503,65491,-61,9
09:51:55 nX05,221,102505,65485,-63,9
09:51:56 nX05,222,102505,65491,-65,8
09:51:57 nX05,222,102505,65478,-66,8
09:51:58 nX05,222,102503,65478,-61,9
09:51:59 nX05,222,102503,65478,-63,9
09:52:00 nX05,222,102503,65478,-66,9
09:52:01 nX05,222,102503,65458,-63,8
09:52:02 nX05,223,102501,65464,-62,8
09:52:04 nX05,223,102501,65464,-63,9
09:52:05 nX05,223,102501,65464,-62,9
09:52:06 nX05,223,102501,65457,-61,8
09:52:07 nX05,223,102501,65437,-63,8
09:52:08 nX05,223,102503,65450,-63,9
09:52:09 nX05,223,102503,65450,-61,9
09:52:10 nX05,223,102503,65450,-60,9
09:52:11 nX05,224,102503,65437,-61,8
09:52:12 nX05,224,102503,65437,-62,9
09:52:13 nX05,224,102501,65437,-62,8
09:52:14 nX05,224,102501,65437,-64,8
09:52:15 nX05,224,102501,65437,-64,9
09:52:16 nX05,224,102503,65424,-61,8
09:52:17 nX05,224,102501,65417,-61,9
09:52:18 nX05,225,102501,65409,-62,9
09:52:19 nX05,225,102501,65402,-62,8
09:52:20 nX05,225,102501,65389,-63,9
09:52:21 nX05,225,102507,65395,-62,8
09:52:22 nX05,225,102507,65382,-63,8
09:52:23 nX05,225,102505,65395,-62,8
09:52:24 nX05,225,102505,65382,-62,8
09:52:25 nX05,226,102505,65376,-62,8
09:52:26 nX05,226,102505,65362,-63,8
09:52:27 nX05,226,102505,65369,-62,8
09:52:29 nX05,226,102505,65376,-61,8
09:52:30 nX05,226,102505,65369,-62,8
09:52:31 nX05,226,102505,65362,-62,8
09:52:32 nX05,226,102505,65356,-61,8
09:52:33 nX05,226,102503,65356,-61,9
09:52:34 nX05,226,102505,65356,-63,9
09:52:35 nX05,227,102505,65355,-62,9
09:52:36 nX05,227,102503,65348,-62,9
09:52:37 nX05,227,102503,65362,-66,8
09:52:38 nX05,227,102501,65342,-63,8
09:52:39 nX05,227,102505,65342,-63,8
09:52:40 nX05,227,102503,65328,-63,8
09:52:41 nX05,227,102503,65335,-62,8
09:52:42 nX05,227,102505,65322,-64,9
09:52:43 nX05,227,102503,65328,-64,8
09:52:44 nX05,227,102503,65295,-64,9
09:52:45 nX05,227,102503,65315,-63,8
09:52:46 nX05,228,102503,65308,-65,9
09:52:47 nX05,228,102503,65308,-64,9
09:52:48 nX05,228,102503,65295,-65,10
09:52:49 nX05,228,102503,65289,-65,9
09:52:50 nX05,228,102503,65302,-65,9
09:52:51 nX05,228,102503,65295,-64,9
09:52:52 nX05,228,102503,65282,-64,9
09:52:54 nX05,228,102503,65289,-64,10
09:52:55 nX05,228,102503,65289,-63,9
09:52:56 nX05,229,102503,65294,-64,9
09:52:57 nX05,228,102501,65269,-63,8
09:52:58 nX05,228,102501,65275,-66,8
09:52:59 nX05,229,102501,65274,-67,9
09:53:00 nX05,229,102501,65261,-68,9
09:53:01 nX05,229,102503,65241,-69,8
09:53:02 nX05,229,102501,65254,-67,8
09:53:03 nX05,229,102501,65248,-68,10
09:53:04 nX05,229,102499,65248,-66,9
09:53:05 nX05,229,102501,65248,-67,8
09:53:06 nX05,229,102499,65234,-63,8
09:53:07 nX05,229,102499,65241,-64,9
09:53:08 nX05,229,102499,65228,-62,8
09:53:09 nX05,230,102501,65215,-64,9
09:53:10 nX05,230,102501,65228,-65,10
09:53:11 nX05,230,102501,65215,-63,9
09:53:12 nX05,230,102499,65201,-63,9
09:53:13 nX05,230,102501,65208,-64,8
09:53:14 nX05,230,102501,65208,-60,9
09:53:15 nX05,230,102499,65195,-61,9
09:53:16 nX05,230,102501,65188,-61,9
09:53:17 nX05,230,102499,65201,-61,9
09:53:19 nX05,231,102501,65201,-64,10
09:53:20 nX05,231,102503,65195,-63,8
09:53:21 nX05,231,102503,65188,-62,8
09:53:22 nX05,231,102503,65181,-64,9
09:53:23 nX05,231,102501,65181,-64,9
09:53:24 nX05,231,102501,65181,-64,9
09:53:25 nX05,231,102501,65175,-65,9
09:53:26 nX05,232,102501,65174,-64,9
09:53:27 nX05,232,102499,65180,-65,9
09:53:28 nX05,232,102501,65180,-67,8
09:53:29 nX05,232,102501,65160,-66,8
09:53:30 nX05,232,102501,65167,-65,9
09:53:31 nX05,232,102501,65154,-66,9
09:53:32 nX05,232,102501,65160,-65,9
09:53:33 nX05,232,102505,65154,-65,9
09:53:34 nX05,232,102505,65160,-65,9
09:53:35 nX05,232,102505,65160,-66,8
09:53:36 nX05,233,102505,65141,-63,9
09:53:37 nX05,233,102505,65141,-63,9
09:53:38 nX05,233,102505,65134,-63,10
09:53:39 nX05,233,102505,65134,-62,8
09:53:40 nX05,233,102505,65134,-62,8
09:53:41 nX05,233,102503,65134,-64,9
09:53:42 nX05,233,102503,65134,-63,8
09:53:44 nX05,233,102503,65127,-66,8
09:53:45 nX05,233,102501,65121,-61,9
09:53:46 nX05,234,102503,65124,-62,8
09:53:47 nX05,234,102503,65117,-63,9
09:53:48 nX05,234,102501,65110,-64,10
09:53:49 nX05,234,102501,65117,-63,9
09:53:50 nX05,234,102501,65110,-63,8
09:53:51 nX05,234,102503,65110,-66,8
09:53:52 nX05,234,102501,65104,-66,9
09:53:53 nX05,234,102503,65084,-64,8
09:53:54 nX05,234,102503,65097,-64,8
09:53:55 nX05,234,102503,65097,-68,10
09:53:56 nX05,234,102503,65104,-64,9
09:53:57 nX05,234,102503,65084,-66,9
09:53:58 nX05,234,102503,65090,-64,9
09:53:59 nX05,234,102501,65084,-62,8
09:54:00 nX05,234,102503,65084,-64,10
09:54:01 nX05,234,102503,65077,-62,9
09:54:02 nX05,234,102503,65077,-64,8
09:54:03 nX05,234,102503,65077,-66,9
09:54:04 nX05,234,102503,65064,-63,8
09:54:05 nX05,234,102503,65051,-65,9
09:54:06 nX05,234,102503,65077,-68,9
09:54:07 nX05,234,102503,65071,-65,9
09:54:09 nX05,235,102503,65044,-66,8
09:54:10 nX05,235,102505,65051,-64,9
09:54:11 nX05,234,102503,65037,-64,9
09:54:12 nX05,235,102503,65024,-63,8
09:54:13 nX05,234,102505,65044,-64,8
09:54:14 nX05,234,102505,65037,-62,9
09:54:15 nX05,234,102503,65037,-63,8
09:54:16 nX05,234,102505,65024,-63,9
09:54:17 nX05,234,102505,65017,-61,9
09:54:18 nX05,234,102505,65017,-67,9
09:54:19 nX05,234,102505,65011,-65,9
09:54:20 nX05,234,102503,65011,-63,8
09:54:21 nX05,234,102503,65011,-62,9
09:54:22 nX05,234,102503,64998,-64,9
09:54:23 nX05,234,102503,65011,-63,8
09:54:24 nX05,234,102503,65017,-65,9
09:54:25 nX05,234,102503,65011,-66,8
09:54:26 nX05,234,102505,65004,-65,8
09:54:27 nX05,234,102505,65004,-65,9
09:54:28 nX05,235,102505,64998,-65,9
09:54:29 nX05,235,102505,65004,-65,9
09:54:30 nX05,235,102503,64984,-66,8
09:54:31 nX05,235,102505,64984,-65,9
09:54:32 nX05,235,102505,64998,-65,9
09:54:34 nX05,235,102505,64991,-66,8
09:54:35 nX05,235,102505,64984,-66,9
09:54:36 nX05,235,102505,64998,-66,8
09:54:37 nX05,235,102505,64998,-63,9
09:54:38 nX05,235,102505,64998,-62,8
09:54:39 nX05,235,102505,64998,-61,9
09:54:40 nX05,235,102503,64971,-64,9
09:54:41 nX05,235,102503,64991,-62,8
09:54:42 nX05,235,102503,64991,-65,10
09:54:43 nX05,235,102503,64984,-63,9
09:54:44 nX05,235,102505,64984,-63,9
09:54:45 nX05,235,102505,64998,-64,9
09:54:46 nX05,235,102505,64991,-64,10
09:54:47 nX05,235,102505,64998,-62,8
09:54:48 nX05,235,102505,64991,-63,8
09:54:49 nX05,235,102505,64978,-64,9
09:54:50 nX05,235,102505,64991,-64,10
09:54:51 nX05,236,102505,65003,-64,10
09:54:52 nX05,236,102505,64997,-62,8
09:54:53 nX05,236,102503,64990,-61,9
09:54:54 nX05,236,102503,64990,-64,10
09:54:55 nX05,236,102503,64997,-63,9
09:54:56 nX05,236,102505,65003,-61,9
09:54:57 nX05,236,102503,64997,-65,9
09:54:59 nX05,236,102503,64963,-64,9
09:55:00 nX05,236,102503,64997,-61,9
09:55:01 nX05,236,102503,64983,-62,8
09:55:02 nX05,236,102503,64983,-61,9
09:55:03 nX05,236,102505,64990,-62,8
09:55:04 nX05,236,102503,64977,-68,9
09:55:05 nX05,236,102503,64983,-65,9
09:55:06 nX05,236,102503,64983,-65,9
09:55:07 nX05,236,102503,64977,-66,8
09:55:08 nX05,236,102501,64983,-65,9
09:55:09 nX05,236,102501,64977,-63,9
09:55:10 nX05,236,102499,64977,-63,8
09:55:11 nX05,236,102499,64970,-64,9
09:55:12 nX05,236,102501,64970,-65,9
09:55:13 nX05,236,102501,64963,-63,9
09:55:14 nX05,236,102505,64957,-65,9
09:55:15 nX05,236,102503,64963,-64,9
09:55:16 nX05,236,102503,64963,-63,9
09:55:17 nX05,236,102503,64944,-65,9
09:55:18 nX05,236,102505,64957,-68,9
09:55:19 nX05,236,102507,64944,-61,9
09:55:20 nX05,236,102507,64950,-64,9
09:55:21 nX05,236,102507,64944,-66,8
09:55:22 nX05,236,102507,64950,-63,9
09:55:24 nX05,236,102507,64944,-65,9
09:55:25 nX05,236,102507,64930,-65,9
09:55:26 nX05,236,102505,64944,-68,10
09:55:27 nX05,236,102505,64930,-66,8
09:55:28 nX05,236,102505,64930,-65,9
09:55:29 nX05,236,102503,64924,-66,8
09:55:30 nX05,237,102503,64924,-64,9
09:55:31 nX05,237,102503,64937,-63,9
09:55:32 nX05,237,102503,64930,-64,9
09:55:33 nX05,237,102503,64937,-65,9
09:55:34 nX05,237,102503,64924,-67,9
09:55:35 nX05,237,102503,64917,-65,9
09:55:36 nX05,237,102503,64917,-64,9
09:55:37 nX05,237,102503,64924,-65,9
09:55:38 nX05,238,102503,64929,-65,9
09:55:39 nX05,238,102503,64936,-68,9
09:55:40 nX05,238,102503,64936,-65,9
09:55:41 nX05,238,102503,64923,-62,8
09:55:42 nX05,238,102503,64916,-65,9
09:55:43 nX05,238,102505,64936,-64,9
09:55:44 nX05,238,102505,64929,-62,9
09:55:45 nX05,238,102505,64929,-63,9
09:55:46 nX05,238,102505,64936,-61,9
09:55:47 nX05,238,102505,64936,-62,8
09:55:49 nX05,238,102505,64929,-61,8
09:55:50 nX05,239,102505,64929,-61,9
09:55:51 nX05,239,102503,64936,-62,9
09:55:52 nX05,239,102503,64929,-61,9
09:55:53 nX05,239,102503,64923,-64,9
09:55:54 nX05,239,102503,64929,-66,8
09:55:55 nX05,239,102503,64929,-67,9
09:55:56 nX05,239,102503,64936,-65,9
09:55:57 nX05,239,102503,64923,-65,9
09:55:58 nX05,239,102503,64923,-66,9
09:55:59 nX05,239,102503,64929,-67,8
09:56:00 nX05,239,102501,64936,-63,9
09:56:01 nX05,239,102503,64909,-63,9
09:56:02 nX05,240,102509,64928,-63,9
09:56:03 nX05,240,102507,64935,-63,9
09:56:04 nX05,240,102507,64942,-64,9
09:56:05 nX05,240,102505,64942,-63,8
09:56:06 nX05,240,102505,64935,-61,9
09:56:07 nX05,240,102505,64928,-62,9
09:56:08 nX05,240,102505,64922,-63,8
09:56:09 nX05,240,102505,64928,-63,8
09:56:10 nX05,240,102505,64942,-63,9
09:56:11 nX05,240,102505,64935,-63,8
09:56:12 nX05,240,102505,64935,-61,9
09:56:14 nX05,240,102503,64928,-63,8
09:56:15 nX05,241,102503,64917,-62,8
09:56:16 nX05,241,102503,64917,-65,9
09:56:17 nX05,241,102503,64904,-66,8
09:56:18 nX05,241,102505,64911,-62,8
09:56:19 nX05,241,102503,64917,-61,9
09:56:20 nX05,241,102505,64917,-64,9
09:56:21 nX05,241,102505,64904,-64,9
09:56:22 nX05,241,102503,64904,-62,9
09:56:23 nX05,241,102503,64911,-65,9
09:56:24 nX05,241,102503,64911,-65,9
09:56:25 nX05,241,102503,64897,-64,9
09:56:26 nX05,241,102503,64897,-67,9
09:56:27 nX05,241,102501,64911,-67,10
09:56:28 nX05,242,102503,64904,-65,9
09:56:29 nX05,242,102501,64904,-64,9
09:56:30 nX05,242,102501,64897,-68,9
09:56:48 Event RX Timeout,,,,
09:56:51 Event RX Timeout,,,,
09:56:54 Event RX Timeout,,,,
09:56:57 Event RX Timeout,,,,
09:57:00 Event RX Timeout,,,,
09:57:03 Event RX Timeout,,,,
09:57:06 Event RX Timeout,,,,
09:57:09 Event RX Timeout,,,,
09:57:12 Event RX Timeout,,,,
09:57:15 Event RX Timeout,,,,
09:57:18 Event RX Timeout,,,,
09:57:21 Event RX Timeout,,,,
09:57:24 Event RX Timeout,,,,
09:57:27 Event RX Timeout,,,,
09:57:30 Event RX Timeout,,,,
09:57:33 Event RX Timeout,,,,
09:57:36 Event RX Timeout,,,,
09:57:39 Event RX Timeout,,,,
09:57:42 Event RX Timeout,,,,
09:57:45 Event RX Timeout,,,,
09:57:48 Event RX Timeout,,,,
09:57:51 Event RX Timeout,,,,
09:57:54 Event RX Timeout,,,,
09:57:57 Event RX Timeout,,,,
09:58:00 Event RX Timeout,,,,
09:58:03 Event RX Timeout,,,,
09:58:06 Event RX Timeout,,,,
09:58:09 Event RX Timeout,,,,
09:58:12 Event RX Timeout,,,,
09:58:15 Event RX Timeout,,,,
09:58:18 Event RX Timeout,,,,
09:58:21 Event RX Timeout,,,,
09:58:24 Event RX Timeout,,,,
09:58:27 Event RX Timeout,,,,
09:58:30 Event RX Timeout,,,,
09:58:33 Event RX Timeout,,,,
09:58:36 Event RX Timeout,,,,
09:58:39 Event RX Timeout,,,,
09:58:42 Event RX Timeout,,,,
09:58:45 Event RX Timeout,,,,
09:58:48 Event RX Timeout,,,,
09:58:51 Event RX Timeout,,,,
09:58:51 nX05,-83,7
09:58:52 nX05,257,102483,65258,-83,9
09:58:53 nX05,257,102481,65264,-85,8
09:58:54 nX05,257,102481,65264,-85,9
09:58:55 nX05,257,102479,65264,-82,9
09:58:56 nX05,257,102479,65264,-81,9
09:58:57 nX05,257,102479,65271,-87,8
09:58:58 nX05,258,102477,65267,-96,8
09:58:59 nX05,258,102477,65254,-81,8
09:59:01 nX05,258,102477,65267,-79,9
09:59:02 nX05,258,102477,65260,-84,9
09:59:03 nX05,258,102481,65254,-84,8
09:59:04 nX05,258,102481,65247,-94,7
09:59:05 nX05,258,102481,65254,-84,9
09:59:06 nX05,258,102481,65247,-82,9
09:59:07 nX05,259,102479,65247,-82,8
09:59:08 nX05,259,102479,65254,-83,8
09:59:09 nX05,259,102479,65247,-81,8
09:59:10 nX05,259,102479,65254,-84,8
09:59:11 nX05,259,102479,65240,-84,8
09:59:12 nX05,259,102479,65247,-83,9
09:59:13 nX05,259,102479,65221,-82,9
09:59:14 nX05,259,102479,65240,-82,8
09:59:15 nX05,259,102479,65234,-81,9
09:59:16 nX05,259,102479,65234,-89,8
09:59:17 nX05,259,102479,65234,-85,9
09:59:18 nX05,259,102479,65234,-86,9
09:59:19 nX05,259,102479,65214,-93,8
09:59:20 nX05,259,102479,65227,-84,8
09:59:21 nX05,259,102479,65221,-80,8
09:59:22 nX05,259,102479,65227,-81,9
09:59:23 nX05,260,102479,65226,-84,8
09:59:24 nX05,260,102479,65239,-88,8
09:59:26 nX05,260,102479,65226,-87,8
09:59:27 nX05,260,102479,65226,-87,8
09:59:28 nX05,260,102481,65220,-90,8
09:59:29 nX05,260,102481,65226,-85,8
09:59:30 nX05,260,102481,65226,-83,9
09:59:31 nX05,260,102481,65226,-85,9
09:59:32 nX05,260,102481,65226,-83,9
09:59:33 nX05,260,102481,65233,-81,9
09:59:34 nX05,260,102481,65246,-81,8
09:59:35 nX05,260,102481,65220,-98,7
09:59:36 nX05,260,102481,65233,-79,8
09:59:37 nX05,260,102483,65233,-89,8
09:59:38 nX05,260,102483,65226,-90,8
09:59:39 nX05,260,102483,65233,-94,7
09:59:40 nX05,260,102481,65239,-87,8
09:59:41 nX05,260,102481,65246,-92,7
09:59:42 nX05,261,102481,65253,-87,8
09:59:43 nX05,261,102481,65233,-94,5
09:59:44 nX05,261,102481,65233,-91,8
09:59:45 nX05,261,102481,65246,-83,9
09:59:46 nX05,261,102481,65260,-82,9
09:59:47 nX05,261,102481,65260,-87,8
09:59:48 nX05,261,102479,65253,-83,10
09:59:49 nX05,261,102479,65266,-86,8
09:59:51 nX05,261,102479,65266,-80,9
09:59:52 nX05,261,102479,65266,-81,8
09:59:53 nX05,262,102481,65260,-81,9
09:59:54 nX05,262,102481,65266,-82,8
09:59:55 nX05,262,102481,65266,-96,6
09:59:56 nX05,262,102481,65266,-86,9
09:59:57 nX05,262,102481,65273,-86,8
09:59:58 nX05,263,102483,65265,-85,9
09:59:59 nX05,263,102483,65292,-89,6
10:00:00 nX05,263,102483,65278,-81,8
10:00:01 nX05,263,102483,65272,-80,9
10:00:02 nX05,263,102481,65292,-81,8
10:00:03 nX05,263,102481,65292,-81,9
10:00:04 nX05,263,102481,65298,-83,9
10:00:05 nX05,264,102483,65285,-85,8
10:00:06 nX05,264,102483,65292,-85,8
10:00:07 nX05,264,102483,65292,-90,4
10:00:08 nX05,264,102483,65305,-83,9
10:00:09 nX05,264,102481,65292,-80,9
10:00:10 nX05,264,102483,65305,-89,8
10:00:11 Event RX Error,,,,
10:00:14 Event RX Timeout,,,,
10:00:16 nX05,265,102481,65311,-79,8
10:00:17 nX05,265,102483,65337,-84,7
10:00:18 nX05,265,102483,65337,-83,10
10:00:20 nX05,265,102481,65337,-85,8
10:00:21 nX05,265,102481,65344,-80,9
10:00:22 nX05,265,102483,65344,-78,8
10:00:23 nX05,265,102483,65357,-77,9
10:00:24 nX05,266,102483,65357,-79,9
10:00:25 nX05,266,102483,65364,-82,8
10:00:26 nX05,266,102483,65344,-83,8
10:00:27 nX05,266,102483,65364,-88,8
10:00:28 nX05,266,102479,65371,-87,8
10:00:29 nX05,266,102479,65364,-82,9
10:00:30 nX05,266,102479,65377,-83,8
10:00:31 nX05,266,102479,65371,-86,8
10:00:32 nX05,266,102479,65364,-88,7
10:00:33 nX05,266,102479,65371,-76,9
10:00:34 nX05,267,102479,65387,-82,9
10:00:35 nX05,267,102479,65387,-81,8
10:00:36 nX05,267,102477,65387,-86,7
10:00:37 nX05,267,102479,65387,-80,8
10:00:38 nX05,267,102479,65387,-82,9
10:00:39 nX05,267,102481,65393,-87,5
10:00:41 nX05,267,102485,65393,-86,6
10:00:42 nX05,267,102485,65400,-81,9
10:00:43 nX05,267,102483,65400,-79,8
10:00:44 nX05,267,102483,65420,-87,8
10:00:45 nX05,267,102483,65407,-80,9
10:00:46 nX05,267,102481,65400,-81,9
10:00:47 nX05,267,102481,65407,-82,8
10:00:48 nX05,267,102483,65413,-80,9
10:00:49 nX05,268,102483,65413,-82,8
10:00:50 nX05,268,102481,65420,-85,9
10:00:51 nX05,268,102481,65420,-88,8
10:00:52 nX05,268,102481,65420,-83,10
10:00:53 nX05,268,102481,65413,-82,9
10:00:54 nX05,268,102481,65427,-80,9
10:00:55 nX05,268,102483,65427,-80,8
10:00:56 nX05,268,102483,65443,-83,9
10:00:57 nX05,268,102483,65449,-83,8
10:00:58 nX05,268,102483,65462,-82,9
10:00:59 nX05,268,102483,65469,-86,7
10:01:00 nX05,269,102483,65459,-81,8
10:01:01 nX05,269,102483,65465,-86,9
10:01:02 nX05,269,102481,65459,-84,8
10:01:03 nX05,269,102481,65459,-81,8
10:01:04 nX05,269,102481,65479,-83,8
10:01:05 nX05,269,102479,65479,-80,9
10:01:07 nX05,269,102479,65465,-87,8
10:01:08 nX05,269,102479,65479,-83,9
10:01:09 nX05,269,102483,65472,-85,7
10:01:10 nX05,269,102483,65479,-87,7
10:01:11 nX05,269,102483,65492,-82,8
10:01:12 nX05,269,102483,65485,-83,9
10:01:13 nX05,269,102483,65492,-90,8
10:01:14 nX05,269,102483,65492,-85,8
10:01:15 nX05,270,102483,65492,-82,8
10:01:16 nX05,270,102483,65499,-89,8
10:01:17 nX05,270,102481,65499,-82,8
10:01:18 nX05,270,102483,65485,-81,8
10:01:19 nX05,270,102481,65492,-88,8
10:01:20 nX05,270,102481,65485,-84,8
10:01:21 nX05,270,102481,65485,-84,8
10:01:22 nX05,270,102481,65492,-84,7
10:01:23 nX05,270,102481,65485,-89,8
10:01:24 nX05,270,102481,65485,-91,7
10:01:25 nX05,270,102481,65485,-84,8
10:01:26 nX05,270,102481,65485,-91,7
10:01:27 nX05,270,102479,65485,-83,9
10:01:28 nX05,270,102479,65492,-83,8
10:01:29 nX05,270,102479,65479,-89,7
10:01:30 nX05,270,102479,65479,-86,9
10:01:32 nX05,270,102481,65479,-87,8
10:01:33 nX05,270,102479,65492,-86,9
10:01:34 nX05,270,102479,65485,-90,7
10:01:35 nX05,270,102481,65485,-90,7
10:01:36 nX05,270,102479,65485,-84,8
10:01:37 nX05,270,102479,65485,-84,8
10:01:38 nX05,270,102479,65472,-82,9
10:01:39 nX05,270,102479,65479,-83,9
10:01:40 nX05,271,102479,65472,-82,9
10:01:41 nX05,271,102479,65465,-84,8
10:01:42 nX05,271,102479,65479,-83,8
10:01:43 nX05,270,102479,65465,-85,9
10:01:44 nX05,271,102477,65479,-86,8
10:01:45 nX05,271,102479,65472,-80,7
10:01:46 nX05,271,102479,65472,-83,8
10:01:47 nX05,271,102481,65459,-81,8
10:01:48 nX05,271,102479,65459,-86,7
10:01:49 Event RX Error,,,,
10:01:52 Event RX Timeout,,,,
10:01:54 nX05,271,102479,65465,-76,9
10:01:55 nX05,271,102477,65439,-78,9
10:01:56 nX05,271,102479,65459,-76,9
10:01:57 nX05,271,102481,65465,-77,9
10:01:58 nX05,271,102479,65465,-79,8
10:01:59 nX05,271,102479,65446,-80,9
10:02:00 nX05,271,102479,65459,-79,8
10:02:01 nX05,271,102479,65465,-81,9
10:02:02 nX05,272,102479,65451,-80,9
10:02:03 nX05,272,102479,65464,-79,8
10:02:04 nX05,272,102479,65471,-88,7
10:02:05 nX05,272,102479,65458,-92,7
10:02:06 nX05,272,102479,65451,-83,8
10:02:07 nX05,272,102479,65464,-79,8
10:02:08 nX05,272,102477,65458,-79,8
10:02:09 nX05,272,102477,65458,-80,9
10:02:10 nX05,272,102477,65458,-82,8
10:02:11 nX05,272,102477,65445,-87,8
10:02:12 nX05,272,102477,65431,-96,7
10:02:13 nX05,273,102479,65440,-88,8
10:02:14 nX05,273,102477,65420,-88,8
10:02:15 nX05,273,102475,65427,-92,7
10:02:17 nX05,273,102475,65427,-86,9
10:02:18 nX05,273,102475,65427,-85,9
10:02:19 nX05,273,102475,65413,-89,8
10:02:20 nX05,273,102477,65413,-83,9
10:02:21 nX05,273,102477,65413,-82,8
10:02:22 nX05,273,102477,65413,-84,8
10:02:23 nX05,273,102475,65413,-81,9
10:02:24 nX05,273,102475,65407,-81,8
10:02:25 nX05,274,102475,65412,-83,8
10:02:26 nX05,274,102475,65412,-88,8
10:02:27 nX05,274,102475,65406,-87,9
10:02:28 nX05,274,102475,65412,-87,8
10:02:29 nX05,274,102475,65406,-82,8
10:02:30 nX05,274,102475,65406,-87,9
10:02:31 nX05,274,102473,65406,-87,8
10:02:32 nX05,274,102470,65412,-85,10
10:02:33 nX05,275,102475,65406,-85,8
10:02:34 nX05,275,102475,65406,-84,9
10:02:35 nX05,275,102475,65412,-101,7
10:02:36 nX05,275,102475,65399,-87,8
10:02:37 nX05,275,102475,65399,-83,8
10:02:38 nX05,275,102475,65392,-92,8
10:02:39 nX05,275,102475,65392,-81,8
10:02:40 nX05,275,102477,65392,-80,9
10:02:42 nX05,275,102477,65392,-79,8
10:02:43 nX05,275,102475,65386,-79,8
10:02:44 nX05,275,102473,65386,-80,9
10:02:45 nX05,276,102473,65382,-81,8
10:02:46 nX05,276,102473,65382,-80,9
10:02:47 nX05,276,102471,65398,-80,8
10:02:48 nX05,276,102473,65391,-81,8
10:02:49 nX05,276,102473,65382,-92,6
10:02:50 nX05,276,102473,65369,-85,9
10:02:51 nX05,276,102473,65375,-89,8
10:02:52 nX05,276,102473,65375,-89,7
10:02:53 nX05,276,102473,65375,-90,6
10:02:54 nX05,276,102477,65375,-92,6
10:02:55 nX05,276,102475,65382,-92,7
10:02:56 nX05,277,102475,65375,-79,9
10:02:57 nX05,277,102475,65375,-80,7
10:02:58 nX05,277,102475,65362,-80,8
10:02:59 nX05,277,102477,65375,-83,8
10:03:00 nX05,277,102477,65362,-80,8
10:03:01 nX05,277,102477,65362,-81,8
10:03:02 nX05,278,102477,65368,-85,8
10:03:03 nX05,278,102477,65361,-86,9
10:03:04 nX05,278,102477,65361,-82,10
10:03:05 nX05,278,102477,65361,-91,8
10:03:07 nX05,278,102475,65354,-83,8
10:03:08 nX05,278,102475,65348,-84,8
10:03:09 nX05,278,102475,65341,-87,8
10:03:10 nX05,278,102475,65354,-87,9
10:03:11 nX05,278,102475,65361,-87,8
10:03:13 nX05,278,102475,65341,-84,7
10:03:14 nX05,278,102475,65354,-88,7
10:03:15 nX05,278,102475,65335,-87,1
10:03:16 nX05,278,102475,65335,-89,5
10:03:17 nX05,278,102475,65341,-87,8
10:03:18 nX05,278,102473,65341,-92,6
10:03:19 nX05,278,102473,65354,-84,8
10:03:20 nX05,278,102473,65354,-83,9
10:03:21 nX05,278,102475,65341,-83,10
10:03:22 nX05,279,102473,65335,-84,8
10:03:23 nX05,279,102473,65341,-81,8
10:03:24 nX05,279,102473,65348,-84,8
10:03:25 nX05,279,102473,65335,-84,8
10:03:26 nX05,279,102471,65335,-86,8
10:03:27 nX05,279,102471,65335,-85,8
10:03:28 nX05,279,102471,65335,-88,9
10:03:29 nX05,279,102471,65335,-84,9
10:03:30 nX05,279,102473,65341,-80,9
10:03:31 nX05,279,102473,65321,-83,8
10:03:32 nX05,279,102473,65328,-79,9
10:03:33 nX05,279,102473,65308,-79,9
10:03:34 nX05,279,102473,65341,-81,9
10:03:35 nX05,279,102475,65321,-89,8
10:03:36 nX05,279,102473,65315,-82,8
10:03:38 nX05,279,102475,65328,-83,9
10:03:39 nX05,279,102473,65302,-83,9
10:03:40 nX05,279,102473,65315,-90,8
10:03:41 nX05,280,102473,65334,-85,10
10:03:42 nX05,280,102471,65340,-95,5
10:03:43 nX05,280,102471,65320,-87,8
10:03:44 nX05,280,102473,65320,-85,8
10:03:45 nX05,280,102473,65327,-88,5
10:03:46 nX05,280,102473,65314,-91,2
10:03:47 nX05,280,102471,65340,-86,7
10:03:48 nX05,280,102471,65334,-81,8
10:03:49 nX05,280,102473,65340,-88,8
10:03:50 nX05,280,102473,65327,-93,4
10:03:51 nX05,280,102475,65320,-84,8
10:03:52 nX05,280,102475,65327,-84,8
10:03:53 nX05,280,102475,65334,-95,7
10:03:54 nX05,280,102475,65327,-84,8
10:03:55 nX05,280,102473,65320,-79,9
10:03:56 nX05,280,102473,65334,-89,7
10:03:57 nX05,280,102473,65334,-83,8
10:03:58 nX05,280,102473,65307,-82,9
10:03:59 nX05,280,102471,65314,-80,9
10:04:00 nX05,280,102471,65320,-82,8
10:04:01 nX05,280,102471,65327,-88,8
10:04:03 nX05,280,102473,65320,-87,8
10:04:04 nX05,280,102471,65314,-89,9
10:04:05 nX05,280,102471,65314,-86,8
10:04:06 nX05,280,102473,65314,-85,8
10:04:07 nX05,280,102471,65320,-88,8
10:04:08 nX05,280,102470,65314,-80,8
10:04:09 nX05,280,102470,65320,-90,7
10:04:10 nX05,280,102471,65314,-88,8
10:04:11 nX05,280,102471,65307,-79,9
10:04:14 Event RX Timeout,,,,
10:04:17 Event RX Timeout,,,,
10:04:20 Event RX Timeout,,,,
10:04:23 Event RX Timeout,,,,
10:04:26 Event RX Timeout,,,,
10:04:29 Event RX Timeout,,,,
10:04:32 Event RX Timeout,,,,
10:04:35 Event RX Timeout,,,,
10:04:38 Event RX Timeout,,,,
10:04:41 Event RX Timeout,,,,
10:04:44 Event RX Timeout,,,,
10:04:47 Event RX Timeout,,,,
10:04:50 Event RX Timeout,,,,
10:04:53 Event RX Timeout,,,,
10:04:56 Event RX Timeout,,,,
10:04:59 Event RX Timeout,,,,
10:05:02 Event RX Timeout,,,,
10:05:05 Event RX Timeout,,,,
10:05:08 Event RX Timeout,,,,
10:05:11 Event RX Timeout,,,,
10:05:14 Event RX Timeout,,,,
10:05:17 Event RX Timeout,,,,
10:05:20 Event RX Timeout,,,,
10:05:23 Event RX Timeout,,,,
10:05:26 Event RX Timeout,,,,
10:05:29 Event RX Timeout,,,,
10:05:32 Event RX Timeout,,,,
10:05:35 Event RX Timeout,,,,
10:05:38 Event RX Timeout,,,,
10:05:41 Event RX Timeout,,,,
10:05:44 Event RX Timeout,,,,
10:05:47 Event RX Timeout,,,,
10:05:50 Event RX Timeout,,,,
10:05:53 Event RX Timeout,,,,
10:05:56 Event RX Timeout,,,,
10:05:59 Event RX Timeout,,,,
10:06:01 Event RX Timeout,,,,
10:06:04 Event RX Timeout,,,,
10:06:07 Event RX Timeout,,,,
10:06:10 Event RX Timeout,,,,
10:06:13 Event RX Timeout,,,,
10:06:16 Event RX Timeout,,,,
10:06:19 Event RX Timeout,,,,
10:06:22 Event RX Timeout,,,,
10:06:25 Event RX Timeout,,,,
10:06:28 Event RX Timeout,,,,
10:06:31 Event RX Timeout,,,,
10:06:34 Event RX Timeout,,,,
10:06:37 nX05,-85,14
10:06:38 nX05,274,102497,65366,-85,8
10:06:39 nX05,274,102497,65373,-83,9
10:06:40 nX05,274,102497,65366,-86,9
10:06:41 nX05,274,102495,65359,-84,8
10:06:42 nX05,274,102493,65346,-91,8
10:06:43 nX05,274,102493,65346,-89,9
10:06:44 nX05,274,102491,65353,-86,9
10:06:45 nX05,274,102491,65339,-87,8
10:06:46 nX05,274,102491,65326,-90,8
10:06:47 nX05,274,102491,65333,-92,8
10:06:48 nX05,274,102489,65313,-86,9
10:06:49 nX05,274,102489,65313,-93,8
10:06:50 nX05,274,102491,65319,-99,7
10:06:51 nX05,274,102489,65326,-101,7
10:06:52 nX05,275,102493,65300,-94,8
10:06:53 Event RX Error,,,,
10:06:56 Event RX Timeout,,,,
10:06:58 nX05,275,102495,65293,-89,8
10:06:59 nX05,274,102493,65280,-91,8
10:07:00 nX05,274,102495,65273,-90,9
10:07:01 nX05,274,102495,65280,-90,8
10:07:02 nX05,274,102493,65293,-91,8
10:07:03 nX05,274,102493,65266,-92,8
10:07:04 nX05,274,102493,65273,-93,8
10:07:05 nX05,274,102491,65260,-96,8
10:07:06 nX05,275,102495,65240,-92,8
10:07:07 nX05,275,102493,65260,-89,9
10:07:08 nX05,275,102493,65253,-93,7
10:07:09 nX05,275,102495,65253,-96,8
10:07:10 nX05,275,102493,65246,-94,8
10:07:11 nX05,275,102493,65240,-95,8
10:07:12 nX05,275,102495,65253,-95,8
10:07:13 nX05,275,102493,65233,-88,9
10:07:14 nX05,275,102495,65233,-89,8
10:07:15 nX05,275,102495,65227,-90,8
10:07:16 nX05,275,102495,65233,-90,8
10:07:17 nX05,275,102497,65213,-96,7
10:07:18 nX05,275,102497,65213,-91,9
10:07:19 nX05,275,102497,65207,-95,8
10:07:20 nX05,275,102497,65200,-104,4
10:07:22 nX05,275,102497,65213,-90,8
10:07:23 nX05,275,102497,65207,-92,8
10:07:24 nX05,275,102495,65200,-92,9
10:07:25 nX05,275,102495,65200,-94,8
10:07:26 nX05,275,102497,65207,-95,8
10:07:27 nX05,275,102497,65193,-100,7
10:07:28 nX05,275,102495,65187,-91,8
10:07:29 nX05,275,102495,65200,-106,2
10:07:30 nX05,275,102495,65180,-93,8
10:07:31 nX05,275,102497,65193,-98,7
10:07:32 nX05,275,102497,65187,-101,6
10:07:33 nX05,275,102497,65167,-99,6
10:07:34 nX05,275,102497,65180,-93,7
10:07:35 nX05,275,102497,65173,-92,8
10:07:36 nX05,275,102497,65167,-90,8
10:07:37 nX05,275,102497,65154,-92,9
10:07:38 nX05,275,102497,65167,-92,8
10:07:39 nX05,275,102495,65160,-99,6
10:07:40 nX05,275,102495,65154,-90,8
10:07:41 nX05,275,102497,65167,-89,9
10:07:42 nX05,275,102495,65160,-92,9
10:07:43 nX05,275,102495,65154,-93,8
10:07:44 nX05,275,102497,65140,-87,8
10:07:45 nX05,275,102497,65154,-92,9
10:07:47 nX05,275,102499,65140,-97,7
10:07:48 nX05,276,102499,65150,-94,8
10:07:49 nX05,275,102499,65147,-88,9
10:07:50 nX05,275,102499,65140,-99,4
10:07:51 nX05,275,102499,65134,-90,8
10:07:52 nX05,275,102497,65140,-93,8
10:07:53 nX05,276,102497,65150,-89,8
10:07:54 nX05,275,102495,65127,-92,8
10:07:55 nX05,276,102497,65143,-96,8
10:07:56 nX05,276,102495,65136,-95,7
10:07:57 nX05,275,102497,65127,-94,9
10:07:58 nX05,275,102495,65120,-96,7
10:07:59 nX05,275,102497,65120,-90,9
10:08:00 nX05,275,102497,65127,-90,8
10:08:01 nX05,275,102497,65127,-95,8
10:08:02 nX05,276,102497,65117,-89,8
10:08:03 nX05,276,102497,65117,-96,6
10:08:04 nX05,276,102497,65123,-94,7
10:08:05 nX05,276,102497,65117,-104,5
10:08:06 nX05,276,102497,65104,-96,8
10:08:07 nX05,276,102497,65117,-94,7
10:08:08 nX05,276,102497,65117,-88,8
10:08:09 nX05,276,102497,65110,-94,8
10:08:10 nX05,276,102497,65110,-91,9
10:08:12 nX05,276,102497,65110,-90,8
10:08:13 nX05,276,102497,65123,-93,8
10:08:14 nX05,276,102497,65110,-89,8
10:08:15 nX05,276,102497,65110,-95,9
10:08:16 nX05,276,102497,65097,-98,6
10:08:17 nX05,276,102497,65110,-89,8
10:08:18 nX05,276,102495,65117,-90,8
10:08:19 nX05,276,102495,65104,-92,9
10:08:20 nX05,276,102495,65097,-103,6
10:08:21 nX05,276,102495,65104,-100,6
10:08:22 nX05,276,102497,65097,-94,8
10:08:23 nX05,276,102497,65104,-93,8
10:08:24 nX05,276,102497,65083,-95,8
10:08:25 nX05,276,102495,65097,-91,8
10:08:26 nX05,276,102497,65083,-106,3
10:08:27 nX05,276,102499,65083,-105,3
10:08:28 nX05,276,102499,65083,-102,5
10:08:29 nX05,276,102499,65083,-97,6
10:08:30 nX05,276,102499,65090,-91,8
10:08:31 nX05,276,102501,65083,-105,4
10:08:32 nX05,276,102499,65083,-99,7
10:08:33 nX05,277,102499,65077,-100,4
10:08:34 nX05,277,102499,65090,-93,7
10:08:35 Event RX Error,,,,
10:08:38 Event RX Timeout,,,,
10:08:40 nX05,277,102497,65070,-96,7
10:08:41 nX05,276,102497,65057,-98,7
10:08:42 nX05,276,102499,65064,-97,8
10:08:43 nX05,276,102497,65070,-96,7
10:08:44 nX05,277,102497,65064,-95,7
10:08:45 nX05,277,102497,65064,-101,3
10:08:46 nX05,277,102495,65064,-107,-1
10:08:47 nX05,277,102497,65064,-99,6
10:08:48 nX05,277,102497,65044,-95,7
10:08:49 nX05,277,102497,65064,-100,6
10:08:50 nX05,277,102495,65050,-99,5
10:08:51 nX05,277,102495,65064,-106,1
10:08:52 nX05,278,102497,65063,-98,7
10:08:53 nX05,278,102495,65069,-100,2
10:08:54 nX05,278,102495,65063,-100,6
10:08:55 nX05,278,102493,65056,-93,8
10:08:56 nX05,278,102493,65056,-94,7
10:08:57 nX05,278,102495,65056,-92,9
10:08:58 nX05,278,102493,65056,-93,8
10:09:00 nX05,278,102491,65043,-97,6
10:09:01 nX05,278,102493,65043,-89,8
10:09:02 nX05,278,102495,65036,-94,7
10:09:03 nX05,278,102497,65043,-96,7
10:09:04 nX05,279,102497,65036,-93,8
10:09:05 nX05,279,102499,65030,-91,7
10:09:06 nX05,279,102499,65043,-90,8
10:09:07 nX05,279,102499,65043,-93,7
10:09:08 nX05,279,102499,65036,-99,7
10:09:09 nX05,279,102499,65030,-101,5
10:09:10 nX05,279,102497,65030,-92,8
10:09:12 nX05,279,102499,65043,-88,8
10:09:13 nX05,279,102499,65036,-87,8
10:09:14 nX05,279,102499,65036,-86,9
10:09:15 nX05,279,102499,65023,-86,9
10:09:16 nX05,279,102499,65023,-87,8
10:09:17 nX05,279,102499,65036,-86,9
10:09:18 nX05,279,102499,65016,-86,10
10:09:19 nX05,279,102499,65023,-86,9
10:09:20 nX05,279,102499,65023,-86,9
10:09:21 nX05,280,102497,65022,-86,8
10:09:22 nX05,280,102497,65015,-84,8
10:09:23 nX05,280,102497,65009,-86,9
10:09:24 nX05,280,102497,65015,-87,8
10:09:25 nX05,280,102497,65009,-85,10
10:09:26 nX05,280,102497,65009,-87,8
10:09:27 nX05,280,102497,65002,-84,8
10:09:28 nX05,280,102495,65002,-88,8
10:09:29 nX05,280,102495,65009,-88,9
10:09:30 nX05,280,102497,65002,-88,9
10:09:31 nX05,280,102495,65002,-90,9
10:09:32 nX05,280,102495,64989,-91,8
10:09:33 nX05,280,102495,64989,-90,8
10:09:34 nX05,280,102497,64995,-90,8
10:09:35 nX05,280,102497,64995,-90,8
10:09:37 nX05,280,102495,64995,-97,6
10:09:38 nX05,280,102493,64989,-93,9
10:09:39 nX05,280,102493,65002,-93,7
10:09:40 nX05,280,102497,64989,-92,8
10:09:41 nX05,280,102497,64989,-101,5
10:09:42 nX05,280,102497,64982,-87,9
10:09:43 Event RX Error,,,,
10:09:46 Event RX Timeout,,,,
10:09:47 nX05,280,102497,64989,-94,9
10:09:48 nX05,280,102495,64982,-93,7
10:09:49 nX05,280,102497,64962,-97,6
10:09:50 nX05,280,102495,64976,-98,6
10:09:51 nX05,280,102495,64976,-94,7
10:09:52 nX05,280,102499,64982,-91,9
10:09:53 nX05,280,102499,64982,-89,7
10:09:54 nX05,280,102497,64982,-88,8
10:09:55 nX05,280,102497,64982,-87,8
10:09:56 nX05,280,102497,64982,-93,7
10:09:57 Event RX Error,,,,
10:10:00 Event RX Timeout,,,,
10:10:02 nX05,280,102499,64976,-99,4
10:10:03 Event RX Error,,,,
10:10:06 Event RX Timeout,,,,
10:10:07 nX05,280,102499,64976,-92,8
10:10:08 nX05,280,102497,64982,-96,7
10:10:09 nX05,280,102497,64982,-98,3
10:10:10 nX05,280,102499,64976,-95,8
10:10:11 nX05,280,102499,64982,-90,8
10:10:12 nX05,280,102499,64982,-96,6
10:10:13 nX05,281,102501,64976,-90,8
10:10:14 nX05,281,102501,64982,-99,6
10:10:15 nX05,281,102501,64976,-101,3
10:10:16 nX05,281,102499,64982,-88,9
10:10:17 nX05,281,102499,64976,-91,7
10:10:18 nX05,281,102501,64982,-104,3
10:10:19 nX05,281,102501,64976,-96,7
10:10:20 nX05,281,102501,64982,-91,7
10:10:21 nX05,281,102501,64982,-101,6
10:10:22 nX05,281,102499,64982,-96,7
10:10:23 nX05,281,102501,64969,-99,5
10:10:24 nX05,281,102501,64982,-96,7
10:10:25 nX05,281,102501,64962,-94,7
10:10:27 nX05,281,102501,64982,-97,7
10:10:28 nX05,281,102501,64969,-94,8
10:10:29 nX05,281,102501,64982,-92,8
10:10:30 nX05,281,102501,64976,-93,7
10:10:31 nX05,281,102501,64976,-94,8
10:10:32 nX05,281,102501,64962,-93,7
10:10:33 nX05,281,102501,64976,-92,8
10:10:34 nX05,281,102499,64976,-95,7
10:10:35 nX05,281,102499,64969,-93,7
10:10:36 nX05,281,102499,64982,-96,7
10:10:37 nX05,281,102501,64976,-87,8
10:10:38 nX05,281,102501,64969,-92,7
10:10:39 nX05,281,102501,64976,-95,7
10:10:40 nX05,281,102501,64962,-90,8
10:10:41 nX05,281,102499,64976,-91,8
10:10:42 nX05,281,102499,64982,-91,8
10:10:43 nX05,281,102501,64962,-92,8
10:10:44 nX05,281,102499,64969,-91,9
10:10:45 nX05,281,102501,64962,-94,8
10:10:46 nX05,281,102501,64962,-105,4
10:10:47 nX05,281,102501,64976,-91,8
10:10:48 nX05,281,102501,64969,-90,9
10:10:49 nX05,281,102503,64962,-92,8
10:10:50 nX05,281,102503,64969,-91,8
10:10:52 nX05,281,102503,64956,-91,8
10:10:53 nX05,281,102503,64962,-96,7
10:10:54 nX05,281,102503,64949,-102,4
10:10:55 nX05,281,102501,64956,-95,6
10:10:56 nX05,281,102501,64962,-99,4
10:10:57 nX05,281,102499,64956,-93,7
10:10:58 nX05,281,102499,64962,-91,7
10:10:59 nX05,281,102499,64949,-92,7
10:11:00 nX05,281,102499,64962,-94,8
10:11:01 nX05,281,102499,64942,-90,8
10:11:02 nX05,281,102499,64949,-101,5
10:11:03 nX05,281,102499,64949,-94,7
10:11:04 nX05,281,102499,64949,-99,6
10:11:05 nX05,281,102499,64949,-89,8
10:11:06 nX05,281,102499,64949,-91,7
10:11:07 nX05,281,102499,64956,-95,8
10:11:08 nX05,281,102497,64949,-94,8
10:11:09 nX05,282,102499,64942,-103,5
10:11:10 nX05,282,102497,64956,-95,7
10:11:11 nX05,282,102497,64942,-90,7
10:11:12 nX05,282,102501,64942,-96,7
10:11:13 nX05,282,102501,64962,-95,7
10:11:14 Event RX Error,,,,
10:11:17 Event RX Timeout,,,,
10:11:19 nX05,282,102499,64969,-95,7
10:11:20 nX05,282,102497,64956,-92,8
10:11:21 nX05,282,102497,64962,-99,6
10:11:22 nX05,282,102499,64956,-91,9
10:11:23 nX05,282,102499,64962,-91,8
10:11:24 nX05,283,102499,64975,-92,8
10:11:25 nX05,283,102499,64981,-90,8
10:11:26 nX05,283,102501,64981,-94,8
10:11:27 nX05,283,102499,64988,-96,6
10:11:28 nX05,283,102501,64981,-93,7
10:11:29 nX05,284,102501,64988,-96,7
10:11:30 nX05,284,102501,64975,-95,7
10:11:31 nX05,284,102499,64994,-97,8
10:11:32 nX05,284,102499,64988,-97,7
10:11:33 nX05,284,102499,64994,-89,8
10:11:34 nX05,284,102497,65001,-86,8
10:11:35 nX05,284,102499,64994,-90,7
10:11:36 nX05,284,102499,65001,-95,7
10:11:37 nX05,284,102499,64994,-93,7
10:11:38 nX05,285,102501,65011,-88,8
10:11:39 nX05,285,102503,65011,-90,8
10:11:40 nX05,285,102503,64997,-95,7
10:11:44 Event RX Timeout,,,,
10:11:47 Event RX Timeout,,,,
10:11:50 Event RX Timeout,,,,
10:11:53 Event RX Timeout,,,,
10:11:56 Event RX Timeout,,,,
