10:28:17 Event RX Timeout,,,,
10:28:17 Event RX Timeout,,,,
10:28:17 Event RX Timeout,,,,
10:28:17 Event RX Timeout,,,,
10:28:17 Event RX Timeout,,,,
10:28:20 Event RX Timeout,,,,
10:28:24 Event RX Timeout,,,,
10:28:28 Event RX Timeout,,,,
10:28:32 Event RX Timeout,,,,
10:28:36 Event RX Timeout,,,,
10:28:40 Event RX Timeout,,,,
10:28:44 Event RX Timeout,,,,
10:28:48 Event RX Timeout,,,,
10:28:52 Event RX Timeout,,,,
10:28:56 Event RX Timeout,,,,
10:29:00 Event RX Timeout,,,,
10:29:04 Event RX Timeout,,,,
10:29:08 Event RX Timeout,,,,
10:29:23 Event RX Timeout,,,,
10:29:27 Event RX Timeout,,,,
10:29:28 iOuC,292,102471,65030,-84,8
10:29:29 iOuC,292,102470,65023,-84,8
10:29:30 iOuC,293,102471,65003,-85,8
10:29:31 iOuC,294,102470,65019,-89,8
10:29:32 iOuC,295,102471,65013,-83,8
10:29:33 iOuC,296,102468,65038,-82,9
10:29:34 iOuC,297,102470,65045,-87,9
10:29:35 iOuC,298,102466,65037,-89,9
10:29:36 iOuC,299,102470,65037,-79,8
10:29:37 iOuC,299,102468,65031,-82,8
10:29:39 iOuC,300,102466,65050,-81,9
10:29:40 iOuC,301,102468,65036,-81,8
10:29:41 iOuC,301,102466,65043,-89,9
10:29:42 iOuC,302,102466,65030,-87,8
10:29:43 iOuC,302,102468,65036,-84,8
10:29:44 iOuC,302,102466,65036,-88,8
10:29:45 iOuC,303,102464,65033,-83,8
10:29:46 iOuC,303,102464,65033,-84,9
10:29:47 iOuC,303,102464,65026,-80,8
10:29:48 iOuC,303,102462,65033,-91,8
10:29:49 iOuC,304,102462,65019,-85,9
10:29:50 iOuC,304,102462,65006,-85,8
10:29:51 iOuC,304,102464,65000,-80,9
10:29:52 iOuC,304,102464,65006,-79,9
10:29:53 iOuC,305,102462,64994,-91,8
10:29:54 iOuC,305,102460,64987,-80,9
10:29:55 iOuC,305,102460,64981,-74,9
10:29:56 iOuC,305,102460,64981,-89,7
10:29:57 iOuC,305,102460,64961,-85,8
10:29:58 iOuC,305,102460,64968,-87,9
10:29:59 iOuC,305,102460,64954,-81,8
10:30:00 iOuC,305,102460,64968,-87,9
10:30:01 iOuC,305,102460,64961,-82,8
10:30:02 iOuC,305,102460,64941,-82,8
10:30:04 iOuC,305,102460,64954,-85,9
10:30:05 iOuC,305,102460,64941,-83,9
10:30:06 iOuC,305,102460,64928,-80,9
10:30:07 iOuC,305,102460,64928,-79,9
10:30:08 iOuC,305,102460,64928,-80,9
10:30:09 iOuC,305,102460,64921,-81,9
10:30:10 iOuC,305,102460,64908,-81,9
10:30:11 iOuC,305,102460,64915,-80,9
10:30:12 iOuC,305,102460,64915,-80,8
10:30:13 iOuC,305,102460,64915,-80,8
10:30:14 iOuC,305,102460,64901,-81,9
10:30:15 iOuC,305,102460,64908,-80,9
10:30:16 iOuC,305,102460,64895,-79,9
10:30:17 iOuC,305,102460,64888,-79,8
10:30:18 iOuC,305,102460,64875,-79,8
10:30:19 iOuC,305,102460,64888,-79,8
10:30:20 iOuC,305,102460,64875,-79,8
10:30:21 iOuC,305,102460,64875,-79,9
10:30:22 iOuC,305,102460,64875,-85,8
10:30:23 iOuC,305,102458,64868,-90,8
10:30:24 iOuC,305,102460,64868,-90,8
10:30:25 iOuC,305,102460,64862,-105,4
10:30:26 iOuC,304,102460,64860,-93,7
10:30:27 iOuC,304,102460,64880,-89,9
10:30:29 iOuC,304,102460,64880,-86,8
10:30:30 iOuC,304,102460,64887,-86,9
10:30:31 iOuC,304,102460,64867,-86,8
10:30:32 iOuC,304,102458,64860,-82,9
10:30:33 iOuC,304,102458,64867,-81,9
10:30:34 iOuC,304,102458,64854,-78,9
10:30:35 iOuC,304,102458,64874,-89,8
10:30:36 iOuC,304,102460,64854,-90,8
10:30:37 iOuC,304,102458,64854,-79,8
10:30:38 iOuC,304,102458,64860,-83,9
10:30:39 iOuC,304,102458,64847,-77,9
10:30:40 iOuC,304,102458,64847,-77,9
10:30:41 iOuC,304,102458,64854,-77,9
10:30:42 iOuC,304,102458,64847,-82,8
10:30:43 iOuC,304,102458,64854,-77,8
10:30:44 iOuC,304,102458,64847,-76,8
10:30:45 iOuC,304,102456,64847,-75,8
10:30:46 iOuC,304,102458,64847,-75,8
10:30:47 iOuC,304,102456,64847,-78,9
10:30:48 iOuC,304,102456,64847,-77,9
10:30:49 iOuC,304,102456,64854,-76,8
10:30:50 iOuC,304,102456,64847,-76,8
10:30:51 iOuC,304,102456,64854,-77,9
10:30:52 iOuC,304,102456,64847,-77,9
10:30:54 iOuC,304,102456,64847,-77,9
10:30:55 iOuC,304,102458,64854,-77,9
10:30:56 iOuC,304,102458,64847,-75,9
10:30:57 iOuC,304,102456,64834,-76,8
10:30:58 iOuC,304,102456,64847,-77,9
10:30:59 iOuC,304,102458,64840,-77,9
10:31:00 iOuC,304,102458,64840,-77,8
10:31:01 iOuC,304,102458,64834,-76,8
10:31:02 iOuC,304,102458,64847,-76,8
10:31:03 iOuC,304,102456,64840,-76,8
10:31:04 iOuC,305,102456,64828,-76,8
10:31:05 iOuC,305,102454,64835,-77,8
10:31:06 iOuC,305,102456,64835,-76,8
10:31:07 iOuC,305,102456,64835,-77,8
10:31:08 iOuC,305,102456,64822,-77,9
10:31:09 iOuC,305,102456,64835,-76,8
10:31:10 iOuC,305,102454,64835,-76,9
10:31:11 iOuC,305,102454,64842,-76,9
10:31:12 iOuC,305,102454,64828,-76,8
10:31:13 iOuC,305,102454,64828,-76,9
10:31:14 iOuC,305,102454,64828,-75,8
10:31:15 iOuC,305,102454,64835,-76,8
10:31:16 iOuC,305,102454,64842,-76,9
10:31:17 iOuC,305,102454,64828,-77,9
10:31:19 iOuC,305,102452,64822,-75,9
10:31:20 iOuC,305,102452,64835,-76,8
10:31:21 iOuC,305,102452,64842,-78,9
10:31:22 iOuC,305,102452,64822,-76,8
10:31:23 iOuC,305,102452,64835,-77,8
10:31:24 iOuC,305,102452,64828,-77,9
10:31:25 iOuC,305,102454,64842,-77,9
10:31:26 iOuC,305,102454,64822,-75,9
10:31:27 iOuC,305,102454,64842,-77,9
10:31:28 iOuC,305,102454,64835,-78,9
10:31:29 iOuC,305,102452,64822,-78,9
10:31:30 iOuC,305,102452,64828,-81,9
10:31:31 iOuC,305,102454,64822,-82,9
10:31:32 iOuC,305,102452,64828,-84,8
10:31:33 iOuC,305,102452,64842,-85,9
10:31:34 iOuC,305,102452,64848,-78,9
10:31:35 iOuC,305,102452,64835,-80,9
10:31:36 iOuC,305,102452,64835,-79,9
10:31:37 iOuC,305,102452,64835,-78,8
10:31:38 iOuC,305,102452,64822,-81,9
10:31:39 iOuC,305,102452,64842,-88,8
10:31:40 iOuC,305,102452,64828,-78,8
10:31:41 iOuC,305,102452,64828,-80,8
10:31:42 iOuC,305,102452,64822,-83,9
10:31:44 iOuC,305,102452,64835,-80,9
10:31:45 iOuC,305,102452,64822,-77,8
10:31:46 iOuC,305,102452,64842,-78,9
10:31:47 iOuC,305,102452,64828,-78,10
10:31:48 iOuC,305,102452,64828,-85,8
10:31:49 iOuC,305,102452,64822,-80,9
10:31:50 iOuC,305,102452,64822,-78,9
10:31:51 iOuC,305,102452,64835,-84,8
10:31:52 iOuC,305,102452,64828,-82,8
10:31:53 iOuC,305,102452,64828,-82,8
10:31:54 iOuC,305,102452,64835,-78,9
10:31:55 iOuC,305,102454,64828,-78,9
10:31:56 iOuC,305,102454,64828,-77,9
10:31:57 iOuC,305,102454,64828,-77,8
10:31:58 iOuC,305,102452,64828,-78,9
10:31:59 iOuC,305,102452,64828,-77,8
10:32:00 iOuC,305,102452,64822,-77,9
10:32:01 iOuC,305,102450,64828,-77,8
10:32:02 iOuC,305,102452,64835,-79,8
10:32:03 iOuC,305,102452,64815,-80,9
10:32:04 iOuC,305,102452,64828,-79,8
10:32:05 iOuC,305,102452,64828,-79,9
10:32:06 iOuC,305,102452,64822,-79,8
10:32:07 iOuC,305,102452,64822,-82,9
10:32:09 iOuC,305,102452,64815,-85,9
10:32:10 iOuC,305,102452,64828,-82,9
10:32:11 iOuC,305,102450,64822,-82,9
10:32:12 iOuC,305,102452,64822,-83,9
10:32:13 iOuC,305,102452,64815,-82,9
10:32:14 iOuC,305,102452,64828,-84,8
10:32:15 iOuC,304,102452,64821,-84,8
10:32:16 iOuC,304,102450,64834,-82,9
10:32:17 iOuC,304,102450,64827,-85,8
10:32:18 iOuC,305,102450,64822,-86,8
10:32:19 iOuC,305,102450,64828,-87,8
10:32:20 iOuC,305,102450,64822,-84,8
10:32:21 iOuC,305,102450,64822,-82,9
10:32:22 iOuC,305,102450,64828,-84,8
10:32:23 iOuC,305,102450,64822,-85,8
10:32:24 iOuC,305,102450,64822,-87,8
10:32:25 iOuC,305,102450,64822,-83,8
10:32:26 iOuC,305,102450,64822,-82,9
10:32:27 iOuC,305,102450,64828,-77,10
10:32:28 iOuC,305,102448,64815,-78,9
10:32:29 iOuC,304,102448,64827,-79,8
10:32:30 iOuC,304,102448,64834,-79,8
10:32:31 iOuC,304,102448,64827,-77,9
10:32:32 iOuC,304,102448,64834,-78,9
10:32:34 iOuC,304,102448,64834,-78,9
10:32:35 iOuC,304,102446,64821,-87,8
10:32:36 iOuC,304,102446,64827,-88,8
10:32:37 iOuC,304,102446,64821,-79,8
10:32:38 iOuC,304,102446,64814,-83,9
10:32:39 iOuC,304,102446,64814,-77,9
10:32:40 iOuC,304,102446,64821,-95,8
10:32:41 iOuC,305,102446,64815,-96,8
10:32:42 iOuC,304,102444,64834,-91,8
10:32:43 iOuC,305,102444,64809,-89,9
10:32:44 iOuC,304,102444,64827,-98,7
10:32:45 iOuC,305,102446,64809,-90,8
10:32:46 iOuC,305,102446,64809,-91,8
10:32:47 iOuC,304,102446,64827,-93,8
10:32:48 iOuC,305,102446,64822,-92,8
10:32:49 iOuC,305,102446,64809,-96,7
10:32:50 iOuC,304,102446,64834,-94,8
10:32:51 iOuC,305,102446,64815,-97,7
10:32:52 iOuC,305,102446,64815,-101,6
10:32:53 iOuC,305,102446,64815,-86,9
10:32:54 iOuC,305,102446,64809,-90,8
10:32:55 iOuC,304,102446,64821,-88,8
10:32:56 iOuC,304,102446,64821,-92,8
10:32:57 iOuC,304,102446,64821,-100,6
10:32:58 iOuC,305,102446,64802,-92,8
10:33:00 iOuC,305,102446,64809,-82,9
10:33:01 iOuC,305,102446,64795,-89,9
10:33:02 iOuC,305,102444,64809,-85,9
10:33:03 iOuC,305,102444,64809,-86,9
10:33:04 iOuC,305,102446,64815,-84,8
10:33:05 iOuC,305,102446,64802,-82,9
10:33:06 iOuC,305,102446,64802,-80,8
10:33:07 iOuC,305,102444,64802,-82,9
10:33:08 iOuC,305,102444,64802,-80,9
10:33:09 iOuC,305,102444,64802,-82,8
10:33:10 iOuC,305,102444,64795,-82,8
10:33:11 iOuC,305,102444,64795,-90,8
10:33:12 iOuC,305,102444,64789,-98,7
10:33:13 iOuC,305,102444,64802,-83,9
10:33:14 iOuC,305,102446,64809,-83,9
10:33:15 iOuC,305,102446,64789,-96,7
10:33:16 iOuC,305,102444,64802,-91,8
10:33:17 iOuC,305,102444,64795,-91,8
10:33:18 iOuC,305,102444,64795,-86,8
10:33:19 iOuC,305,102444,64802,-85,8
10:33:20 iOuC,305,102444,64789,-83,10
10:33:21 iOuC,305,102444,64795,-83,9
10:33:22 iOuC,305,102444,64795,-81,8
10:33:23 iOuC,305,102442,64789,-81,8
10:33:25 iOuC,305,102442,64795,-81,8
10:33:26 iOuC,305,102442,64789,-82,9
10:33:27 iOuC,305,102442,64789,-83,9
10:33:28 iOuC,305,102442,64789,-81,8
10:33:29 iOuC,305,102442,64795,-83,10
10:33:30 iOuC,305,102442,64782,-82,8
10:33:31 iOuC,305,102442,64789,-83,8
10:33:32 iOuC,305,102440,64795,-85,8
10:33:33 iOuC,305,102440,64802,-82,9
10:33:34 iOuC,305,102440,64802,-82,9
10:33:35 iOuC,305,102440,64789,-82,9
10:33:36 iOuC,305,102440,64782,-84,8
10:33:37 iOuC,305,102440,64795,-85,9
10:33:38 iOuC,305,102440,64802,-85,8
10:33:39 iOuC,305,102440,64795,-86,9
10:33:40 iOuC,305,102440,64795,-80,9
10:33:41 iOuC,306,102440,64782,-87,9
10:33:42 iOuC,305,102440,64802,-92,8
10:33:43 iOuC,306,102440,64789,-92,8
10:33:44 iOuC,306,102440,64789,-94,8
10:33:45 iOuC,306,102440,64789,-98,7
10:33:46 iOuC,306,102438,64789,-102,5
10:33:47 iOuC,306,102438,64795,-98,7
10:33:48 iOuC,306,102438,64795,-83,9
10:33:50 iOuC,306,102438,64795,-86,9
10:33:51 iOuC,306,102440,64782,-96,8
10:33:52 iOuC,306,102440,64802,-89,9
10:33:53 iOuC,306,102440,64789,-86,9
10:33:54 iOuC,306,102440,64789,-97,7
10:33:55 iOuC,306,102440,64795,-100,7
10:33:58 Event RX Timeout,,,,
10:34:00 iOuC,307,102442,64841,-92,8
10:34:01 iOuC,305,102440,64795,-89,9
10:34:02 iOuC,305,102440,64802,-86,9
10:34:03 iOuC,305,102440,64795,-85,9
10:34:04 iOuC,305,102442,64782,-85,9
10:34:05 iOuC,305,102440,64795,-84,8
10:34:06 iOuC,305,102440,64795,-86,9
10:34:07 iOuC,305,102440,64795,-88,8
10:34:08 iOuC,306,102440,64795,-91,8
10:34:09 iOuC,306,102440,64789,-81,8
10:34:10 iOuC,306,102440,64795,-92,8
10:34:11 iOuC,306,102442,64795,-91,9
10:34:12 iOuC,306,102440,64782,-95,8
10:34:13 iOuC,306,102440,64789,-96,8
10:34:14 iOuC,306,102440,64795,-87,8
10:34:15 iOuC,306,102440,64769,-89,8
10:34:16 iOuC,306,102440,64789,-88,8
10:34:17 iOuC,306,102440,64789,-98,7
10:34:18 iOuC,306,102440,64795,-89,8
10:34:19 iOuC,306,102438,64789,-96,9
10:34:20 iOuC,306,102438,64789,-82,8
10:34:21 iOuC,306,102438,64782,-83,8
10:34:22 iOuC,306,102438,64775,-82,9
10:34:23 iOuC,306,102436,64775,-84,8
10:34:25 iOuC,306,102436,64789,-83,9
10:34:26 iOuC,306,102436,64795,-89,9
10:34:27 iOuC,306,102436,64795,-84,8
10:34:28 iOuC,306,102436,64782,-85,9
10:34:29 iOuC,306,102436,64775,-85,8
10:34:30 iOuC,306,102436,64775,-80,8
10:34:31 iOuC,306,102436,64775,-82,8
10:34:32 iOuC,306,102436,64775,-82,9
10:34:33 iOuC,306,102434,64769,-82,8
10:34:34 iOuC,306,102434,64769,-89,9
10:34:35 iOuC,306,102434,64769,-86,8
10:34:36 iOuC,306,102434,64782,-88,8
10:34:37 iOuC,306,102434,64769,-86,8
10:34:38 iOuC,306,102434,64775,-93,8
10:34:39 iOuC,306,102434,64775,-93,8
10:34:40 iOuC,306,102434,64775,-86,8
10:34:41 iOuC,306,102434,64789,-85,9
10:34:42 iOuC,306,102434,64762,-84,8
10:34:43 iOuC,306,102434,64769,-85,10
10:34:44 iOuC,306,102432,64769,-85,9
10:34:45 iOuC,306,102434,64769,-86,9
10:34:46 iOuC,306,102434,64756,-88,8
10:34:47 iOuC,306,102434,64769,-87,8
10:34:48 iOuC,306,102434,64769,-89,8
10:34:50 iOuC,306,102434,64769,-82,9
10:34:51 iOuC,306,102430,64769,-82,8
10:34:52 iOuC,306,102430,64762,-82,8
10:34:53 iOuC,306,102430,64756,-81,8
10:34:54 iOuC,306,102430,64775,-86,9
10:34:55 iOuC,306,102430,64756,-86,8
10:34:56 iOuC,306,102430,64769,-91,8
10:34:57 iOuC,305,102432,64742,-85,9
10:34:58 iOuC,306,102430,64756,-87,8
10:34:59 iOuC,306,102430,64762,-81,8
10:35:00 iOuC,306,102430,64756,-82,8
10:35:01 iOuC,306,102430,64749,-83,8
10:35:02 iOuC,306,102428,64756,-78,8
10:35:03 iOuC,306,102428,64769,-81,9
10:35:04 iOuC,306,102428,64769,-84,9
10:35:08 Event RX Timeout,,,,
10:35:11 Event RX Timeout,,,,
10:35:15 Event RX Timeout,,,,
10:35:19 Event RX Timeout,,,,
10:35:23 Event RX Timeout,,,,
10:35:26 Event RX Timeout,,,,
10:35:30 Event RX Timeout,,,,
10:35:34 Event RX Timeout,,,,
10:35:38 Event RX Timeout,,,,
10:35:42 Event RX Timeout,,,,
10:35:45 Event RX Timeout,,,,
10:35:49 Event RX Timeout,,,,
10:35:53 Event RX Timeout,,,,
10:35:57 Event RX Timeout,,,,
10:36:00 Event RX Timeout,,,,
10:36:04 Event RX Timeout,,,,
10:36:08 Event RX Timeout,,,,
10:36:12 Event RX Timeout,,,,
10:36:16 Event RX Timeout,,,,
10:36:19 Event RX Timeout,,,,
10:36:23 Event RX Timeout,,,,
10:36:27 Event RX Timeout,,,,
10:36:31 Event RX Timeout,,,,
10:36:34 Event RX Timeout,,,,
10:36:38 Event RX Timeout,,,,
10:36:42 Event RX Timeout,,,,
10:36:46 Event RX Timeout,,,,
10:36:50 Event RX Timeout,,,,
10:36:53 Event RX Timeout,,,,
10:36:57 Event RX Timeout,,,,
10:37:01 Event RX Timeout,,,,
10:37:05 Event RX Timeout,,,,
10:37:08 Event RX Timeout,,,,
10:37:12 Event RX Timeout,,,,
10:37:16 Event RX Timeout,,,,
10:37:20 Event RX Timeout,,,,
10:37:24 Event RX Timeout,,,,
10:37:27 Event RX Timeout,,,,
10:37:31 Event RX Timeout,,,,
10:37:35 Event RX Timeout,,,,
10:37:39 Event RX Timeout,,,,
10:37:42 Event RX Timeout,,,,
10:37:46 Event RX Timeout,,,,
10:37:50 Event RX Timeout,,,,
10:37:54 Event RX Timeout,,,,
10:37:58 Event RX Timeout,,,,
10:38:01 Event RX Timeout,,,,
10:38:05 Event RX Timeout,,,,
10:38:09 Event RX Timeout,,,,
10:38:13 Event RX Timeout,,,,
10:38:16 Event RX Timeout,,,,
10:38:20 Event RX Timeout,,,,
10:38:24 Event RX Timeout,,,,
10:38:28 Event RX Timeout,,,,
10:38:32 Event RX Timeout,,,,
10:38:35 Event RX Timeout,,,,
10:38:39 Event RX Timeout,,,,
10:38:43 Event RX Timeout,,,,
10:38:47 Event RX Timeout,,,,
10:38:50 Event RX Timeout,,,,
10:38:54 Event RX Timeout,,,,
10:38:58 Event RX Timeout,,,,
10:39:02 Event RX Timeout,,,,
10:39:06 Event RX Timeout,,,,
10:39:09 Event RX Timeout,,,,
10:39:13 Event RX Timeout,,,,
10:39:17 Event RX Timeout,,,,
10:39:21 Event RX Timeout,,,,
10:39:24 Event RX Timeout,,,,
10:39:28 Event RX Timeout,,,,
10:39:32 Event RX Timeout,,,,
10:39:36 Event RX Timeout,,,,
10:39:40 Event RX Timeout,,,,
10:39:43 Event RX Timeout,,,,
10:39:47 Event RX Timeout,,,,
10:39:51 Event RX Timeout,,,,
10:39:55 Event RX Timeout,,,,
10:39:58 Event RX Timeout,,,,
10:40:02 Event RX Timeout,,,,
10:40:06 Event RX Timeout,,,,
10:40:10 Event RX Timeout,,,,
10:40:14 Event RX Timeout,,,,
10:40:17 Event RX Timeout,,,,
10:40:21 Event RX Timeout,,,,
10:40:25 Event RX Timeout,,,,
10:40:29 Event RX Timeout,,,,
10:40:32 Event RX Timeout,,,,
10:40:36 Event RX Timeout,,,,
10:40:40 Event RX Timeout,,,,
10:40:44 Event RX Timeout,,,,
10:40:48 Event RX Timeout,,,,
10:40:51 Event RX Timeout,,,,
10:40:55 Event RX Timeout,,,,
10:40:59 Event RX Timeout,,,,
10:41:03 Event RX Timeout,,,,
10:41:06 Event RX Timeout,,,,
10:41:10 Event RX Timeout,,,,
10:41:14 Event RX Timeout,,,,
10:41:18 Event RX Timeout,,,,
10:41:22 Event RX Timeout,,,,
10:41:25 Event RX Timeout,,,,
10:41:29 Event RX Timeout,,,,
10:41:33 Event RX Timeout,,,,
10:41:37 Event RX Timeout,,,,
10:41:40 Event RX Timeout,,,,
10:41:44 Event RX Timeout,,,,
10:41:48 Event RX Timeout,,,,
10:41:52 Event RX Timeout,,,,
10:41:56 Event RX Timeout,,,,
10:41:59 Event RX Timeout,,,,
10:42:03 Event RX Timeout,,,,
10:42:07 Event RX Timeout,,,,
10:42:11 Event RX Timeout,,,,
10:42:14 Event RX Timeout,,,,
10:42:18 Event RX Timeout,,,,
10:42:22 Event RX Timeout,,,,
10:42:26 Event RX Timeout,,,,
10:42:30 Event RX Timeout,,,,
10:42:33 Event RX Timeout,,,,
10:42:49 Event RX Timeout,,,,
10:42:53 Event RX Timeout,,,,
10:42:55 iOuC,301,102419,65288,-101,5
10:42:56 iOuC,301,102419,65249,-103,4
10:42:57 iOuC,302,102417,65262,-102,5
10:42:58 iOuC,302,102419,65262,-108,-2
10:42:59 iOuC,303,102417,65258,-110,-11
10:43:01 iOuC,304,102415,65278,-108,-2
10:43:02 iOuC,304,102415,65265,-108,-3
10:43:03 iOuC,305,102415,65246,-106,2
10:43:04 iOuC,305,102415,65252,-106,1
10:43:05 iOuC,306,102415,65246,-105,3
10:43:06 iOuC,306,102417,65259,-104,3
10:43:07 iOuC,306,102417,65266,-103,4
10:43:08 iOuC,307,102417,65278,-104,4
10:43:09 iOuC,307,102415,65265,-103,5
10:43:10 iOuC,307,102415,65265,-103,5
10:43:11 iOuC,307,102415,65258,-109,-4
10:43:12 iOuC,308,102417,65265,-108,-3
10:43:13 iOuC,308,102417,65271,-106,1
10:43:14 iOuC,308,102417,65258,-106,2
10:43:15 iOuC,308,102415,65251,-108,-1
10:43:16 iOuC,308,102415,65265,-105,2
10:43:17 iOuC,309,102417,65257,-104,4
10:43:18 iOuC,309,102417,65244,-104,3
10:43:19 iOuC,309,102417,65244,-106,2
10:43:20 iOuC,309,102417,65264,-106,2
10:43:21 Event RX Error,,,,
10:43:23 iOuC,309,102420,65257,-107,-4
10:43:24 iOuC,309,102417,65250,-108,-3
10:43:25 iOuC,309,102417,65244,-109,-4
10:43:26 iOuC,309,102420,65244,-109,-5
10:43:27 iOuC,309,102422,65250,-109,-3
10:43:29 iOuC,309,102420,65244,-109,-3
10:43:30 iOuC,309,102420,65250,-110,-6
10:43:33 Event RX Timeout,,,,
10:43:35 iOuC,311,102420,65296,-101,5
10:43:36 iOuC,310,102420,65227,-104,4
10:43:37 iOuC,309,102420,65231,-104,4
10:43:38 iOuC,310,102419,65247,-102,5
10:43:39 iOuC,310,102419,65247,-104,4
10:43:40 iOuC,310,102419,65240,-105,4
10:43:41 iOuC,310,102417,65240,-107,2
10:43:42 iOuC,310,102417,65234,-105,3
10:43:43 iOuC,310,102417,65234,-104,3
10:43:44 iOuC,310,102417,65240,-105,4
10:43:45 iOuC,310,102417,65240,-102,5
10:43:46 iOuC,310,102417,65240,-109,-4
10:43:47 iOuC,310,102417,65240,-109,-3
10:43:49 iOuC,310,102417,65234,-108,-2
10:43:50 iOuC,310,102417,65234,-107,-2
10:43:51 iOuC,310,102417,65240,-106,2
10:43:52 iOuC,310,102417,65220,-108,-2
10:43:53 iOuC,310,102419,65240,-107,0
10:43:54 iOuC,310,102417,65240,-109,-2
10:43:55 iOuC,310,102417,65227,-105,4
10:43:56 iOuC,310,102419,65220,-105,4
10:43:57 iOuC,310,102419,65227,-105,4
10:43:58 iOuC,310,102419,65227,-106,2
10:43:59 iOuC,310,102419,65227,-109,-5
10:44:00 iOuC,310,102419,65227,-110,-7
10:44:01 iOuC,310,102419,65220,-109,-4
10:44:02 iOuC,310,102420,65227,-107,-1
10:44:03 iOuC,310,102420,65214,-108,-1
10:44:04 iOuC,310,102420,65214,-109,-2
10:44:05 iOuC,310,102420,65220,-108,-1
10:44:06 iOuC,310,102420,65207,-109,-3
10:44:07 iOuC,310,102420,65220,-109,-3
10:44:08 iOuC,310,102420,65214,-108,-2
10:44:09 iOuC,310,102420,65194,-104,4
10:44:10 iOuC,310,102420,65207,-105,2
10:44:11 iOuC,310,102420,65200,-104,4
10:44:13 iOuC,310,102419,65207,-102,5
10:44:14 iOuC,310,102419,65200,-103,5
10:44:15 iOuC,310,102419,65200,-103,5
10:44:16 iOuC,310,102420,65200,-104,4
10:44:17 iOuC,310,102419,65214,-103,5
10:44:18 iOuC,310,102419,65194,-103,5
10:44:19 iOuC,310,102419,65200,-103,5
10:44:20 iOuC,310,102419,65194,-103,5
10:44:21 iOuC,310,102419,65200,-102,5
10:44:22 iOuC,310,102419,65200,-104,4
10:44:23 iOuC,310,102419,65194,-104,4
10:44:24 iOuC,310,102419,65194,-104,4
10:44:25 iOuC,310,102420,65214,-104,5
10:44:26 iOuC,310,102419,65207,-105,3
10:44:27 iOuC,310,102420,65200,-105,4
10:44:28 iOuC,310,102420,65194,-106,3
10:44:29 iOuC,310,102419,65194,-107,1
10:44:30 iOuC,310,102420,65200,-106,2
10:44:31 iOuC,310,102419,65194,-106,2
10:44:32 iOuC,310,102420,65200,-107,0
10:44:33 iOuC,310,102420,65200,-108,-2
10:44:34 iOuC,310,102420,65194,-109,-5
10:44:35 iOuC,310,102420,65187,-104,4
10:44:37 iOuC,310,102420,65194,-106,1
10:44:38 iOuC,310,102420,65207,-107,1
10:44:39 iOuC,310,102420,65194,-110,-7
10:44:42 Event RX Timeout,,,,
10:44:44 iOuC,311,102420,65234,-106,3
10:44:45 iOuC,309,102422,65197,-106,2
10:44:46 iOuC,309,102417,65197,-108,-1
10:44:47 iOuC,309,102417,65197,-109,-3
10:44:48 iOuC,309,102417,65184,-110,-6
10:44:49 iOuC,309,102420,65191,-106,3
10:44:50 iOuC,309,102420,65191,-108,-1
10:44:51 iOuC,309,102420,65191,-107,0
10:44:52 iOuC,310,102420,65194,-107,0
10:44:53 iOuC,310,102420,65194,-108,-3
10:44:54 iOuC,310,102420,65187,-106,2
10:44:55 iOuC,310,102420,65187,-106,2
10:44:57 iOuC,310,102422,65194,-106,2
10:44:58 iOuC,310,102422,65194,-106,1
10:44:59 iOuC,310,102420,65187,-104,4
10:45:00 iOuC,310,102420,65194,-103,5
10:45:01 iOuC,310,102420,65194,-103,5
10:45:02 iOuC,310,102420,65194,-102,5
10:45:03 iOuC,310,102420,65180,-103,5
10:45:04 iOuC,310,102420,65187,-102,5
10:45:05 iOuC,310,102420,65180,-104,4
10:45:06 iOuC,310,102420,65187,-102,5
10:45:07 iOuC,310,102420,65187,-102,5
10:45:08 iOuC,310,102420,65180,-102,5
10:45:09 iOuC,310,102420,65187,-101,6
10:45:10 iOuC,310,102420,65174,-103,5
10:45:11 iOuC,310,102420,65180,-103,5
10:45:12 iOuC,310,102420,65174,-104,4
10:45:13 iOuC,310,102420,65167,-104,4
10:45:14 iOuC,310,102420,65187,-102,5
10:45:15 iOuC,310,102420,65174,-103,5
10:45:16 iOuC,310,102420,65187,-102,5
10:45:17 iOuC,310,102420,65167,-103,5
10:45:18 iOuC,310,102420,65174,-103,5
10:45:19 iOuC,310,102420,65180,-101,6
10:45:21 iOuC,310,102420,65174,-101,7
10:45:22 iOuC,310,102420,65167,-101,7
10:45:23 iOuC,310,102420,65167,-101,7
10:45:24 iOuC,310,102420,65174,-102,5
10:45:25 iOuC,310,102420,65174,-103,5
10:45:26 iOuC,310,102420,65174,-103,5
10:45:27 iOuC,310,102420,65174,-104,4
10:45:28 iOuC,310,102420,65167,-104,4
10:45:29 iOuC,310,102420,65161,-103,5
10:45:30 iOuC,310,102422,65161,-102,5
10:45:31 iOuC,311,102422,65174,-101,6
10:45:32 iOuC,311,102420,65174,-102,5
10:45:33 iOuC,311,102420,65180,-102,5
10:45:34 iOuC,311,102422,65174,-103,5
10:45:35 iOuC,310,102422,65167,-102,5
10:45:36 iOuC,310,102420,65187,-102,5
10:45:37 iOuC,311,102422,65174,-102,5
10:45:38 iOuC,311,102422,65180,-105,3
10:45:39 iOuC,311,102422,65167,-103,4
10:45:40 iOuC,311,102420,65174,-103,5
10:45:41 iOuC,311,102420,65161,-103,5
10:45:42 iOuC,311,102420,65161,-104,4
10:45:43 iOuC,311,102420,65174,-103,5
10:45:45 iOuC,311,102420,65174,-104,4
10:45:46 iOuC,311,102420,65180,-104,4
10:45:47 iOuC,311,102420,65167,-104,4
10:45:48 iOuC,311,102420,65174,-104,4
10:45:49 iOuC,311,102420,65180,-104,4
10:45:50 iOuC,311,102420,65174,-106,3
10:45:51 iOuC,311,102420,65167,-104,4
10:45:52 iOuC,311,102420,65180,-104,4
10:45:53 iOuC,311,102422,65174,-106,3
10:45:54 iOuC,311,102420,65174,-106,3
10:45:55 iOuC,311,102420,65187,-104,4
10:45:56 iOuC,311,102420,65167,-102,5
10:45:57 iOuC,311,102420,65180,-103,5
10:45:58 iOuC,311,102419,65187,-102,5
10:45:59 iOuC,311,102419,65167,-104,4
10:46:00 iOuC,311,102419,65161,-109,-3
10:46:01 Event RX Error,,,,
10:46:03 iOuC,311,102419,65161,-109,-6
10:46:04 iOuC,311,102419,65167,-109,-5
10:46:08 Event RX Timeout,,,,
10:46:10 iOuC,312,102420,65226,-109,-3
10:46:13 Event RX Timeout,,,,
10:46:15 iOuC,312,102419,65226,-106,2
10:46:16 iOuC,311,102419,65194,-105,3
10:46:17 iOuC,310,102417,65187,-106,2
10:46:18 iOuC,310,102417,65194,-106,2
10:46:19 iOuC,310,102415,65200,-104,3
10:46:20 iOuC,310,102415,65207,-105,3
10:46:21 iOuC,310,102415,65194,-105,2
10:46:22 iOuC,311,102415,65207,-104,4
10:46:23 iOuC,311,102415,65194,-105,3
10:46:24 Event RX Error,,,,
10:46:26 iOuC,311,102413,65200,-106,1
10:46:27 iOuC,310,102411,65194,-106,3
10:46:28 iOuC,310,102411,65200,-103,5
10:46:29 iOuC,310,102411,65194,-105,4
10:46:30 iOuC,311,102411,65194,-107,1
10:46:31 iOuC,311,102411,65180,-103,4
10:46:32 iOuC,311,102411,65207,-102,5
10:46:33 iOuC,311,102413,65194,-105,2
10:46:35 iOuC,311,102411,65200,-102,5
10:46:36 iOuC,311,102411,65194,-102,6
10:46:37 iOuC,311,102411,65187,-110,-4
10:46:38 iOuC,311,102411,65200,-108,-2
10:46:39 iOuC,311,102411,65180,-106,2
10:46:40 iOuC,311,102411,65194,-107,1
10:46:41 iOuC,311,102411,65180,-107,0
10:46:42 iOuC,311,102411,65187,-104,4
10:46:43 iOuC,311,102411,65180,-102,5
10:46:44 iOuC,311,102411,65180,-104,5
10:46:45 iOuC,311,102409,65187,-105,3
10:46:46 iOuC,311,102409,65187,-104,4
10:46:47 iOuC,311,102411,65180,-103,6
10:46:48 iOuC,311,102409,65180,-102,5
10:46:49 iOuC,311,102411,65174,-103,5
10:46:50 iOuC,311,102411,65174,-103,5
10:46:51 iOuC,311,102411,65187,-104,4
10:46:52 iOuC,311,102411,65174,-103,5
10:46:53 iOuC,311,102413,65174,-102,5
10:46:54 iOuC,311,102411,65187,-104,4
10:46:55 iOuC,311,102411,65180,-105,3
10:46:56 iOuC,311,102411,65167,-106,1
10:46:57 iOuC,311,102411,65180,-103,4
10:46:59 iOuC,311,102411,65174,-104,4
10:47:00 iOuC,311,102411,65167,-109,-1
10:47:01 iOuC,311,102411,65174,-109,-6
10:47:02 iOuC,311,102409,65174,-104,4
10:47:03 iOuC,311,102409,65167,-104,4
10:47:04 iOuC,311,102409,65161,-105,3
10:47:05 iOuC,311,102409,65167,-105,3
10:47:06 iOuC,311,102409,65167,-105,4
10:47:07 iOuC,311,102409,65167,-103,5
10:47:08 iOuC,311,102411,65167,-106,3
10:47:09 iOuC,311,102409,65174,-106,1
10:47:10 iOuC,311,102411,65161,-105,3
10:47:11 iOuC,311,102411,65161,-106,3
10:47:12 iOuC,311,102411,65161,-104,3
10:47:13 iOuC,311,102411,65154,-104,4
10:47:14 iOuC,311,102409,65161,-107,1
10:47:15 iOuC,311,102409,65161,-106,2
10:47:16 iOuC,311,102409,65167,-106,4
10:47:17 iOuC,312,102411,65173,-106,2
10:47:18 iOuC,311,102409,65161,-106,3
10:47:19 iOuC,311,102409,65161,-108,0
10:47:20 iOuC,312,102409,65173,-107,-1
10:47:21 iOuC,312,102409,65153,-108,-1
10:47:23 iOuC,312,102409,65166,-107,-1
10:47:24 iOuC,312,102409,65166,-108,-3
10:47:25 iOuC,312,102409,65166,-106,2
10:47:26 iOuC,312,102407,65166,-103,5
10:47:27 iOuC,312,102407,65173,-104,4
10:47:28 iOuC,312,102407,65173,-106,3
10:47:29 iOuC,312,102407,65179,-106,2
10:47:30 iOuC,312,102407,65153,-103,5
10:47:31 iOuC,312,102405,65166,-104,4
10:47:32 iOuC,312,102407,65173,-103,5
10:47:33 iOuC,312,102405,65173,-104,4
10:47:34 iOuC,312,102405,65166,-103,5
10:47:35 iOuC,312,102405,65160,-109,-5
10:47:36 iOuC,312,102405,65166,-108,0
10:47:37 iOuC,312,102405,65166,-109,-3
10:47:38 iOuC,312,102405,65166,-107,0
10:47:39 iOuC,312,102405,65160,-107,1
10:47:40 iOuC,312,102405,65153,-110,-5
10:47:41 iOuC,312,102405,65160,-109,-3
10:47:42 iOuC,312,102405,65173,-102,5
10:47:43 iOuC,312,102405,65179,-102,5
10:47:44 iOuC,313,102405,65166,-100,6
10:47:45 iOuC,312,102405,65173,-107,0
10:47:47 iOuC,312,102405,65173,-103,4
10:47:48 iOuC,312,102405,65166,-103,5
10:47:49 iOuC,312,102405,65173,-105,3
10:47:50 iOuC,312,102407,65173,-103,5
10:47:51 iOuC,312,102407,65173,-103,5
10:47:52 iOuC,312,102407,65166,-104,4
10:47:53 iOuC,312,102407,65166,-104,3
10:47:54 iOuC,312,102407,65173,-103,5
10:47:55 iOuC,312,102405,65160,-102,5
10:47:56 iOuC,312,102405,65160,-104,4
10:47:57 iOuC,312,102407,65166,-103,4
10:47:58 iOuC,312,102407,65179,-104,4
10:47:59 iOuC,312,102407,65146,-102,5
10:48:00 iOuC,312,102407,65179,-103,5
10:48:01 iOuC,312,102405,65166,-104,4
10:48:02 iOuC,312,102405,65166,-105,4
10:48:03 iOuC,312,102405,65153,-107,1
10:48:04 iOuC,312,102405,65166,-104,4
10:48:05 iOuC,312,102405,65153,-108,1
10:48:06 iOuC,312,102405,65166,-107,-1
10:48:07 iOuC,312,102405,65166,-109,-3
10:48:08 iOuC,312,102403,65153,-109,-4
10:48:09 iOuC,312,102403,65166,-108,-2
10:48:11 iOuC,313,102403,65166,-108,-3
10:48:12 iOuC,313,102403,65166,-109,-5
10:48:13 iOuC,312,102403,65173,-108,0
10:48:14 iOuC,313,102403,65173,-105,3
10:48:15 iOuC,313,102403,65166,-104,4
10:48:16 iOuC,313,102403,65173,-104,4
10:48:17 iOuC,313,102403,65166,-103,5
10:48:18 iOuC,313,102403,65179,-103,5
10:48:19 iOuC,313,102403,65173,-103,5
10:48:20 iOuC,313,102403,65173,-103,5
10:48:21 iOuC,313,102403,65179,-104,5
10:48:22 iOuC,313,102403,65173,-104,4
10:48:23 iOuC,313,102403,65173,-102,5
10:48:24 iOuC,313,102401,65179,-102,5
10:48:25 iOuC,313,102401,65173,-104,4
10:48:26 iOuC,313,102401,65179,-103,5
10:48:27 iOuC,313,102401,65173,-101,6
10:48:28 iOuC,313,102403,65173,-102,5
10:48:29 iOuC,313,102399,65179,-101,5
10:48:30 iOuC,313,102399,65179,-102,5
10:48:31 iOuC,313,102399,65173,-101,6
10:48:32 iOuC,313,102399,65173,-101,5
10:48:33 iOuC,313,102403,65179,-102,5
10:48:35 iOuC,313,102401,65179,-101,7
10:48:36 iOuC,313,102401,65193,-101,6
10:48:37 iOuC,313,102403,65179,-101,6
10:48:38 iOuC,313,102403,65179,-102,5
10:48:39 iOuC,313,102403,65179,-103,5
10:48:40 iOuC,313,102401,65173,-106,2
10:48:41 Event RX Error,,,,
10:48:43 iOuC,313,102403,65186,-109,-7
10:48:44 iOuC,313,102405,65186,-110,-3
10:48:47 Event RX Timeout,,,,
10:48:51 Event RX Timeout,,,,
10:48:56 Event RX Timeout,,,,
10:49:00 Event RX Timeout,,,,
10:49:04 Event RX Timeout,,,,
10:49:09 Event RX Timeout,,,,
10:49:13 Event RX Timeout,,,,
10:49:17 Event RX Timeout,,,,
10:49:22 Event RX Timeout,,,,
10:49:26 Event RX Timeout,,,,
10:49:30 Event RX Timeout,,,,
10:49:35 Event RX Timeout,,,,
10:49:39 Event RX Timeout,,,,
10:49:43 Event RX Timeout,,,,
10:49:47 Event RX Timeout,,,,
10:49:52 Event RX Timeout,,,,
10:49:56 Event RX Timeout,,,,
10:50:00 Event RX Timeout,,,,
10:50:05 Event RX Timeout,,,,
10:50:09 Event RX Timeout,,,,
10:50:13 Event RX Timeout,,,,
10:50:18 Event RX Timeout,,,,
10:50:22 Event RX Timeout,,,,
10:50:26 Event RX Timeout,,,,
10:50:31 Event RX Timeout,,,,
10:50:35 Event RX Timeout,,,,
10:50:39 Event RX Timeout,,,,
10:50:43 Event RX Timeout,,,,
10:50:48 Event RX Timeout,,,,
10:50:52 Event RX Timeout,,,,
10:50:56 Event RX Timeout,,,,
10:51:01 Event RX Timeout,,,,
10:51:05 Event RX Timeout,,,,
10:51:09 Event RX Timeout,,,,
10:51:14 Event RX Timeout,,,,
10:51:18 Event RX Timeout,,,,
10:51:22 Event RX Timeout,,,,
10:51:27 Event RX Timeout,,,,
10:51:31 Event RX Timeout,,,,
10:51:35 Event RX Timeout,,,,
10:51:39 Event RX Timeout,,,,
10:51:44 Event RX Timeout,,,,
10:51:48 Event RX Timeout,,,,
10:51:52 Event RX Timeout,,,,
10:51:57 Event RX Timeout,,,,
10:52:01 Event RX Timeout,,,,
10:52:05 Event RX Timeout,,,,
10:52:10 Event RX Timeout,,,,
10:52:14 Event RX Timeout,,,,
10:52:18 Event RX Timeout,,,,
10:52:22 Event RX Timeout,,,,
10:52:27 Event RX Timeout,,,,
10:52:31 Event RX Timeout,,,,
10:52:35 Event RX Timeout,,,,
10:52:40 Event RX Timeout,,,,
10:52:44 Event RX Timeout,,,,
10:52:48 Event RX Timeout,,,,
10:52:53 Event RX Timeout,,,,
10:52:57 Event RX Timeout,,,,
10:53:01 Event RX Timeout,,,,
10:53:06 Event RX Timeout,,,,
10:53:10 Event RX Timeout,,,,
10:53:14 Event RX Timeout,,,,
10:53:18 Event RX Timeout,,,,
10:53:23 Event RX Timeout,,,,
10:53:27 Event RX Timeout,,,,
10:53:31 Event RX Timeout,,,,
10:53:36 Event RX Timeout,,,,
10:53:40 Event RX Timeout,,,,
10:53:44 Event RX Timeout,,,,
10:53:49 Event RX Timeout,,,,
10:53:53 Event RX Timeout,,,,
10:53:57 Event RX Timeout,,,,
10:54:02 Event RX Timeout,,,,
10:54:06 Event RX Timeout,,,,
10:54:10 Event RX Timeout,,,,
10:54:14 Event RX Timeout,,,,
10:54:19 Event RX Timeout,,,,
10:54:23 Event RX Timeout,,,,
10:54:27 Event RX Timeout,,,,
10:54:32 Event RX Timeout,,,,
10:54:36 Event RX Timeout,,,,
10:54:40 Event RX Timeout,,,,
10:54:45 Event RX Timeout,,,,
10:54:49 Event RX Timeout,,,,
10:54:53 Event RX Timeout,,,,
10:54:58 Event RX Timeout,,,,
10:55:02 Event RX Timeout,,,,
10:55:06 Event RX Timeout,,,,
10:55:10 Event RX Timeout,,,,
10:55:15 Event RX Timeout,,,,
10:55:19 Event RX Timeout,,,,
10:55:23 Event RX Timeout,,,,
10:55:28 Event RX Timeout,,,,
10:55:32 Event RX Timeout,,,,
10:55:36 Event RX Timeout,,,,
10:55:41 Event RX Timeout,,,,
10:55:45 Event RX Timeout,,,,
10:55:49 Event RX Timeout,,,,
10:55:54 Event RX Timeout,,,,
10:55:58 Event RX Timeout,,,,
10:56:02 Event RX Timeout,,,,
10:56:06 Event RX Timeout,,,,
10:56:11 Event RX Timeout,,,,
10:56:15 Event RX Timeout,,,,
10:56:19 Event RX Timeout,,,,
10:56:24 Event RX Timeout,,,,
10:56:28 Event RX Timeout,,,,
10:56:32 Event RX Timeout,,,,
10:56:37 Event RX Timeout,,,,
10:56:41 Event RX Timeout,,,,
10:56:45 Event RX Timeout,,,,
10:56:49 Event RX Timeout,,,,
10:56:54 Event RX Timeout,,,,
10:56:58 Event RX Timeout,,,,
10:57:02 Event RX Timeout,,,,
10:57:07 Event RX Timeout,,,,
10:57:13 Event RX Timeout,,,,
10:57:17 Event RX Timeout,,,,
10:57:21 Event RX Timeout,,,,
10:57:25 Event RX Timeout,,,,
10:57:29 Event RX Timeout,,,,
10:57:32 Event RX Timeout,,,,
10:57:36 nX05,325,102409,65206,-111,-16
10:57:39 Event RX Timeout,,,,
10:57:42 Event RX Timeout,,,,
10:57:45 nX05,325,102411,65206,-111,-16
10:57:49 Event RX Timeout,,,,
10:57:50 nX05,325,102411,65206,-111,-16
10:57:53 Event RX Timeout,,,,
10:57:54 nX05,325,102409,65206,-111,-14
10:57:56 nX05,325,102407,65199,-110,-14
10:57:59 Event RX Timeout,,,,
10:58:00 Event RX Error,,,,
10:58:03 Event RX Timeout,,,,
10:58:06 Event RX Timeout,,,,
10:58:09 Event RX Error,,,,
10:58:12 Event RX Timeout,,,,
10:58:15 Event RX Timeout,,,,
10:58:18 Event RX Timeout,,,,
10:58:21 Event RX Timeout,,,,
10:58:23 nX05,327,102405,65216,-111,-13
10:58:26 Event RX Timeout,,,,
10:58:29 Event RX Timeout,,,,
10:58:32 Event RX Timeout,,,,
10:58:35 Event RX Timeout,,,,
10:58:38 Event RX Timeout,,,,
10:58:41 Event RX Timeout,,,,
10:58:44 Event RX Timeout,,,,
10:58:47 Event RX Timeout,,,,
10:58:50 Event RX Timeout,,,,
10:58:53 Event RX Timeout,,,,
10:58:56 Event RX Timeout,,,,
10:58:59 Event RX Timeout,,,,
10:59:02 Event RX Timeout,,,,
10:59:04 nX05,328,102397,65245,-111,-17
10:59:08 Event RX Timeout,,,,
10:59:11 Event RX Timeout,,,,
10:59:13 nX05,328,102399,65258,-111,-14
10:59:17 Event RX Timeout,,,,
10:59:18 nX05,328,102397,65265,-111,-16
10:59:21 Event RX Timeout,,,,
10:59:24 Event RX Timeout,,,,
10:59:27 nX05,329,102397,65261,-111,-16
10:59:30 Event RX Timeout,,,,
10:59:33 Event RX Timeout,,,,
10:59:36 Event RX Timeout,,,,
10:59:39 Event RX Timeout,,,,
10:59:42 Event RX Timeout,,,,
10:59:45 Event RX Timeout,,,,
10:59:48 Event RX Timeout,,,,
10:59:49 nX05,329,102397,65248,-111,-15
10:59:52 Event RX Timeout,,,,
10:59:55 Event RX Timeout,,,,
10:59:58 nX05,329,102397,65255,-111,-13
11:00:01 Event RX Timeout,,,,
11:00:02 nX05,329,102399,65248,-111,-12
11:00:05 Event RX Timeout,,,,
11:00:07 Event RX Error,,,,
11:00:10 Event RX Timeout,,,,
11:00:11 nX05,330,102401,65235,-111,-18
11:00:15 Event RX Timeout,,,,
11:00:16 Event RX Error,,,,
11:00:19 Event RX Timeout,,,,
11:00:20 nX05,329,102399,65241,-111,-18
11:00:24 Event RX Timeout,,,,
11:00:27 Event RX Timeout,,,,
11:00:29 Event RX Error,,,,
11:00:32 Event RX Timeout,,,,
11:00:33 nX05,328,102403,65209,-111,-18
11:00:37 Event RX Timeout,,,,
11:00:38 nX05,328,102403,65209,-111,-15
11:00:41 Event RX Timeout,,,,
11:00:44 Event RX Timeout,,,,
11:00:47 Event RX Timeout,,,,
11:00:50 Event RX Timeout,,,,
11:00:51 nX05,327,102401,65183,-111,-13
11:00:55 Event RX Timeout,,,,
11:00:58 Event RX Timeout,,,,
11:01:00 nX05,327,102399,65169,-111,-16
11:01:04 Event RX Timeout,,,,
11:01:05 nX05,327,102401,65176,-111,-17
11:01:08 Event RX Timeout,,,,
11:01:09 nX05,326,102401,65166,-111,-17
11:01:12 Event RX Timeout,,,,
11:01:15 Event RX Timeout,,,,
11:01:18 Event RX Timeout,,,,
11:01:21 Event RX Timeout,,,,
11:01:24 Event RX Timeout,,,,
11:01:27 Event RX Timeout,,,,
11:01:31 Event RX Timeout,,,,
11:01:31 nX05,326,102403,65146,-111,-17
11:01:35 Event RX Timeout,,,,
11:01:38 Event RX Timeout,,,,
11:01:41 Event RX Timeout,,,,
11:01:44 Event RX Timeout,,,,
11:01:47 Event RX Timeout,,,,
11:01:50 Event RX Timeout,,,,
11:01:53 Event RX Timeout,,,,
11:01:56 Event RX Timeout,,,,
11:01:59 Event RX Timeout,,,,
11:02:02 Event RX Timeout,,,,
11:02:05 Event RX Timeout,,,,
11:02:07 nX05,326,102405,65160,-111,-16
11:02:10 Event RX Timeout,,,,
11:02:13 Event RX Timeout,,,,
11:02:15 Event RX Error,,,,
11:02:18 Event RX Timeout,,,,
11:02:21 Event RX Timeout,,,,
11:02:24 Event RX Timeout,,,,
11:02:28 Event RX Timeout,,,,
11:02:31 Event RX Timeout,,,,
11:02:33 nX05,328,102403,65189,-111,-16
11:02:37 Event RX Timeout,,,,
11:02:38 nX05,328,102403,65202,-111,-17
11:02:41 Event RX Timeout,,,,
11:02:44 Event RX Timeout,,,,
11:02:46 Event RX Error,,,,
11:02:49 Event RX Timeout,,,,
11:02:53 Event RX Timeout,,,,
11:02:56 Event RX Timeout,,,,
11:02:59 Event RX Timeout,,,,
11:03:02 Event RX Timeout,,,,
11:03:05 Event RX Timeout,,,,
11:03:08 Event RX Timeout,,,,
11:03:11 Event RX Timeout,,,,
11:03:14 Event RX Timeout,,,,
